Namespace(batch=7, epochs=5, learning=1e-06, multilingual=False, test_set=['test_sets/pt_test_modified.tsv'], train_set=['main_labels_only/pt_FINAL.modified.tsv.gz'], treshold=0.5)
{'dev': Dataset({
    features: ['text', 'label'],
    num_rows: 1851
}),
 'test': Dataset({
    features: ['text', 'label'],
    num_rows: 332
}),
 'train': Dataset({
    features: ['text', 'label'],
    num_rows: 7404
})}
huggingface/tokenizers: The current process just got forked, after parallelism has already been used. Disabling parallelism to avoid deadlocks...
To disable this warning, you can either:
	- Avoid using `tokenizers` before the fork if possible
	- Explicitly set the environment variable TOKENIZERS_PARALLELISM=(true | false)
huggingface/tokenizers: The current process just got forked, after parallelism has already been used. Disabling parallelism to avoid deadlocks...
To disable this warning, you can either:
	- Avoid using `tokenizers` before the fork if possible
	- Explicitly set the environment variable TOKENIZERS_PARALLELISM=(true | false)
huggingface/tokenizers: The current process just got forked, after parallelism has already been used. Disabling parallelism to avoid deadlocks...
To disable this warning, you can either:
	- Avoid using `tokenizers` before the fork if possible
	- Explicitly set the environment variable TOKENIZERS_PARALLELISM=(true | false)
{'loss': 0.375, 'learning_rate': 8e-07, 'epoch': 1.0}
{'eval_loss': 0.3309188187122345, 'eval_f1': 0.0481283422459893, 'eval_roc_auc': 0.5121444872753773, 'eval_accuracy': 0.02710843373493976, 'eval_runtime': 10.6212, 'eval_samples_per_second': 31.258, 'eval_steps_per_second': 1.036, 'epoch': 1.0}
{'loss': 0.2976, 'learning_rate': 6e-07, 'epoch': 2.0}
{'eval_loss': 0.2748066782951355, 'eval_f1': 0.5683890577507599, 'eval_roc_auc': 0.7335260725313081, 'eval_accuracy': 0.4307228915662651, 'eval_runtime': 10.4076, 'eval_samples_per_second': 31.9, 'eval_steps_per_second': 1.057, 'epoch': 2.0}
{'loss': 0.2506, 'learning_rate': 4e-07, 'epoch': 3.0}
{'eval_loss': 0.25360676646232605, 'eval_f1': 0.6156111929307805, 'eval_roc_auc': 0.7639640028383484, 'eval_accuracy': 0.5180722891566265, 'eval_runtime': 10.4026, 'eval_samples_per_second': 31.915, 'eval_steps_per_second': 1.057, 'epoch': 3.0}
{'loss': 0.2278, 'learning_rate': 2e-07, 'epoch': 4.0}
{'eval_loss': 0.24461115896701813, 'eval_f1': 0.6294117647058823, 'eval_roc_auc': 0.7717047350555205, 'eval_accuracy': 0.536144578313253, 'eval_runtime': 10.4025, 'eval_samples_per_second': 31.915, 'eval_steps_per_second': 1.057, 'epoch': 4.0}
{'loss': 0.2186, 'learning_rate': 0.0, 'epoch': 5.0}
{'eval_loss': 0.24533379077911377, 'eval_f1': 0.6337209302325582, 'eval_roc_auc': 0.7763266402009859, 'eval_accuracy': 0.5331325301204819, 'eval_runtime': 10.3873, 'eval_samples_per_second': 31.962, 'eval_steps_per_second': 1.059, 'epoch': 5.0}
{'train_runtime': 4203.8481, 'train_samples_per_second': 8.806, 'train_steps_per_second': 1.258, 'train_loss': 0.27392297755567696, 'epoch': 5.0}
F1: 0.6666666666666667
