Namespace(batch=8, epochs=5, learning=1e-06, multilingual=False, test_set=['test_sets/pt_test_modified.tsv'], train_set=['main_labels_only/pt_FINAL.modified.tsv.gz'], treshold=0.4)
{'dev': Dataset({
    features: ['text', 'label'],
    num_rows: 1851
}),
 'test': Dataset({
    features: ['text', 'label'],
    num_rows: 332
}),
 'train': Dataset({
    features: ['text', 'label'],
    num_rows: 7404
})}
huggingface/tokenizers: The current process just got forked, after parallelism has already been used. Disabling parallelism to avoid deadlocks...
To disable this warning, you can either:
	- Avoid using `tokenizers` before the fork if possible
	- Explicitly set the environment variable TOKENIZERS_PARALLELISM=(true | false)
huggingface/tokenizers: The current process just got forked, after parallelism has already been used. Disabling parallelism to avoid deadlocks...
To disable this warning, you can either:
	- Avoid using `tokenizers` before the fork if possible
	- Explicitly set the environment variable TOKENIZERS_PARALLELISM=(true | false)
huggingface/tokenizers: The current process just got forked, after parallelism has already been used. Disabling parallelism to avoid deadlocks...
To disable this warning, you can either:
	- Avoid using `tokenizers` before the fork if possible
	- Explicitly set the environment variable TOKENIZERS_PARALLELISM=(true | false)
{'loss': 0.3784, 'learning_rate': 8e-07, 'epoch': 1.0}
{'eval_loss': 0.31498461961746216, 'eval_f1': 0.1702127659574468, 'eval_roc_auc': 0.5444330974435687, 'eval_accuracy': 0.0963855421686747, 'eval_runtime': 12.415, 'eval_samples_per_second': 26.742, 'eval_steps_per_second': 0.886, 'epoch': 1.0}
{'loss': 0.285, 'learning_rate': 6e-07, 'epoch': 2.0}
{'eval_loss': 0.25647860765457153, 'eval_f1': 0.6201780415430267, 'eval_roc_auc': 0.7650547532746486, 'eval_accuracy': 0.49096385542168675, 'eval_runtime': 10.2864, 'eval_samples_per_second': 32.276, 'eval_steps_per_second': 1.069, 'epoch': 2.0}
{'loss': 0.2429, 'learning_rate': 4e-07, 'epoch': 3.0}
{'eval_loss': 0.2357122153043747, 'eval_f1': 0.6695778748180495, 'eval_roc_auc': 0.7956461078188827, 'eval_accuracy': 0.5572289156626506, 'eval_runtime': 10.2895, 'eval_samples_per_second': 32.266, 'eval_steps_per_second': 1.069, 'epoch': 3.0}
{'loss': 0.2234, 'learning_rate': 2e-07, 'epoch': 4.0}
{'eval_loss': 0.22931765019893646, 'eval_f1': 0.6867816091954023, 'eval_roc_auc': 0.8080087451815201, 'eval_accuracy': 0.5783132530120482, 'eval_runtime': 10.2789, 'eval_samples_per_second': 32.299, 'eval_steps_per_second': 1.07, 'epoch': 4.0}
{'loss': 0.2139, 'learning_rate': 0.0, 'epoch': 5.0}
{'eval_loss': 0.22846640646457672, 'eval_f1': 0.6912181303116146, 'eval_roc_auc': 0.8137861266133517, 'eval_accuracy': 0.5783132530120482, 'eval_runtime': 11.7513, 'eval_samples_per_second': 28.252, 'eval_steps_per_second': 0.936, 'epoch': 5.0}
{'train_runtime': 4054.4916, 'train_samples_per_second': 9.131, 'train_steps_per_second': 1.142, 'train_loss': 0.2687246236121423, 'epoch': 5.0}
F1: 0.6912181303116146
