8
huggingface/tokenizers: The current process just got forked, after parallelism has already been used. Disabling parallelism to avoid deadlocks...
To disable this warning, you can either:
	- Avoid using `tokenizers` before the fork if possible
	- Explicitly set the environment variable TOKENIZERS_PARALLELISM=(true | false)
huggingface/tokenizers: The current process just got forked, after parallelism has already been used. Disabling parallelism to avoid deadlocks...
To disable this warning, you can either:
	- Avoid using `tokenizers` before the fork if possible
	- Explicitly set the environment variable TOKENIZERS_PARALLELISM=(true | false)
huggingface/tokenizers: The current process just got forked, after parallelism has already been used. Disabling parallelism to avoid deadlocks...
To disable this warning, you can either:
	- Avoid using `tokenizers` before the fork if possible
	- Explicitly set the environment variable TOKENIZERS_PARALLELISM=(true | false)
{'loss': 0.3382, 'learning_rate': 6.4e-06, 'epoch': 1.0}
{'eval_loss': 0.24330095946788788, 'eval_f1': 0.6662721893491125, 'eval_roc_auc': 0.7841237056108404, 'eval_accuracy': 0.567258883248731, 'eval_runtime': 24.3606, 'eval_samples_per_second': 32.347, 'eval_steps_per_second': 1.026, 'epoch': 1.0}
{'loss': 0.2248, 'learning_rate': 4.8e-06, 'epoch': 2.0}
{'eval_loss': 0.20887160301208496, 'eval_f1': 0.7183257918552036, 'eval_roc_auc': 0.8222334571372997, 'eval_accuracy': 0.6027918781725888, 'eval_runtime': 24.1947, 'eval_samples_per_second': 32.569, 'eval_steps_per_second': 1.033, 'epoch': 2.0}
{'loss': 0.1741, 'learning_rate': 3.2e-06, 'epoch': 3.0}
{'eval_loss': 0.20139259099960327, 'eval_f1': 0.7294250281848927, 'eval_roc_auc': 0.8292364875657278, 'eval_accuracy': 0.6205583756345178, 'eval_runtime': 24.0518, 'eval_samples_per_second': 32.763, 'eval_steps_per_second': 1.039, 'epoch': 3.0}
{'loss': 0.1424, 'learning_rate': 1.6e-06, 'epoch': 4.0}
{'eval_loss': 0.19557252526283264, 'eval_f1': 0.7411961989938513, 'eval_roc_auc': 0.8379224562962804, 'eval_accuracy': 0.6218274111675127, 'eval_runtime': 24.0653, 'eval_samples_per_second': 32.744, 'eval_steps_per_second': 1.039, 'epoch': 4.0}
{'loss': 0.1183, 'learning_rate': 0.0, 'epoch': 5.0}
{'eval_loss': 0.19505853950977325, 'eval_f1': 0.7480832420591457, 'eval_roc_auc': 0.8470816108629234, 'eval_accuracy': 0.6218274111675127, 'eval_runtime': 24.1771, 'eval_samples_per_second': 32.593, 'eval_steps_per_second': 1.034, 'epoch': 5.0}
{'train_runtime': 1174.4538, 'train_samples_per_second': 8.195, 'train_steps_per_second': 1.026, 'train_loss': 0.1995392732105809, 'epoch': 5.0}
F1: 0.7478070175438596

FreCore, treshold 0.4 gives similar results to 0.3, epoch 5 
(6 might be optimal but I'm still not quite at 77%, very close though unlike with swe)
