huggingface/tokenizers: The current process just got forked, after parallelism has already been used. Disabling parallelism to avoid deadlocks...
To disable this warning, you can either:
	- Avoid using `tokenizers` before the fork if possible
	- Explicitly set the environment variable TOKENIZERS_PARALLELISM=(true | false)
huggingface/tokenizers: The current process just got forked, after parallelism has already been used. Disabling parallelism to avoid deadlocks...
To disable this warning, you can either:
	- Avoid using `tokenizers` before the fork if possible
	- Explicitly set the environment variable TOKENIZERS_PARALLELISM=(true | false)
huggingface/tokenizers: The current process just got forked, after parallelism has already been used. Disabling parallelism to avoid deadlocks...
To disable this warning, you can either:
	- Avoid using `tokenizers` before the fork if possible
	- Explicitly set the environment variable TOKENIZERS_PARALLELISM=(true | false)
{'loss': 0.2615, 'learning_rate': 6.666666666666667e-06, 'epoch': 1.0}
{'eval_loss': 0.20615240931510925, 'eval_f1': 0.6977401129943503, 'eval_roc_auc': 0.8302956659860088, 'eval_accuracy': 0.5366774541531824, 'eval_runtime': 57.4014, 'eval_samples_per_second': 32.299, 'eval_steps_per_second': 1.01, 'epoch': 1.0}
{'loss': 0.1804, 'learning_rate': 3.3333333333333333e-06, 'epoch': 2.0}
{'eval_loss': 0.18112601339817047, 'eval_f1': 0.7412392666511951, 'eval_roc_auc': 0.8601493976783676, 'eval_accuracy': 0.5884573894282632, 'eval_runtime': 57.2409, 'eval_samples_per_second': 32.389, 'eval_steps_per_second': 1.013, 'epoch': 2.0}
{'loss': 0.1415, 'learning_rate': 0.0, 'epoch': 3.0}
{'eval_loss': 0.18141594529151917, 'eval_f1': 0.7498264290673455, 'eval_roc_auc': 0.8661279816216674, 'eval_accuracy': 0.6014023732470335, 'eval_runtime': 57.0939, 'eval_samples_per_second': 32.473, 'eval_steps_per_second': 1.016, 'epoch': 3.0}
{'train_runtime': 2513.6224, 'train_samples_per_second': 8.847, 'train_steps_per_second': 1.106, 'train_loss': 0.1944976225039891, 'epoch': 3.0}
F1: 0.792918057100482

JAPANESE MULTILABEL WITH TEST SET