Namespace(batch=8, epochs=5, learning=8e-06, test_set='test_sets/pt_test_modified.tsv', train_set='main_labels_only/all_translated.tsv.gz', treshold=0.3)
{'dev': Dataset({
    features: ['text', 'label'],
    num_rows: 7401
}),
 'test': Dataset({
    features: ['text', 'label'],
    num_rows: 332
}),
 'train': Dataset({
    features: ['text', 'label'],
    num_rows: 29603
})}
['IN', 'ID', None, 'HI', 'IN']
[['IN'], ['ID'], ['NA'], ['HI'], ['IN']]
[[0, 0, 1, 0, 0, 0, 0, 0], [0, 1, 0, 0, 0, 0, 0, 0], [0, 0, 0, 0, 0, 1, 0, 0],
 [1, 0, 0, 0, 0, 0, 0, 0], [0, 0, 1, 0, 0, 0, 0, 0]]
{'label': [[0, 0, 1, 0, 0, 0, 0, 0], [0, 1, 0, 0, 0, 0, 0, 0]],
 'text': ['Código fuente de la página Elder ( Kōga ) La función que solicita '
          'está restringida a los usuarios pertenecientes al siguiente grupo : '
          'usuarios . Puede ver y copiar el texto fuente de esta página : { { '
          'GDW-GDWO | nombre = Elder | nombre en japonés = 長老 | pronunciación '
          '= chooroo | significado = ( clan / pueblo ) elder | imagen = [ [ '
          'Image:Elder color .png|250px] ] [ [ Photo:Kurojakigdwm.jpg|250px] ] '
          '| residencia = [ Kōga] ] , [ Wikipedia : Prefectura de '
          'Shiga|Prefectura de Shiga] ] ( japonés 滋賀県・甲賀 ) | primera aparición '
          '= parte 12 | actor de voz = [ '
          'http://www.animenewsnetwork.com/encyclopedia / people .php?id=18568 '
          'Kan Tanaka ] | raza = | sexo = macho | peso = | altura = | color '
          'del pelaje = | ojos = azul | rasgos distintivos = ojo derecho '
          'perforado , cuerpo completo en forma de cono ( manga ) | edad-gdw = '
          '| alianza-gdw = [ Kōga] ]t , [ [ Tesshin ] ] | muerte-gdw = | '
          'edad-gdwo = | alianza-gdwo = [ [ [ Tsukikage ( Kōga ) | Tsukikage ] '
          "] , [ Toshimitsu ] ] , [ Orion ] | muerte-gdwo = } ' ' 'Elder ' ' ( "
          "jap. ' 'Chōrō ' ' ) es el miembro más antiguo de [ [ Kōga ninja "
          'dogs|Kōga ninja dogs] ] en [ [ Ginga Densetsu Weed] ]y [ Ginga '
          'Densetsu Weed : Orion] ]respectivamente. ==Ginga Densetsu Weed == '
          '===Manga== = Hace más de 10 años, el mayor fue uno de los [ [ '
          'Kurojaki] ]siete subordinados que saltaron con él a la ardiente [ [ '
          '[ Itō Iga-no-kami mansion|Itō mansion] ] Milagrosamente, el mayor '
          'sobrevivió, pero ya no tiene pelaje, sólo una piel rocosa. Al '
          'parecer, el Anciano criaba cachorros de perro ninja huérfanos y '
          'vivía con ellos en una cueva a la que se accedía a través de '
          '[[Gyōjanuma]]. Actuó como líder , pero cedió el papel al hijo de '
          'Kurojak, [ Tesshin] ]tras su regreso a Kōga . El anciano odia a [ [ '
          "Gin] ]y [ [ Guerreros de Ōu|Ōu's Warriors]] , y hace que Tesshin "
          'crea una mentira contada por [ [ Sniper|Murder S]] de que Kurojak '
          'fue asesinado por los Uōli . A pesar de su hostilidad, [ [ Weed] ] '
          'es capaz de llegar a un acuerdo con Tesshin , y se va con las '
          'tropas de Weed - aunque el Anciano no aprueba esto en absoluto . '
          'Cuando Tesshin sale a despedirse del Anciano, lo encuentra en las '
          'cataratas de Sennindaki . Los antepasados Kōgi se arrojaron a las '
          'cataratas cuando ya no pudieron cumplir con sus obligaciones . El '
          'Anciano no puede creer que Tesshin se haya unido a las fuerzas de '
          'Weed, pero cuando no puede convertir a Tesshin, [[Tsukikage ( Kōga '
          ') |Tsukikage]] o [ Toshimitsu]] a su lado, el Anciano decide '
          'contarles la verdad sobre la muerte de sus padres. Entonces se '
          'lanza a la cascada, pero Weed , [ Jerome] ] , [ Ken] ] y [ Hiro] ] '
          'son capaces de sacarlo adelante. Weed le dice al Anciano que '
          'todavía tiene trabajo que hacer. Deja a todos los cachorros menores '
          'de un año al cuidado del Anciano. Elder enseña a los cachorros '
          'habilidades ninja, como trepar a los árboles. ===Anime== = Elder '
          'lidera la aldea Kōga, pero está mal de salud. La manada de Weed se '
          'acerca.',
          '¿Hay alguna manera de que me instalen una línea más rápido? Hola, '
          'estoy en proceso de mudarme de oficina y me acaban de informar de '
          'que BT openreach no puede instalar la línea para la fecha de la '
          'mudanza. Esto es una pesadilla total ya que necesitamos tener la '
          'banda ancha activa en la línea el día de la mudanza. El pedido es a '
          'través de mi ISP que a su vez ha hecho un pedido a través de BT '
          'openreach. Me preguntaba si alguien tiene algún truco para '
          'conseguir adelantar las fechas de instalación. Actualmente quieren '
          'poner la línea 3 días después de que nos mudemos, lo que '
          'significará que la banda ancha tardará otros 3 días. Cualquier '
          'consejo sería muy apreciado. BT está ocupada lidiando con los '
          'retrasos causados por las inundaciones (supuestamente) y por lo '
          'tanto los largos tiempos de entrega son normales en algunas áreas '
          'en este momento. Al parecer, un proveedor de servicios de Internet '
          'puede acelerar la instalación si se trata de una conexión '
          'comercial. Así que cambiar a un paquete de negocios con una línea '
          'de negocios podría ser una opción. Tu otra opción es el cable de '
          'Virgin Media si puedes conseguirlo. Para ser honesto, 6 días sin '
          'banda ancha es realmente quiite bueno para un movimiento de casa, '
          'otros han esperado semanas o meses. Gracias por tu respuesta, '
          'debería haber mencionado que esto es para un negocio y que son '
          'líneas comerciales las que se han pedido. BT también afirma que son '
          'los Juegos Olímpicos los que están retrasando las cosas, como '
          'patrocinador oficial se podría pensar que estarían más preparados. '
          'Creo que voy a tener que seguir molestando a Openreach.']}
huggingface/tokenizers: The current process just got forked, after parallelism has already been used. Disabling parallelism to avoid deadlocks...
To disable this warning, you can either:
	- Avoid using `tokenizers` before the fork if possible
	- Explicitly set the environment variable TOKENIZERS_PARALLELISM=(true | false)
huggingface/tokenizers: The current process just got forked, after parallelism has already been used. Disabling parallelism to avoid deadlocks...
To disable this warning, you can either:
	- Avoid using `tokenizers` before the fork if possible
	- Explicitly set the environment variable TOKENIZERS_PARALLELISM=(true | false)
huggingface/tokenizers: The current process just got forked, after parallelism has already been used. Disabling parallelism to avoid deadlocks...
To disable this warning, you can either:
	- Avoid using `tokenizers` before the fork if possible
	- Explicitly set the environment variable TOKENIZERS_PARALLELISM=(true | false)
{'loss': 0.1969, 'learning_rate': 6.4e-06, 'epoch': 1.0}
{'eval_loss': 0.15146401524543762, 'eval_f1': 0.7993485707867692, 'eval_roc_auc': 0.8885379997040045, 'eval_accuracy': 0.6705850560735036, 'eval_runtime': 244.731, 'eval_samples_per_second': 30.241, 'eval_steps_per_second': 0.948, 'epoch': 1.0}
{'loss': 0.1119, 'learning_rate': 4.8e-06, 'epoch': 2.0}
{'eval_loss': 0.10977306216955185, 'eval_f1': 0.8643147896879241, 'eval_roc_auc': 0.9251501111884384, 'eval_accuracy': 0.7639508174571004, 'eval_runtime': 249.0025, 'eval_samples_per_second': 29.723, 'eval_steps_per_second': 0.932, 'epoch': 2.0}
{'loss': 0.0604, 'learning_rate': 3.2e-06, 'epoch': 3.0}
{'eval_loss': 0.08663532137870789, 'eval_f1': 0.9057050956492297, 'eval_roc_auc': 0.9504403681925455, 'eval_accuracy': 0.8261045804620997, 'eval_runtime': 226.3877, 'eval_samples_per_second': 32.692, 'eval_steps_per_second': 1.025, 'epoch': 3.0}
{'loss': 0.0302, 'learning_rate': 1.6e-06, 'epoch': 4.0}
{'eval_loss': 0.06381238251924515, 'eval_f1': 0.9355989804587934, 'eval_roc_auc': 0.966827322722912, 'eval_accuracy': 0.8813673827861099, 'eval_runtime': 232.5185, 'eval_samples_per_second': 31.83, 'eval_steps_per_second': 0.998, 'epoch': 4.0}
{'loss': 0.0136, 'learning_rate': 0.0, 'epoch': 5.0}
{'eval_loss': 0.0545419417321682, 'eval_f1': 0.9478812599138908, 'eval_roc_auc': 0.974051329660391, 'eval_accuracy': 0.9043372517227402, 'eval_runtime': 226.0916, 'eval_samples_per_second': 32.735, 'eval_steps_per_second': 1.026, 'epoch': 5.0}
{'train_runtime': 17048.6282, 'train_samples_per_second': 8.682, 'train_steps_per_second': 1.085, 'train_loss': 0.08260713962244685, 'epoch': 5.0}
F1: 0.6459143968871596
