Namespace(batch=8, epochs=5, learning=8e-06, multilingual=False, test_set='test_sets/pt_test_modified.tsv', train_set='main_labels_only/pt_FINAL.modified.tsv.gz', treshold=0.4)
{'test': Dataset({
    features: ['text', 'label'],
    num_rows: 332
}),
 'train': Dataset({
    features: ['text', 'label'],
    num_rows: 9255
})}
['NA OP', 'OP', 'SP', 'ID HI', 'LY']
[['NA', 'OP'], ['OP'], ['SP'], ['ID', 'HI'], ['LY']]
[[0, 0, 0, 0, 0, 1, 1, 0], [0, 0, 0, 0, 0, 0, 1, 0], [0, 0, 0, 0, 0, 0, 0, 1],
 [1, 1, 0, 0, 0, 0, 0, 0], [0, 0, 0, 0, 1, 0, 0, 0]]
{'label': [[0, 0, 0, 0, 0, 1, 1, 0], [0, 0, 0, 0, 0, 0, 1, 0]],
 'text': ["Na terça-feira à noite, Sarah Palin foi ao show de Bill O'Reilly "
          'para discutir alguns comentários recentes de Laura Ingraham, bem '
          'como a aproximação que o bilhete Romney/Ryan deveria fazer no '
          'trecho de campanha. Hammering home o argumento de que Mitt Romney '
          'precisa ser mais agressivo, Palin definiu a eleição como uma '
          'escolha entre "coisas livres ou liberdade". Perguntada sobre a '
          'observação de Ingraham de que se os republicanos não podem vencer '
          'esta eleição, eles deveriam fechar o partido, Palin também '
          'concordou que esta é uma eleição que deveria estar trabalhando a '
          'favor de Romney. Rush Limbaugh também disse que a reeleição do '
          'presidente sinalizaria o fim do Partido Republicano. A questão, '
          'disse ela, é que a mensagem está sendo transmitida aos eleitores. '
          '"Se você não consegue fazer passar sua mensagem através desse '
          'filtro de mídia, então estamos em um mundo de dor", disse ela. O '
          'que os republicanos não estão fazendo, acrescentou ela, é explicar '
          'que os eleitores têm uma escolha: "Coisas livres ou liberdade". Não '
          'se pode ter as duas coisas". A esse ponto, O\'Reilly ponderou se é '
          'possível que o país tenha mudado. Com a crescente dependência dos '
          'programas governamentais, disse ele, talvez os eleitores digam que '
          'querem as coisas livres. Que eles estão dispostos a sacrificar a '
          'liberdade. "É possível que estejamos tão longe nesse caminho, sim", '
          'respondeu Palin. Depois, falando mais especificamente sobre a '
          "estratégia de campanha, O'Reilly questionou se Romney deveria ir "
          'atrás do presidente Barack Obama "de uma forma mais pessoal". Se '
          'ele deveria usar "palavras de zumbido" como "incompetente", '
          '"perigoso" e "socialista". Palin argumentou que essas não são '
          'palavras de zumbido - são a verdade. E sim, ele deveria: "Ele '
          'precisa ser severamente agressivo em sua articulação". Durante a '
          "convenção, O'Reilly observou que Clint Eastwood foi o único orador "
          'que conseguiu que o presidente fosse "pessoalmente responsável" '
          'pelo estado do país. Não se trata tanto de políticas, trata-se '
          'dele", disse O\'Reilly. "Ele é um hardcore de preenchimento em '
          'branco". Ir atrás de Obama de "uma maneira mais pessoal"? O que '
          'será que isso significa? Republicanos, explique exatamente o que '
          'isso significa, por favor... ttp://twitter.com/Lompemann Lompe '
          'Deixe para Sarah Palin a palavra salada para o povo. Anônimo Por '
          'favor, siga o conselho de Sarah Palin Por favor, por favor, por '
          'favor... Anônimo Sim, porque chamá-lo de comunista que odeia a '
          'América e mostrar seu "punho terrorista" não é suficiente. Ou '
          'talvez a FOX não tenha conseguido pessoal suficiente quando '
          'disseram que ele era racista. Ou eles insinuaram que Obama era um '
          '"bandido" quando ele hospedava rappers \'radicais\' como o Common". '
          "Sim....time para obter mais FOX pessoal. O Anônimo Bill O'Reilly "
          'parece estar se divertindo tentando conversar em tons sérios com a '
          "'TV Reality Star' da Fox, Sarah Palin... ...Eles estão clara e "
          'profundamente preocupados com Romney! A BarbieT "QUIT" Caribou sp '
          'esteve no FOX NEWS esta noite? Espere, eu tenho que mudar meu '
          'avatar. Bom Deus, esta garota não vai embora. Anônimo Sim, veja '
          'onde essa estratégia levou BillO e Sarah. Claramente a nata de suas '
          'profissões. Anônimo Ei Bill, conte-nos sobre aquele caso de assédio '
          'sexual que você resolveu fora do tribunal por mais de um milhão de '
          'dólares. Oh, desculpe-me, isso é muito pessoal? Vá atrás do Pres, '
          'Obama "de uma forma mais pessoal". Nossa, o que será que isso '
          'poderia se referir? "...incompetente", "perigoso" e "socialista". A '
          'mesma coisa que você fez em menos de meio mandato como "governador '
          'do Alasca"? Vamos, Sarah, diga o que você está morrendo de vontade '
          'de dizer. Billo não o fará, porque ele é um covarde medroso, ele '
          'tem uma desculpa embutida, você, Sarah, não o faça. Coloque para '
          'cima, Sarah, mas você nunca vai se calar, e é por isso que Mitt '
          'nunca vai chegar a menos de 100 milhas de você. '
          'ttp://twitter.com/veedahvandal veedahvandal smh...isso é tudo que '
          'eu digo...triste Anônimo Funcionou realmente bem para Sarah Palin, '
          'que lutou com a mais simples das questões relativas a qualquer '
          "questão de política... Horas depois de Bill O'Reilly acusá-la de "
          'uma tentativa multimilionária de chacoalhar, uma produtora da Fox '
          'News atirou de volta para o astro da TV, entrando com uma ação '
          'judicial alegando que ele a submeteu a repetidos casos de abuso '
          'sexual...',
          'Característica Autor Uma mente de leitura é uma mente aberta '
          '27-09-2012 Os peeves de estimação retêm os leitores dos prazeres '
          'das novas experiências de leitura? O blogueiro literário Greg '
          'Zimmerman diz que, sim, na maioria das vezes eles o fazem. Enquanto '
          'todos nós temos peeves de animais de estimação, ele diz em um post '
          "chamado 'Literary Pet Peeves Are Counterproductive', no blog Huff "
          'Post, no final eles nos fazem um mau serviço. Eles limitam nossa '
          'vida de leitura. Qual é, então, a diferença entre ser um leitor '
          'perspicaz e, mal de todos os males, um leitor com peeves literários '
          'de animais de estimação? A resposta, eu acho que é simples. Um '
          'leitor criterioso é alguém que discute as falhas e os méritos de um '
          'livro depois de tê-lo lido. Ter opiniões e ser capaz de articular '
          'por que você acha que algo funciona ou não funciona em um livro é '
          'importante. Compartilhar seus pensamentos não apenas fará com que '
          'você se divirta no pub ou na reunião do grupo de leitura, mas '
          'também o levará mais profundamente no mundo do livro. Quando '
          'discutimos o que lemos, e nossas idéias, tornamo-nos melhores '
          'leitores. Penso que isto tem muito a ver com o fato de termos um '
          'ponto de vista mais receptivo que permanece bem aberto para o '
          'próximo livro, e para o próximo. Nós nos abrimos e abraçamos a '
          'forma como nossas vidas de leitura podem evoluir. Isto não quer '
          'dizer que eu mesmo não caia na armadilha de animais de estimação '
          'literários. Fico irritado quando pego um livro e leio o sinopse '
          'apenas para descobrir que o protagonista principal é um escritor. '
          'Onde está a imaginação? Eu quero entrar no mundo do romance, não no '
          'mundo do autor. Mas o fato da autora estar se clonando em seu livro '
          'é apenas uma suposição que eu fiz. E esse é também o ponto de vista '
          'de Zimmerman - os peeves tendem apenas a ser hábitos e atitudes que '
          'se desdobram muito rapidamente quando nos aprofundamos um pouco '
          'mais no porquê de segurá-los. Afinal, eu gostei muito de On the '
          'Road e Lolita , só para citar alguns livros que têm protagonistas '
          'literários imprevisíveis. Em um tópico em nossa página do Facebook '
          'sobre o artigo de Zimmerman, a escritora Coral Atkinson comentou: '
          '"Acho que Greg Zimmerman tem razão - é fácil dispensar um livro por '
          'alguma razão trivial e muitas vezes bastante ilógica. Entretanto, '
          'também pode ser útil examinar nossos peeves de estimação e tentar '
          'descobrir sobre o que eles são. Quando eu era criança eu adorava '
          'livros com animais falantes, mas eu era totalmente hostil a '
          'qualquer história que misturava animais antropomórficos com seres '
          'humanos. Agora eu escrevo ficção histórica e estou muito preocupado '
          'com a exatidão. Meu sentimento é que para mim existe uma '
          'necessidade de consistência no mundo da fantasia criada. Em '
          'retrospectiva posso ver de onde veio minha aversão em misturar '
          'animais falantes e humanos". Compartilhar nossos pontos de vista '
          'sobre o livro e aproveitar a oportunidade para debater e examinar '
          'nossas idéias nos ajuda a nos sentir parte de uma tribo, a tribo '
          'dos leitores. Aqui, muitas perspectivas entram em foco, o que '
          'significa estar preparado para sair de nossas zonas de conforto. '
          'Impulsionar os limites é algo pelo qual celebramos os escritores e '
          'é algo que nós, como leitores, também empreendemos cada vez que '
          'damos o primeiro passo para o território inexplorado da página. '
          'Qualquer que seja seu método para manter suas opções de leitura '
          'abertas, seja navegando na seção Bestsellers de sua biblioteca '
          'local, ou experimentando algo um pouco diferente em sua reunião do '
          'grupo de leitura, é seguro dizer que você está respirando ar fresco '
          'em sua vida de leitura.']}
huggingface/tokenizers: The current process just got forked, after parallelism has already been used. Disabling parallelism to avoid deadlocks...
To disable this warning, you can either:
	- Avoid using `tokenizers` before the fork if possible
	- Explicitly set the environment variable TOKENIZERS_PARALLELISM=(true | false)
huggingface/tokenizers: The current process just got forked, after parallelism has already been used. Disabling parallelism to avoid deadlocks...
To disable this warning, you can either:
	- Avoid using `tokenizers` before the fork if possible
	- Explicitly set the environment variable TOKENIZERS_PARALLELISM=(true | false)
huggingface/tokenizers: The current process just got forked, after parallelism has already been used. Disabling parallelism to avoid deadlocks...
To disable this warning, you can either:
	- Avoid using `tokenizers` before the fork if possible
	- Explicitly set the environment variable TOKENIZERS_PARALLELISM=(true | false)
{'loss': 0.2494, 'learning_rate': 6.4e-06, 'epoch': 1.0}
{'eval_loss': 0.21194034814834595, 'eval_f1': 0.6972222222222222, 'eval_roc_auc': 0.8218744606179161, 'eval_accuracy': 0.6174698795180723, 'eval_runtime': 10.8464, 'eval_samples_per_second': 30.609, 'eval_steps_per_second': 1.014, 'epoch': 1.0}
{'loss': 0.1711, 'learning_rate': 4.8e-06, 'epoch': 2.0}
{'eval_loss': 0.22924000024795532, 'eval_f1': 0.686406460296097, 'eval_roc_auc': 0.8232241144544808, 'eval_accuracy': 0.5692771084337349, 'eval_runtime': 10.7388, 'eval_samples_per_second': 30.916, 'eval_steps_per_second': 1.024, 'epoch': 2.0}
{'loss': 0.1358, 'learning_rate': 3.2e-06, 'epoch': 3.0}
{'eval_loss': 0.23983801901340485, 'eval_f1': 0.6772908366533864, 'eval_roc_auc': 0.8210426135818806, 'eval_accuracy': 0.5753012048192772, 'eval_runtime': 10.7693, 'eval_samples_per_second': 30.828, 'eval_steps_per_second': 1.021, 'epoch': 3.0}
{'loss': 0.1061, 'learning_rate': 1.6e-06, 'epoch': 4.0}
{'eval_loss': 0.2735149562358856, 'eval_f1': 0.6951871657754011, 'eval_roc_auc': 0.8300922463226128, 'eval_accuracy': 0.5873493975903614, 'eval_runtime': 10.951, 'eval_samples_per_second': 30.317, 'eval_steps_per_second': 1.004, 'epoch': 4.0}
{'loss': 0.0849, 'learning_rate': 0.0, 'epoch': 5.0}
{'eval_loss': 0.2837461829185486, 'eval_f1': 0.6820027063599459, 'eval_roc_auc': 0.8193213854208619, 'eval_accuracy': 0.5903614457831325, 'eval_runtime': 10.642, 'eval_samples_per_second': 31.197, 'eval_steps_per_second': 1.034, 'epoch': 5.0}
{'train_runtime': 5064.3443, 'train_samples_per_second': 9.137, 'train_steps_per_second': 1.142, 'train_loss': 0.14947526910331813, 'epoch': 5.0}
F1: 0.6972222222222222
