Namespace(batch=7, epochs=5, learning=4e-06, multilingual=False, test_set=['test_sets/pt_test_modified.tsv'], train_set=['main_labels_only/pt_FINAL.modified.tsv.gz'], treshold=0.4)
{'dev': Dataset({
    features: ['text', 'label'],
    num_rows: 1851
}),
 'test': Dataset({
    features: ['text', 'label'],
    num_rows: 332
}),
 'train': Dataset({
    features: ['text', 'label'],
    num_rows: 7404
})}
huggingface/tokenizers: The current process just got forked, after parallelism has already been used. Disabling parallelism to avoid deadlocks...
To disable this warning, you can either:
	- Avoid using `tokenizers` before the fork if possible
	- Explicitly set the environment variable TOKENIZERS_PARALLELISM=(true | false)
huggingface/tokenizers: The current process just got forked, after parallelism has already been used. Disabling parallelism to avoid deadlocks...
To disable this warning, you can either:
	- Avoid using `tokenizers` before the fork if possible
	- Explicitly set the environment variable TOKENIZERS_PARALLELISM=(true | false)
huggingface/tokenizers: The current process just got forked, after parallelism has already been used. Disabling parallelism to avoid deadlocks...
To disable this warning, you can either:
	- Avoid using `tokenizers` before the fork if possible
	- Explicitly set the environment variable TOKENIZERS_PARALLELISM=(true | false)
{'loss': 0.2852, 'learning_rate': 3.2e-06, 'epoch': 1.0}
{'eval_loss': 0.23287615180015564, 'eval_f1': 0.6630286493860845, 'eval_roc_auc': 0.8063042977964443, 'eval_accuracy': 0.5481927710843374, 'eval_runtime': 10.148, 'eval_samples_per_second': 32.716, 'eval_steps_per_second': 1.084, 'epoch': 1.0}
{'loss': 0.1916, 'learning_rate': 2.4e-06, 'epoch': 2.0}
