Namespace(model='saved_models/downsampled_multilingual', test_set='test_sets/spa_test_modified.tsv', treshold=0.5)
['IN', None, 'HI', 'IP NA', 'IN']
[['IN'], ['NA'], ['HI'], ['IP', 'NA'], ['IN']]
[[0, 0, 1, 0, 0, 0, 0, 0], [0, 0, 0, 0, 0, 1, 0, 0], [1, 0, 0, 0, 0, 0, 0, 0],
 [0, 0, 0, 1, 0, 1, 0, 0], [0, 0, 1, 0, 0, 0, 0, 0]]
{'label': [[0, 0, 1, 0, 0, 0, 0, 0], [0, 0, 0, 0, 0, 1, 0, 0]],
 'text': ['Comercio al por mayor de madera, materiales de construcción y '
          'aparatos sanitarios | Burgos Datos comerciales de Bagia Stone Group '
          'Sl La información del Ranking que ocupa Bagia Stone Group Sl '
          'procede de la base de datos de información financiera de INFORMA '
          'D&B S.A.U. (S.M.E.). Más información sobre el Ranking de Empresas. '
          '|Denominación||Bagia Stone Group Sl| |Objeto Social||La '
          'representación comercial, compra, venta, importación y exportación '
          'de piedra natural en todas sus formas y de todo tipo de materiales '
          'de construcción| |Domicilio Social||CALLE CRISTOBAL DE ACUÑA , 16 '
          '-5ºB| |Localidad||BURGOS| |Forma Jurídica||Sociedad limitada '
          'unipersonal| |Página Web||www.bagiastone.com| |Actividad||Comercio '
          'al por mayor de madera, materiales de construcción y aparatos '
          'sanitarios| |Capital Social||Mayor de 60.000 €| |Ventas últimos '
          'años| Ve el Informe ampliado de BAGIA STONE GROUP SL. ¡Es gratis! '
          'Regístrese en eInforma y le regalamos el Informe Ampliado de esta '
          'empresa Ver Informe Ampliado de BAGIA STONE GROUP SL '
          '|Año||Variación| |2017| |2018||41,47 %| |2019||52,11 %| Resumen de '
          'posiciones de Bagia Stone Group Sl Bagia Stone Group Sl ha obtenido '
          'la posición 147.576 del Ranking Nacional de Empresas según ventas , '
          'mejorando en 23.488 posiciones respecto al año 2017. En el Ranking '
          'de Burgos según ventas, la empresa Bagia Stone Group Sl en 2018 ha '
          'conseguido la posición 1.270 , mejorando en 234 posiciones respecto '
          'al año 2017. Bagia Stone Group Sl ha obtenido en 2018 la posición '
          '2.464 en el Ranking de Empresas del Sector Comercio al por mayor de '
          'madera, materiales de construcción y aparatos sanitarios según '
          'ventas , mejorando en 346 posiciones respecto al año 2017. '
          'Evolución posiciones 2017 - 2018 A continuación le mostramos la '
          'evolución de posiciones entre 2017 y 2018 de Bagia Stone Group Sl '
          'por cada uno de los rankings según sus ventas: Evolución posiciones '
          '2017 vs 2018 - Ventas |Ranking||Posición 2017||Posición '
          '2018||Evolución Posiciones| |Nacional||171.064||147.576||23.488| '
          '|Burgos||1.504||1.270||234| |Sector CNAE 4673||2.810||2.464||346| '
          'Posición 2.464 en el sector Comercio al por mayor de madera, '
          'materiales de construcción y aparatos sanitarios Bagia Stone Group '
          'Sl se encuentra en la posición 2.464 del Ranking del sector '
          'Comercio al por mayor de madera, materiales de construcción y '
          'aparatos sanitarios. A continuación podrá consultar la posición en '
          'el ranking de Bagia Stone Group Sl y empresas con posiciones '
          'similares: |Posición||Evolución||Nombre de la empresa||Facturación '
          '(€)||Provincia| |2.459||200||SANEAMIENTOS PRADO '
          'SL||mediana||Pontevedra||Ver más| |2.460||78||DISPEALVEMA '
          'SL||mediana||Málaga||Ver más| |2.461||139||MATERIALS LEYVA '
          'SL||mediana||Lérida||Ver más| |2.462||73||TECNICAS SOSTENIBLES '
          'SL.||mediana||Barcelona||Ver más| |2.463||191||DECORACIONES '
          'TERRACOTA VEGA BAJA SL.||mediana||Alicante||Ver más| '
          '|2.464||346||BAGIA STONE GROUP SL||mediana||Burgos| '
          '|2.465||99||MATERIALES INCERA SL||mediana||Cantabria||Ver más| '
          '|2.466||127||DRAGO CONTRA INCENDIOS SOCIEDAD '
          'LIMITADA.||mediana||Almería||Ver más| |2.467||1.385||GUILLERMO '
          'OLTRA SL||mediana||Alicante||Ver más| |2.468||86||DITAIL BCN 2013 '
          'SL.||mediana||Barcelona||Ver más| |2.469||150||PONS-MAYORAL '
          'SL||mediana||Lérida||Ver más| |Ver Ranking de Empresas del CNAE '
          '4673| Sector Posiciones Ventas (€) Bagia Stone Group Sl se '
          'encuentra en la posición 1.270 del Ranking de Burgos. A '
          'continuación podrá consultar la posición en el ranking de Bagia '
          'Stone Group Sl y empresas con posiciones similares: '
          '|Posición||Evolución||Nombre de la empresa||Facturación '
          '(€)||Sector| |1.265||1.395||INNOVA Y CONSTRUYE M. G. H. '
          'SL.||mediana||4110||Ver más| |1.266||136||COCIBUR '
          'S.L.||mediana||3109||Ver más| |1.267||62||CANTABRIA 51 '
          'SL||mediana||5630||Ver más| |1.268||126||ANPI XXI '
          'SL||mediana||4676||Ver más| |1.269||202||TALLERES ZORRILLA '
          'SL||mediana||2512||Ver más| |1.270||234||BAGIA STONE GROUP '
          'SL||mediana||4673| |1.271||2||AUTOCARES DAVILA '
          'SL||mediana||4939||Ver más| |1.272||141||GRUPO INVERBUR '
          'SL||mediana||7010||Ver más| |1.273||218||REFRIGERACION FERNANDO '
          'LAGO SL||mediana||4669||Ver más| |1.274||65||FRIGORIFICOS GESFRIO '
          'SL||mediana||5210||Ver más| |1.275||24||IMEVE '
          'SL||mediana||4759||Ver más| |Ver Ranking de Empresas de Burgos| '
          'Provincia Posiciones Ventas (€) Actividad Bagia Stone Group Sl se '
          'encuentra en la posición 147.576 del Ranking Nacional de Empresas. '
          'A continuación podrá consultar la posición en el ranking de Bagia '
          'Stone Group Sl y empresas con posiciones similares: '
          '|Posición||Evolución||Nombre de la empresa||Facturación '
          '(€)||Sector||Provincia| |147.571||19.666||SUMINISTROS INDUSTRIALES '
          'Y TRANSMISIONES SL||mediana||4669||Sevilla||Ver más| '
          '|147.572||10.334||MATERIALES DE CONSTRUCCION HERMANOS CASCALES '
          'SL||mediana||4752||Alicante||Ver más| |147.573||25.354||SHOKOLATT '
          'BROS SL.||mediana||4725||Barcelona||Ver más| '
          '|147.574||12.387||DECORACIONES TERRACOTA VEGA BAJA '
          'SL.||mediana||4673||Alicante||Ver más| '
          '|147.575||17.459||EXCAVACIONES RECHE '
          'SL||mediana||4312||Alicante||Ver más| |147.576||23.488||BAGIA STONE '
          'GROUP SL||mediana||4673||Burgos| |147.577||39.298||AGROPECUARIOS '
          'PONIENTESUR SL.||mediana||4621||Granada||Ver más| '
          '|147.578||34.321||ECUS IDIOMAS SL.||mediana||8559||Madrid||Ver más| '
          '|147.579||6.558||TRANSPORTES MUNDOSTAR 2008 SOCIEDAD '
          'LIMITADA.||mediana||4941||Madrid||Ver más| '
          '|147.580||7.987||MODACITY COSTA BLANCA '
          'SL.||mediana||4771||Alicante||Ver más| |147.581||(ND)||PALMYRA '
          'RESIDENCIAL SL||mediana||4121||Barcelona||Ver más| |Ver Ranking de '
          'Empresas Nacional| Nacional Posiciones Ventas (€) Actividad',
          'martes, enero 26, 2021 Lo Ultimo: - Corte de Apelaciones debe '
          'considerar estándares de DD.HH para garantizar la libertad de los '
          'defensores de Guapinol - Temen que concentraciones políticas '
          'propicien aumento desmedido de casos de COVID-19 - Juez bloquea '
          'orden de Biden para suspender deportaciones durante 100 días - Tony '
          'Hernández a las puertas de recibir una condena no menor a 40 años '
          'de cárcel - “Veremos las escenas de Guayaquil…”, advierte el doctor '
          'Carlos Umaña Periodismo amplio e incluyente']}
F1: 0.7010309278350515
Namespace(model='saved_models/downsampled_multilingual', test_set='test_sets/pt_test_modified.tsv', treshold=0.5)
['IN', None, 'IP', None, 'IP']
[['IN'], ['NA'], ['IP'], ['NA'], ['IP']]
[[0, 0, 1, 0, 0, 0, 0, 0], [0, 0, 0, 0, 0, 1, 0, 0], [0, 0, 0, 1, 0, 0, 0, 0],
 [0, 0, 0, 0, 0, 1, 0, 0], [0, 0, 0, 1, 0, 0, 0, 0]]
{'label': [[0, 0, 1, 0, 0, 0, 0, 0], [0, 0, 0, 0, 0, 1, 0, 0]],
 'text': ['   A WeWork lançou um cartão que dá acesso a todos os prédios da '
          'empresa, em qualquer lugar do mundo; produto foi testado em São '
          'Paulo Por Karin Salomão – exame Osasco, São Bernardo e Santo André: '
          'há um interesse cada vez maior por escritórios em outras cidades na '
          'Grande São Paulo, segundo a WeWork. Mesmo dentro da cidade, ganham '
          'relevância os escritórios da WeWork em bairros mais residenciais – '
          'a empresa inaugurou recentemente um prédio na Vila Madalena, que '
          'abriga empresas como a Quinto Andar. Esse movimento acontece também '
          'em outras cidades brasileiras em que a empresa atua. Para a empresa '
          'de aluguel de espaços corporativos, a tendência de trabalho de '
          'qualquer lugar deve dar mais flexibilidade para empresas e '
          'funcionários e impactar na escolha da localização dos novos '
          'escritórios. Sobre os locais mais distantes dos centros, “achamos '
          'essas localidades muito interessantes, porque muita gente prefere '
          'voltar do escritório andando”, diz Lucas Mendes, diretor geral do '
          'WeWork Brasil, em entrevista a EXAME. A WeWork tem 33 prédios no '
          'Brasil, em capitais como São Paulo, Rio de Janeiro, Belo Horizonte '
          'e Porto Alegre – no mundo são 812 locais em 120 cidades. Além de '
          'trabalhar de casa ou na sede da companhia, os funcionários e '
          'empresas passaram a se interessar por poder trabalhar de outros '
          'ambientes, como escritórios satélites. Esses locais são mais '
          'próximos das casas dos funcionários, o que leva a um tempo menor de '
          'deslocamento e reduz a necessidade de usar meios de transporte '
          'público lotados, deixando o trajeto ao trabalho mais seguro e '
          'cômodo. Isso não significa que regiões comerciais tradicionais, '
          'como a Av. Paulista, a Av. Faria Lima ou a Vila Olímpia, no caso de '
          'São Paulo, devem perder sua relevância. “Endereços principais são '
          'principais por um motivo e ainda há lugar para abrir escritórios na '
          'Faria Lima”, afirma o executivo, “mas temos visto um interesse '
          'crescente por locais mais residenciais”. A WeWork lançou um novo '
          'produto, o WeWork All Access, cartão que dá acesso a todos os '
          'prédios da empresa, em qualquer lugar do mundo. O cartão começou a '
          'ser testado em São Paulo no ano passado, inicialmente com empresas '
          'menores e freelancers. Depois do projeto piloto, a inovação '
          'brasileira deve ser lançada em todos os mercados nos quais a WeWork '
          'atua, para clientes de diversos tamanhos. A empresa não se preocupa '
          'com o aumento do home office – e a desocupação de andares inteiros '
          'feita por grandes empresas. Para a WeWork, a pandemia irá mudar a '
          'forma como empresas enxergam o escritório – de um local de trabalho '
          'para um espaço de convivência. Em entrevista a EXAME em junho, '
          'Mendes afirmou que o WeWork tem sido procurado por empresas em '
          'busca de soluções mais personalizadas e flexíveis para seus '
          'escritórios. “No modelo tradicional de escritório, a empresa '
          'contrata arquiteto, assina contratos com prazo de locação longos. '
          'Se acontece algo e ela precisa reduzir de 1.000 para 500 postos de '
          'trabalho, vai ter dificuldades”, afirma. “Já nós temos produtos '
          'ultra personalizados, e essa característica está mais valorizada '
          'agora.”  Bolsas de estudo na ENAU até 100%. Faculdade em Ribeirão '
          'Pires - 23 de janeiro de 2021 Grupo Imbrizi está contratando em '
          'Diadema. Confira os detalhes - 23 de janeiro de 2021 Fiscal de '
          'Caixa no Mercadocar de Santo André e mais - 23 de janeiro de '
          '2021    ',
          '   ULTIMAS NOTICIAS DA TV Segundo o médico Antonio Luiz '
          'Vanconcellos Macedo, que faz parte da equipe do Hospital Albert '
          'Einstein que acompanha o quadro de Hebe Camargo, a biópsia a que a '
          'apresentadora foi submetida neste sábado (9) é feita nos casos em '
          'que há suspeita de câncer.Ele atendeu Hebe nesta semana quando ela '
          'se sentiu mal. - Ela reclamava de dores abdominais e mal-estar '
          'generalizado. De acordo com o médico, o resultado do exame deve '
          'sair nesta segunda-feira (11).Hebe foi internada por volta das '
          '20h30 desta sexta-feira (8), no hospital Albert Einstein, em São '
          'Paulo. A apresentadora foi submetida a uma laparoscopia que durou '
          'cerca de três horas na manhã deste sábado (9).Foram retirados '
          'nódulos da região do peritônio (membrana que cobre as paredes '
          'abdominais).De acordo com o sobrinho da apresentadora Hebe Camargo, '
          'Claudio Pessuti, ela passa bem. - Está tudo bem, conforme o boletim '
          'médico emitido pelo hospital. Ela está se recuperando, já conversou '
          'com a gente e disse que se sentia muito bem.   ']}
F1: 0.6804123711340205
Namespace(model='saved_models/downsampled_multilingual', test_set='test_sets/jpn_test_modified.tsv', treshold=0.5)
['NA OP', None, 'IN', 'IN', None]
[['NA', 'OP'], ['NA'], ['IN'], ['IN'], ['NA']]
[[0, 0, 0, 0, 0, 1, 1, 0], [0, 0, 0, 0, 0, 1, 0, 0], [0, 0, 1, 0, 0, 0, 0, 0],
 [0, 0, 1, 0, 0, 0, 0, 0], [0, 0, 0, 0, 0, 1, 0, 0]]
{'label': [[0, 0, 0, 0, 0, 1, 1, 0], [0, 0, 0, 0, 0, 1, 0, 0]],
 'text': ['お風呂 カウンター 黒 水垢 5 お風呂の換気扇を掃除する！5分でできる方法をご紹介. '
          'オキシクリーンで風呂釜の掃除｜失敗しない汚れの落とし方とは？ 8. '
          'お風呂用洗剤で落ちない風呂床の黒ずみや、石のようにかたくなった水垢、ピンクのぬめりがある赤カビ、原因不明の黄ばみの掃除方法をご紹介します。大理石やタイルなど、材質別掃除方法や、床掃除に便利なグッズも解説します。 '
          'ゴムパッキンのカビの取り方｜お風呂の黒カビはカビキラーで一発！ 9. 6. ã§ã³ããã¢ ããã¢ã¿ã¤ã«, å¤æ§ '
          'å¤éæ®µ ã¨ã³ãã©ã³ã¹ã®æ´æµ, å¤§çç³ å¾¡å½±ç³ ã©ã¤ã ã¹ãã¼ã³ã®åº, '
          'ãã¦ã¹ã¯ãªã¼ãã³ã°å±ã¯è¦ãï¼. 浴槽の水垢を落とす！お風呂の垢取りをしてツルツルにする3つの方法 . '
          '主人は黒のお風呂がモダンで渋くて、落ち着くと言います。 でも私は、黒の浴槽は、入浴剤を入れても色が分からないし、 '
          'ショールームでは格好良く見えても、住宅へ入れた場合、 明るい色の浴槽の方が明るく見えていいんじゃないかと思います。 '
          'お風呂・洗面所掃除(76) 掃除グッズ(85), '
          'お風呂用洗剤で落ちない風呂床の黒ずみや、石のようにかたくなった水垢、ピンクのぬめりがある赤カビ、原因不明の黄ばみの掃除方法をご紹介します。大理石やタイルなど、材質別掃除方法や、床掃除に便利なグッズも解説します。, '
          'リビングやベッドルームの掃除と比べて、お風呂掃除は重労働です。水を使うし、腰を曲げる動作も多いし大変ですよね。特に冬の寒い時期は、早く終わらせないと風邪を引いてしまいます。お風呂の洗剤を使っても、床の黒ずみや浴槽の白い水垢は簡単には落ちません。タイル目地の奥深くまで黒カビ菌が入り込み、スポンジでこすった程度ではびくともしないので、あきらめてしまいそうですよね。お風呂の汚れが落ちないのは、いつも同じ掃除方法をしているからなんです。酸性とアルカリ性の洗剤を的確に使い分けることで、汚れ落ちは格段に変わってきます。何でもかんでも強力な洗剤さえ振りかければ綺麗になる、というわけではありません。汚れの「色」別に、最適な風呂床の掃除方法をご紹介します。, '
          'お風呂の床の汚れは、酸性とアルカリ性の汚れがあります。石鹸カスや皮脂汚れは酸性の汚れなので、アルカリ性の洗剤で落とします。アルカリ性の洗剤は、重曹や緑色のマジックリン、塩素系漂白剤があります。酸性の汚れは酸性の洗剤では落ちません。水垢はアルカリ性の汚れなので、酸性の洗剤で落とします。酸性の洗剤は、クエン酸やサンポールがあります。アルカリ性の汚れはアルカリ性の洗剤では落ちません。お風呂用の洗剤は中性の製品が多く、手や素材には優しいのですが、汚れを落とすという面ではアルカリ性洗剤や酸性洗剤には及びません。毎日の掃除はお風呂用中性洗剤で、しっかり掃除したい時にはアルカリ性と酸性との洗剤でお掃除してください。お風呂場の汚れには、水垢と石鹸カス、皮脂汚れがミックスされています。今週は酸性の洗剤で水垢落とし、来週はアルカリ性のの洗剤で皮脂汚れ落とし、といったお掃除計画を立てると良いでしょう。, '
          'お掃除前にお風呂の素材を調べましょう。掃除方法によっては強い洗剤でコート剤が剥がれたり、傷がついてしまうこともあります。新しく建てたばかりのお風呂は、防水加工や汚れ防止コート剤が塗ってあるので、メラミンスポンジやダイヤモンドパッドで磨くと傷がついてしまいます。床の素材にあったお掃除方法は、メーカーのホームページや使用説明書にかかれていますので、お掃除前にチェックしてください。, '
          'お風呂の床で最も一般的な素材が、樹脂床材です。各メーカーとも汚れにくい素材や、カビが発生しにくい素材を工夫しています。お風呂に入った時に滑ってしまわないよう滑り止め加工をしている床素材は、汚れがたまりやすいのでこまめな床掃除が必要です。最適な掃除方法は、施工したメーカーのホームページで説明書をチェックしてください。, '
          'TOTOが黒カビが出ないよう工夫したお風呂の床が「カラリ床」です。水が表面張力で水滴になると、長い間床に水が残ってカビの発生源となってしまいます。カラリ床は翌朝には乾くように、床の素材を改良しているのです。さすがのカラリ床でも、上に汚れがつくと効果を発揮できません。柔らかい毛先のブラシで、表面の汚れをこすって取り除きましょう。浴室用クリームクレンザーや、浴室用中性洗剤を使ってお掃除できます。, '
          'タイルは樹脂素材の床よりも施工時の価格は高くなりますが、デザインが豊富なのが魅力です。タイルが大判になればなるほど、掃除がしやすくなります。タイルの表面は汚れが落ちやすいのですが、タイルとタイルの間の目地がカビやすいのが難点です。日頃から50度以上のお湯を1ヶ所につき5秒以上あてて、カビ予防につとめましょう。, '
          'モース硬度という石の硬さの目安があります。0から10まであり、一番硬い10はダイヤモンドです。大理石はモース硬度3から4なので、モース硬度5のガラスよりも柔らかい素材です。大理石は石だから硬いタワシでガシガシこすっても大丈夫だろうと考えがちですが、お掃除道具は柔らかいものを選びましょう。スチールたわしで磨くと傷をつけてしまいます。スチールたわしはモース硬度が6もあり、ガラスよりも硬いので大理石磨きには向いていませんので注意してください。大理石はサンポールやクエン酸など、酸性の洗剤をつけると白く変色してしまいます。大理石独特のツヤも無くなってしまいますので注意してください。変色してしまった場合は、コンパウンドなどで削りながら磨くしか方法はありません。, '
          '檜風呂など木にこだわったお風呂では、床に木を使っています。大変高価なお風呂ですが、自然の木の香りでリラックス効果満点です。木製床材はお風呂を施工した時に、防カビ加工や防水コーティングをしています。お風呂を設置してすぐは木から出る天然の成分や、コーティング剤が効いていますので、強い洗剤や硬いスチールたわしなどで洗うのは逆効果です。黒カビを生やさないよう風通しを良くすることと、コーティングが剥がれたり、天然成分が無くなったりしないように、キッチンで使用するパームやシュロで作ったタワシで水洗いしてください。自然の繊維で作ったデッキブラシも、木との愛称抜群です。, '
          'お風呂の床の黒ずみの原因は、皮脂汚れや黒カビです。足の汚れが床に残ると黒カビのエサになります。お風呂の床は滑らないように凸凹しているので、細かい溝に汚れがたまりやすいのです。浴槽の床掃除の定番洗剤は、重曹パックです。重曹を床全体にふりかけて、流れてしまわない程度の水をスプレーし、その上からラップをして長時間放置します。重曹スプレーだけでは濃度が薄く、黒ずみを分解するまでのパワーがありませんので、ペースト状になるくらい、たっぷりの重曹を床にふりかけましょう。重曹の代わりに、緑色のマジックリンも汚れが落ちます。バスマジックリンは中性ですが、緑色のマジックリンはアルカリ性なので、皮脂汚れがよく落ちるのです。意外なものだと、ラベルはがしスプレーを床にスプレーすると床の黒ずみが落ちます。ラベルはがしは、頑固な粘着力のあるシールも取れるので、汚れを取ってくれます。揮発性が高いものが多いので、ラップはせずに換気を良くしてから使用してください。, '
          'お風呂の床が白く汚れていたら、それは石鹸カスか水垢です。まだ床にこびりついていない石鹸カスであれば、床をスポンジで水洗いするだけでとれますが、水垢と石鹸カスがミックスすると頑固な湯垢になってしまいます。水垢は、水に含まれるカルシウムやマグネシウム、珪素（ケイソ）などのミネラル分でできています。水分が蒸発することによって、これらのミネラル成分だけが残り、鏡や浴槽に白い水垢の跡ができているのです。水垢はアルカリ性の汚れなので、サンポールやクエン酸といった酸性の洗剤で落とします。サンポールはトイレ用洗剤ですが、一般用に販売されている酸性洗剤では酸性度がpH1からpH2と大変強力です。これ以上強い酸性洗剤になると、劇薬に近くなるため一般用洗剤では販売されていません。クエン酸は酸性度がpH2から3で、サンポールよりは酸性度合いが低くなりますが、界面活性剤が入っていないので身体に優しい洗剤になります。水垢は石のように硬くなっているので、酸性の洗剤をちょっとスプレーした程度では何も変化しません。時間が許す限り、数時間でも一晩でもラップでパックして、長時間放置して水垢を溶かしてからこすり洗いしましょう。, '
          '汚れがひどい場所には、「重曹クエン酸パック」で時間をかけて放置しましょう。重曹とクエン酸で作る炭酸パックは、毛穴の黒ずみを取ってくれる美容パックとして注目されていますが、お風呂場の床掃除にも応用できるんです。重曹を水垢や黒ずみなど、汚れがひどい部分に撒きます。表面が真っ白になるほど多めに重曹を撒いたほうが、汚れ落ちは良くなります。重曹を撒いた上から、クエン酸スプレーをします。シュワシュワと泡が出ている時に、キッチンラップでパックをしてください。重曹のアルカリと、クエン酸の酸のダブル洗浄で、頑固な汚れを分解します。重曹が発泡している間が汚れを分解している時間なので、30分経過したらどの位汚れが落ちたかチェックしましょう。まだ汚れているようなら、全体を水で流して再び重曹クエン酸パックを行います。, '
          'お風呂場で見るピンク色の汚れは、これから黒カビが生えますというサインです。ピンク色の汚れは正式には「ロドトルラ・ルブラ」という名前の赤い色の酵母で、赤カビとも呼ばれています。バクテリアの分泌物によってピンク色になり、そのままにしておくと黒カビが発生します。ロドトルラの段階であれば、スポンジでの水洗いや重曹スプレーで簡単に取れますので、お風呂場で見つけた時に見つけた人が掃除するようにしてください。黒カビは菌を殺すだけなら、50度以上のお湯でできます。カビが生えている床に50度のお湯であれば1カ所につき90秒、60度のお湯であれば一瞬でカビ菌が消滅してくれます。お湯を使う時は火傷しないように気をつけて使いましょう。黒カビ菌は死滅しても、黒い色は残ってしまいますので、色を白くするために塩素系漂白剤やカビ取り剤を使います。塩素系漂白剤やカビ取り剤もカビ菌を退治してくれますが、お湯で菌を死滅させてから使ったほうが薬品の使用量が少なくて済みます。, '
          '白いプラスチック樹脂でできた床は、樹脂の化学変化で黄ばんでくることがあります。オキシクリーンなど酸素系漂白剤をつけて、日光に当てるかブラックライトを当てると黄ばみが取れます。この方法は持ち運びできるプラスチック製品であれば日光に当てることも可能ですが、お風呂の床には実用的ではありませんよね。お風呂掃除の専門家は、過酸化水素水と漂白活性化剤でプラスチックの黄ばみを落とします。これらの薬品は劇薬のため、一般用には販売されていません。そのため、白いお風呂の床が黄ばんできてしまったら、専門家に掃除を依頼しましょう。, '
          'お風呂の床の素材によっては、硬いプラスチック素材でできたブラシや、メラミンスポンジ、クレンザーなどで掃除すると傷がつく場合があります。また、大理石が酸に弱いといったように、洗剤によっては素材にダメージを与えるものがあるので、目立たない部分でテストしてから全体を掃除してください。, '
          'お風呂の床掃除でも、キッチンラップが活躍します。洗剤は床にスプレーした直後よりも、少し時間が経ってからこすったほうが効果的です。時間が経てば経つほど、汚れを分解して床から浮かせてくれるので、水垢のように硬い汚れの場合は30分以上は放置したいですね。洗剤が床素材に染み込んで色がついてしまったり、性質が変化してしまう危険性が無ければ、洗剤をかけて一晩放置しておくと汚れが浮いて掃除が簡単になりますよ。, '
          'キッチンペーパーは吸水力があるので、洗剤を長時間留めておきたい掃除で活躍してくれます。キッチンラップでパックするだけでは洗剤の量が十分では無い時に、洗剤をスプレーして、その上にキッチンペーパーを敷き、再び洗剤をスプレーしてからラップでパックしてみましょう。キッチンペーパーだけでなく、ティッシュペーパーに洗剤を含ませて放置しておくのも同じ効果がありますが、ティッシュペーパーは水に触れると破れやすいので後片付けが大変になります。破れにくく作ってあるキッチンペーパーのほうが使いやすいですよ。, '
          'マイクロファイバークロスは洗剤を使わなくても、水拭きだけでも浴室の床を綺麗にしてくれます。しばらく使っていると細かい繊維が抜けていくので、汚れ落ちが悪くなります。ネット通販やホームセンターで安いマイクロファイバークロスが販売されているので、汚れたら捨てる感覚で使いましょう。, '
          'お風呂掃除は、カビ取りの塩素系漂白剤や、水垢取りの酸性洗剤を使います。塩素系漂白剤は強いアルカリ性を、酸性洗剤は強い酸でできていますので、吸い込んでしまったり、目に入ったりしないようマスク、ゴーグル、手袋を着用しましょう。お風呂掃除は水場なので薄着でお掃除したくなりますが、肌に刺激の強い洗剤がつくと荒れてしまいます。夏場でもめんどくさがらず、肌を露出しない服装でお掃除してください。カビを取る塩素系漂白剤は、服の色まで白く漂白してしまいますので、お掃除の時に着る服は色が取れても良いものにしましょう。, '
          'お風呂の床掃除は、毎日している人と週に1回している人が多く見られます。毎日のお風呂の床の掃除は、お風呂から出る前に石鹸の泡をしっかり流している人が多いです。洗剤を使うのではなく、身体を洗った石鹸カスを残り湯で流すことで、汚れが床につくのを防ぐことができるのです。週に1回のお掃除は、お風呂から出る時に洗剤をスプレーして、さっとスポンジや柄付きブラシでお風呂の床を綺麗にしている人が多いようです。お風呂から出る時であれば、身体に洗剤がかかってしまっても洗い流せるので簡単ですよね。, '
          'お風呂の床掃除を業者に頼む時には、床をどの程度掃除してくれるか前もって打合せをしておきましょう。壁や天井は掃除をしても、床までは掃除してくれない業者もありますので、事前の話し合いが大切です。また、プロならではの徹底的な掃除をしてくれるのか、ハウスクリーニングで家族が忙しい時に代理で掃除をしてくれる程度の仕上がりなのかも聞いておく必要があります。, '
          'お風呂の床は、酸性の汚れはアルカリ性の洗剤で、アルカリ性の汚れは酸性の洗剤で掃除すると良く落ちることがわかりました。お風呂用洗剤は中性なので、アルカリ性の重曹や酸性のクエン酸を100円ショップで購入しましょう。黒ずみや黒カビ、赤いカビは重曹や塩素系漂白剤で、白い水垢はクエン酸やサンポールで落ちます。黄ばみは酸素系漂白剤と日光もしくはブラックライトで改善されますが、掃除のプロに強い薬品で掃除してもらったほうがしっかり綺麗になります。酸性の薬品とアルカリ性の薬品を使う時は、同時に使わないようにしましょう。重曹とクエン酸のように弱い薬品であれば、発泡を汚れ落としに使えますが、塩素系漂白剤のように強い洗剤と酸をまぜると悪性のガスが発生するのです。お風呂の床の素材は、踏んだ時に滑らないようにすべり止め加工がしてあるものもあります。掃除方法によってはコーティング加工がとれてしまうこともありますので、強い薬品や硬いスポンジやブラシを使う時には、目立たない隅の方でテストしてから全体に使ってください。, '
          '自宅のエアコンやキッチン、店舗のガラスやトイレまで。プロの力でキレイによみがえる！なかなか落ちない頑固な汚れにはこちらのサービスがオススメです。, '
          '無料の見積り相談であらゆるハウスクリーニングに対応してくれます。諦めている長年の汚れを落としてませんか？, '
          '近頃有名なパストリーゼという名前は聞いたことがあるけれど、いったいどのような使用方法があるのかよく分からないという人も多くいるのではないでしょうか。本記事ではパストリーゼの活用方法を状況別に紹介します。本記事を参考にパストリーゼの活用方法を習得しましょう。, '
          '毎日使用するIHコンロは、綺麗な状態にしておきたいと考えていても、焦げ汚れが付いてしまう場合があります。拭き掃除をしなければいけないとわかっていても、そのまま使用しているケースも多いのではないでしょうか。そこで、IHコンロのひどい焦げつき汚れの落とし方と必要な道具を紹介します。, '
          '扇風機は掃除を怠るとホコリがどんどん溜まってしまいます。そうならないためには日常的にできる掃除をし、ホコリが溜まってしまったら徹底的に掃除をする必要があります。本記事ではその方法をステップ毎に詳しく紹介します。本記事を参考に扇風機の掃除の方法を学びましょう。, '
          '浴室タイルをしばらく掃除をしないと、あっという間に汚れがたまり黒ずみます。他にも「浴室タイルが白くなっている」、「タイルの目地が赤くて困っている」方はいませんか？浴室タイルの掃除方法をご紹介します！, '
          '自宅の中で毎日利用する場所といえば、洗面台。そのため、使い続けていくと黒ずみが発生しやすく、放置しておくととても不衛生です。黒ずんだ洗面台は見た目も悪く、気持ちよく使用できませんよね。ここでは、洗面台が黒ずんでしまう原因とその対処法をいくつか解説しています。, '
          '猫の飼い主さん達の間でよく聞く悩みが網戸のことです。猫が網戸に登る、破くなどの問題行動で困っていませんか？対策をしなければ状況が悪化する恐れもあります。今回は、網戸の猫対策をチェックしていきましょう。, '
          'トイレに漂うアンモニア臭は人の気分を悪くしてしまいます。毎日の掃除ではなかなか落ちないのがアンモニア臭です。本記事ではそのアンモニア臭の原因から、実際にどのように掃除をすれば取り除けるかを詳しく紹介します。本記事を参考に自分に最適な掃除方法を確認しましょう。, '
          '大事にしていた雛人形も、飾る機会がなくなると場所を取る存在になります。”そろそろ処分しようかな”などと、考えている方もいるのではないでしょうか？そこで今回は、雛人形の処分方法などをご紹介していきます。, '
          '畳によく発生する小さな虫はどこから来るのでしょうか。畳に発生する虫は危険な虫なのか、発生しやすい虫ごとに特徴をまとめました。また実際におすすめな対策方法も詳しく紹介しています。本記事を参考に畳に発生する虫対策を実践してみましょう。, '
          '家の中にいるネズミをどのように追い出せば良いか分からないという人も多くいるのではないでしょうか。本記事では実際におすすめなネズミを追い出す方法と、そのあとどのように対処すれば侵入を防ぐことができるかを詳しく紹介します。自分に合った最適な方法を学びましょう。. '
          'キレイにしようと思ってはいても、長く使っていれば浴槽に黒ずみができてしまうことはありますよね。スポンジでこすってもなかなか落ちなくて困っている人も多いのではないでしょうか。, '
          '水垢は水道水に含まれるミネラル分が固まったもので、本来は白くザラザラした汚れですが、皮脂や洗剤なども積み重なって黒ずみになります。, '
          '普段使う洗剤ではこすってもなかなか落ちないので、使っているうちにどんどん溜まっていってしまうんですよ。, '
          '浴槽の黒ずみを落とすには研磨剤入りの洗剤、「クレンザー」が1本あればOK。クレンザーで有名な『ジフ』シリーズにはお風呂用の製品があるので使い勝手もよく安心です。, '
          'スポンジはよく絞り、柔らかい面を使ってやさしくこする。強くこすりすぎないのがポイント。, '
          'ミネラル分が固まった水垢はアルカリ性の性質があるので、酸性をもつクエン酸や酢を使ってもキレイに掃除できます。数時間つけおくだけでふやけて落としやすくなりますよ。, '
          'クエン酸水をつくる。水200mlにクエン酸小さじ1杯くらいが混ぜる目安。スプレーなどにつめておくと使いやすい。, '
          'キッチンペーパーを浴槽の黒ずみが気になる場所に当てて、スプレーを吹き付ける。クエン酸水で湿らせて貼り付ける。, '
          'クエン酸が水垢をふやけさせて簡単に落とせるようになっています。これにクレンザーを組み合わせれば効果は抜群ですよ。, '
          'クエン酸を使うときに注意なのが、『カビキラー』などの漂白剤と併用しないこと。体に害のある有毒なガスが発生してしまうので、同時に使うことは絶対にやめてください。, '
          '浴槽の内側など、面全体にできる黒ずみは水垢と考えられますが、ゴムパッキンなど素材の違う場所にできた黒ずみはカビが原因かもしれません。, '
          '根を張って落ちなくなってしまったものには、『カビキラー』などの塩素系漂白剤を使いましょう。, '
          '使い方はかんたんで、目立つ部分にスプレーを吹きかけたら数分待って流すだけ。こする必要もなく、キレイに落とせますよ。, '
          '浴槽を新品のようにツルツルに戻したあとは、このキレイな状態が長続きするように予防に努めましょう。, '
          'ただし、お風呂は水を使う場所なので、どうしても水垢ができてしまうものです。「ある程度できるのは仕方ない」とわりきって、ザラザラ残る汚れが出てきたなあと思ったら、ガンコに固まる前にクレンザーでキレイにしましょう。, '
          'お風呂上がりに軽くタオルで水分を拭き取ったり、ワイパーで水気を切るのも効果がありますよ。, '
          'ガンコに固まった汚れも、クレンザーの活用でキレイにできます。原因と対処法がわかっていれば、掃除はラクになりますよ。. 廃インク タンク '
          '吸収体 パッド 洗い方, モナルシーダneo Select Jr, タグホイヤー フォーミュラ1 安い, 関東バス コロナ ダイヤ, '
          '外国人労働者 受け入れ 制度 2019, バンジージャンプ かっこいい 飛び方, 坂道発進 下がる 理由, ファミマ うどん '
          'カロリー, ハリーポッター 相関図 ネタバレ, 秀丸 マクロ カンマ 改行, パチンコ 外国人 法律, 新大久保駅 電話 忘れ物, '
          '又口橋 市が尾 バス, メガネ男子 イラスト 無料, 目暮警部 刺され る, 三点透視 図法 消失点, We Are 短縮形, '
          'エブリイ ジョイン スピーカー交換, 岡山 県立 高校 オープンスクール 2020, ソレイユ 映画 予約, 山陽新幹線 のぞみ '
          "停車駅, ミズノ インドアシューズ 29kv12062, 南海電鉄 回数券 カードタイプ, Don't You Know 意味, "
          'ペルソナ4 アニメ 違い, Procreate 自動選択 できない, フェイタルバレット オンライン ソロ, 七つの大罪 ザラトラス '
          '兄弟, ブルーレイ 受信 できない, Toto ウォシュレット 一体型 修理, 日本 最 古 の花火大会, 川崎 カフェ コロナ, '
          'ピスト ブルホーン ブレーキ, Android スクリーンショット 保存先, 有馬温泉 日帰り 招待券,',
          'ダイエット部の読者が、実際に取り組んだダイエットの体験談を紹介するコーナー。 今回は、「ranno」さん（20代 '
          '女子大生）による「筋トレダイエット」の体験談♪ '
          'ダイエットに関する失敗と成功やビフォーアフター。本当に効果があるダイエットなのか？自分にも向いているのか？ '
          'この体験談を通して、自分のダイエットの参考にしよう！ 私がダイエットを決意した理由 私は身体測定が大嫌いでした。 '
          '身長は日本人女性の平均くらい、157㎝と普通なのに体重50キロ台な自分が許せませんでした。 '
          'しかし、ありがたいことに私は現在大学生です。時間が有り余るほどありますから、その時間を使ってダイエットしよう！と決意しました。 '
          '目標は体重を40キロ台にすることです。 筋トレダイエットに行きついた経緯 '
          'ダイエットを始めようと決意したはいいですが、何ダイエットが効果的なのか全然わかりませんでした。 '
          'インターネットで検索してみても、いろんな種類のダイエットが出てきて決められない…。 そんな経験がある方、多いんじゃないでしょうか。 '
          'そんな感じでどのダイエットにするか悩んでいたとき、母から「脂肪を燃やすには筋肉が付いてないといけない」という話を聞きました。 '
          'つまり、いきなりお腹や脚の脂肪を燃やそうとしても燃えるわけがないんです。 '
          '私はまず、ある程度の筋肉をつけようと、この筋トレダイエットに至ったのでした。 自己流筋トレダイエットのやり方 '
          '基本的な筋トレメニューは、1日に腹筋30回、腕立て20秒×3、寝転がってエア自転車こぎ20秒×3、というトレーニングメニューです。 '
          'ポイントは、腹筋の時の体勢ですが、寝転がって脚を直角に曲げ、少しでも多くの負荷をかけます。 - '
          'お腹痩せのダイエット筋トレ「カベ腹筋」のやり方 続きを見る - バストアップ・二の腕痩せの筋トレ「ひざ腕立て伏せ」のやり方 続きを見る '
          '- 太もも痩せエクササイズ「エア自転車こぎ」のやり方 続きを見る 長続きした理由は「追い込み過ぎないこと」 '
          '私は元々運動が得意ではありませんでした。 学校の体育の準備体操内の筋トレは死ぬほどやりたくありませんでした。 '
          'そんな私が筋トレダイエット初日からバリバリできるわけがありません。 '
          'そこで私はダイエットに取り組む前に、まずいくつかのルールを設定しました。 - やりたくなかったら、1日に腹筋10回だけでもいい！ - '
          '好きな音楽を流しながら筋トレする！ - 飲み物は水しか飲まない！ という3つのルールです。 '
          'このルールのおかげで私は1日たりとも欠かさず半年間続けてこられました。 1ですが、どうしてもやりたくない日ってあるじゃないですか。 '
          'でも1日少しでも筋トレに携わっていないと、どんどんやらなくなってしまう危険性があります。 '
          'だから1日10回でもいいから続けることが大事なのです。 '
          '2は、ただ単純に楽しく続けるためです。ジムにいる方たちもよくイヤホンで音楽を聴いていますよね。 '
          '3は意外と重要だったので、次のセクションでお話します。 ダイエット中の飲み物は水しか飲まない！ カラダのキホン「水」 '
          'これは筋トレダイエットとは直接は関係ないですが、ものすごく効果的でした。 '
          'ジュースやお酒は多くの砂糖が入っているため、意外と脂肪につきやすいです。 '
          'しかし水はカロリーがないことはもちろん、お通じが良くなるため体重が勝手に減っていくのです。 '
          'しかも肌の調子を整えてくれたり、お腹にたまって満腹中枢を刺激してくれたりなどなど、メリットがたくさんあるので、簡単だからこそぜひ試してみてほしいプラスアルファダイエットでした。 '
          '- 「水ダイエット」のやり方と効果！海外セレブも実践中♡ 水を飲むだけで簡単に痩せられる!? '
          '海外セレブも習慣にしている水ダイエット❤️ ただし、単純に「水を飲んでさえいれば痩せる」というのでは理解不足。 '
          '水ダイエットで効果を出す ... 自己流筋トレダイエットを半年間続けた結果 結論から言いますと、大成功しました！ '
          '半年前は53キロあった体重が、筋トレダイエットのおかげで半年後には48キロまで減量成功しました。 半年でマイナス5キロ '
          'はだいぶ大きいと思います。 筋トレダイエットの利点は、目標であった夢の40キロ台になっただけでなく、 うっすらと腹筋が割れ 、 '
          'くびれもでき てしまうほど効果てきめんでした！ 私は痩せて引き締まったお腹を見せたくてしょうがなくて、よく家族に '
          'お腹を見せて自慢していました （笑）。 他にもエア自転車こぎダイエットのおかげで脚が細くなり、むくみもなくなりました。 '
          '腕立てのおかげで体幹がしっかりし、姿勢が良くなったねと褒められるようにもなりました。 自己流筋トレダイエットの注意点 '
          '日ごろから運動している人は大丈夫かもしれませんが、どちらかというと運動苦手だという方は、絶対にルール1の「やりたくなかったら、1日に腹筋10回だけでもいい！」を守ってください。 '
          'それを守らなければ絶対に1週間すらもちません。 早く痩せたいという気持ちはものすごくわかります（現に私がそうでした）。 '
          'でもダイエットとは継続がものを言うと思うので、無理せず長く続ける方が効果が出ると思いますよ。 まとめ 自己流筋トレダイエットの評価 '
          '部屋トレする女性 自己流筋トレダイエットの評価は、☆5点満点中4点です！ '
          'おすすめポイントとしては、筋肉をつけておけば生きているだけ、動いているだけで脂肪燃焼していく効果があるので、リバウンドしにくいところです。 '
          'きつかったらやる量を減らしてもいいよと自分に少し甘くしてあげることによって、長く続けることもできるので、やりやすいダイエットだと思います。 '
          '効果はすぐには出ないので、☆4としましたが、「継続は力なり」の精神で、無理なく楽しく筋トレダイエットに挑戦してみてほしいです！']}
F1: 0.6321243523316062
Namespace(model='saved_models/downsampled_multilingual', test_set='test_sets/chi_all_modified.tsv', treshold=0.5)
['IN', 'IN', 'OP', 'IP', 'IP']
[['IN'], ['IN'], ['OP'], ['IP'], ['IP']]
[[0, 0, 1, 0, 0, 0, 0, 0], [0, 0, 1, 0, 0, 0, 0, 0], [0, 0, 0, 0, 0, 0, 1, 0],
 [0, 0, 0, 1, 0, 0, 0, 0], [0, 0, 0, 1, 0, 0, 0, 0]]
{'label': [[0, 0, 1, 0, 0, 0, 0, 0], [0, 0, 1, 0, 0, 0, 0, 0]],
 'text': ['广东省人民政府首页 > 要闻动态 > 广东要闻 '
          '吐鲁番挖掘机总公司aiyxc,云浮挖掘机服务中心,永州丝网总公司,徐州养殖总公司,黔东南制鞋有限公司 '
          '近日，银保监会印发《商业银行代理保险业务管理办法》（以下简称“《办法》”）。《办法》规定从业务准入、经营规划、业务退出、监督管理等方面，对商业银行销售保险产品进行了相应规范。 '
          '业务准入方面，《规定》提出，中国银保监会直接监管的商业银行经营保险代理业务，应当由其法人机构向中国银保监会申请许可证。其他商业银行经营保险代理业务，应当由法人机构向注册所在地中国银保监会派出机构申请许可证。商业银行网点凭法人机构的授权经营保险代理业务。商业银行及其保险销售从业人员应当对投保人进行需求分析与风险承受能力测评，根据评估结果推荐保险产品，把合适的保险产品销售给有需求和承受能力的客户。? '
          '从业人员“门槛”方面，《规定》明确，商业银行保险销售从业人员销售投连保险产品还应至少有1年以上的保险销售经验，每年接受不少于40小时的专项培训，并无不良记录。 '
          '此外，《办法》在经营规则中明确，商业银行对取得的佣金应当如实全额入账，加强佣金集中管理，合理列支保险销售从业人员佣金，严禁账外核算和经营，并规定保险公司及其人员不得以任何名义、任何形式向商业银行及保险销售从业人员支付协议规定之外的任何利益。 '
          '《办法》将自2019年10月1日起施行。 商业银行代理保险业务管理办法 第一章总则 '
          '第一条为加强对商业银行代理保险业务监督管理，保护消费者合法权益，促进商业银行代理保险业务规范健康发展，根据《中华人民共和国保险法》《中华人民共和国商业银行法》《中华人民共和国银行业监督管理法》等有关法律、行政法规，制定本办法。 '
          '第二条本办法所称商业银行代理保险业务是指商业银行接受保险公司委托，在保险公司授权的范围内，代理保险公司销售保险产品及提供相关服务，并依法向保险公司收取佣金的经营活动。 '
          '本办法所称保险销售从业人员，是指为商业银行销售保险产品的人员。 '
          '第三条商业银行经营保险代理业务，应当符合中国银保监会规定的条件，取得《保险兼业代理业务许可证》（以下简称许可证）。 '
          '第四条商业银行和保险公司开展保险代理业务合作，应当本着互利共赢、共同发展、保护消费者利益的原则，共同促进商业银行代理保险业务的持续健康发展。 '
          '第五条商业银行应当充分发挥销售渠道优势，保险公司应当充分发挥长期资产负债匹配管理和风险保障的核心技术优势，在商业银行代理保险业务中大力发展长期储蓄型和风险保障型保险产品，持续调整和优化商业银行代理保险业务结构，为消费者提供全面的金融服务。 '
          '第六条商业银行经营保险代理业务应当遵守法律、行政法规和中国银保监会有关规定，遵循平等、自愿、公平和诚实信用的原则。 '
          '第七条中国银保监会根据《中华人民共和国保险法》《中华人民共和国商业银行法》《中华人民共和国银行业监督管理法》和国务院授权，对商业银行代理保险业务履行监管职责。 '
          '中国银保监会派出机构在授权范围内履行监管职责。 第二章业务准入 第八条商业银行经营保险代理业务，应当具备下列条件： '
          '（一）具有中国银保监会或其派出机构颁发的金融许可证； '
          '（二）主业经营情况良好，最近2年无重大违法违规记录（已采取有效整改措施并经中国银保监会及其派出机构认可的除外）； '
          '（三）已建立符合中国银保监会规定的保险代理业务信息系统； （四）已建立保险代理业务管理制度和机制，并具备相应的专业管理能力； '
          '（五）法人机构和一级分支机构已指定保险代理业务管理责任部门和责任人员； （六）中国银保监会规定的其他条件。 '
          '第九条商业银行代理保险业务信息系统应具备以下条件： （一）具备与管控保险产品销售风险相适应的技术支持系统和后台保障能力； '
          '（二）与保险公司业务系统对接； （三）实现对其保险销售从业人员的管理； '
          '（四）能够提供电子版合同材料，包括投保提示书、投保单、保险单、保险条款、产品说明书、现金价值表等文件； '
          '（五）记录各项承保所需信息，并对各项信息的逻辑关系及真实性进行校对； （六）中国银保监会规定的其他条件。 '
          '第十条中国银保监会直接监管的商业银行经营保险代理业务，应当由其法人机构向中国银保监会申请许可证。 '
          '其他商业银行经营保险代理业务，应当由法人机构向注册所在地中国银保监会派出机构申请许可证。 '
          '商业银行网点凭法人机构的授权经营保险代理业务。 第十一条商业银行申请经营保险代理业务，应当提交以下申请材料： '
          '（一）营业执照副本复印件； （二）近两年违法违规行为情况的说明（机构成立不满两年的，提供自成立之日起的情况说明）； '
          '（三）合作保险公司情况说明； （四）保险代理业务信息系统情况说明； （五）保险代理业务管理相关制度，如承保出单、佣金结算、客户服务等； '
          '（六）保险代理业务责任部门和责任人指定情况的说明； （七）中国银保监会规定的其他材料。 '
          '第十二条中国银保监会及其派出机构收到商业银行经营保险代理业务申请后，可采取谈话、函询、现场验收等方式了解、审查申请人的市场发展战略、业务发展计划、内控制度建设、人员结构、信息系统配置及运行等有关事项，并进行风险提示。 '
          '第十三条中国银保监会及其派出机构依法作出批准商业银行经营保险代理业务的决定的，应当向申请人颁发许可证。许可证不设有效期。申请人取得许可证后，方可开展保险代理业务。 '
          '申请人应当在取得许可证5日内按照中国银保监会规定的监管信息系统登记相关信息，登记信息至少应当包括以下内容： '
          '（一）法人机构名称、住所或者营业场所； （二）保险代理业务管理部门及责任人； （三）许可证名称； （四）业务范围； （五）经营区域； '
          '（六）中国银保监会规定的其他事项。 中国银保监会及其派出机构决定不予批准的，应当作出书面决定并说明理由。 '
          '第十四条商业银行有下列情形之一的，应当自该情形发生之日起5日内，由法人机构或其授权的分支机构通过中国银保监会规定的监管信息系统报告： '
          '（一）变更名称、住所或者营业场所； （二）授权网点经营保险代理业务； （三）变更网点经营保险代理业务授权； '
          '（四）变更保险代理业务责任部门和责任人； （五）中国银保监会规定的其他报告事项。 '
          '第十五条商业银行应当由法人机构或其授权的分支机构在中国银保监会规定的监管信息系统中为其保险销售从业人员办理执业登记。 '
          '执业登记应当包括下列内容： （一）姓名、性别、身份证号码、学历、照片； （二）所在商业银行网点名称； （三）所在商业银行投诉电话； '
          '（四）执业登记编号； （五）执业登记日期。 '
          '执业登记事项发生变更的，商业银行法人机构或其授权的分支机构应当自该情形发生之日起5日内，在中国银保监会规定的监管信息系统中变更执业登记。 '
          '商业银行保险销售从业人员只限于通过1家商业银行进行执业登记。 '
          '商业银行保险销售从业人员通过保险公司执业登记的，具体办法由中国银保监会另行制定。 第三章经营规则 '
          '第十六条商业银行选择合作保险公司时，应当充分考虑其偿付能力状况、风险管控能力、业务和财务管理信息系统、近两年违法违规情况等。 '
          '保险公司选择合作商业银行时，应当充分考虑其资本充足率、风险管控能力、营业场所、保险代理业务和财务管理制度健全性、近两年违法违规情况等。 '
          '第十七条商业银行与保险公司开展保险代理业务合作，原则上应当由双方法人机构签订书面委托代理协议，确需由一级分支机构签订委托代理协议的，该一级分支机构应当事先获得其法人机构的书面授权，并在签订协议后，及时向其法人机构备案。 '
          '商业银行与保险公司签订的委托代理协议应当包括但不限于以下主要条款：代理保险产品种类，佣金标准及支付方式，单证及宣传材料管理，客户账户及身份信息核对，反洗钱，客户信息保密，双方权利责任划分，争议的解决，危机应对及客户投诉处理机制，合作期限，协议生效、变更和终止，违约责任等。 '
          '第十八条商业银行代理销售的保险产品应当符合中国银保监会保险产品审批备案管理的有关要求。 '
          '保险公司应当针对商业银行客户的保险需求以及商业银行销售渠道的特点，细分市场，开发多样化的、互补的保险产品。 '
          '第十九条商业银行对保险代理业务应当进行单独核算，对不同保险公司的代收保费、佣金进行独立核算，不得以保费收入抵扣佣金。 '
          '保险公司委托商业银行代理销售保险产品，应当建立商业银行代理保险业务的财务独立核算及评价机制，做到新业务价值、利润及费用独立核算，应当根据审慎原则科学制定商业银行代理保险业务财务预算、业务推动政策，防止出现为了业务规模不计成本的经营行为，防范费差损风险。 '
          '第二十条商业银行与保险公司结算佣金，应当由保险公司一级分支机构向商业银行一级分支机构或者至少二级分支机构统一转账支付；具备条件的商业银行与保险公司，应实现法人机构间佣金集中统一结算；委托地方法人银行业金融机构代理保险业务的，应当由保险公司一级分支机构向地方法人银行业金融机构统一转账支付。 '
          '第二十一条商业银行对取得的佣金应当如实全额入账，加强佣金集中管理，合理列支其保险销售从业人员佣金，严禁账外核算和经营。 '
          '保险公司应当按照财务制度据实列支向商业银行支付的佣金。保险公司及其人员不得以任何名义、任何形式向商业银行及其保险销售从业人员支付协议规定之外的任何利益。 '
          '第二十二条商业银行和保险公司应当建立保险代理业务台账，逐笔记录有关内容，台账至少应当包括保险公司名称、代理险种、保险单号、保险期间、缴费方式、保险销售从业人员姓名及其执业登记编号、所属网点、投保人及被保险人名称、保险金额、保险费、佣金等。 '
          '第二十三条商业银行应当建立保险代理业务的管理制度和相关档案，包括但不限于以下内容： '
          '（一）与保险公司签订、解除代理协议关系和持续性合作制度; （二）保险产品宣传材料审查制度及相关档案； '
          '（三）客户风险评估标准及相关档案； （四）定期合规检查制度及相关档案; （五）保险销售从业人员教育培训制度及相关档案; '
          '（六）保险单证管理制度及相关档案; （七）绩效考核标准; （八）投诉处理机制和风险处理应急预案; （九）违规行为内部追责和处罚制度。 '
          '保险公司应当制定合法、有效、稳健的商业银行代理保险业务管理制度，至少包括业务管理制度、财务管理制度、信息系统管理制度、投保单信息审查制度，并应当成立或指定专门的部门负责管理商业银行代理保险业务。 '
          '第二十四条商业银行应当加强对其保险销售从业人员的岗前培训和后续教育，组织其定期接受法律法规、业务知识、职业道德、消费者权益保护等相关培训。其中，商业银行保险销售从业人员销售投资连结型保险产品还应至少有1年以上的保险销售经验，每年接受不少于40小时的专项培训，并无不良记录。 '
          '保险公司应当按照中国银保监会有关规定加强对其银保专管员的管理，有关规定由中国银保监会另行制定。 '
          '第二十五条商业银行网点经营保险代理业务应当将所属法人机构许可证复印件置于营业场所显着位置。 '
          '保险公司应当切实承担对其分支机构的管理责任，不得委托没有取得许可证的商业银行或者没有取得法人机构授权的商业银行网点开展保险代理业务。 '
          '第二十六条商业银行网点应当将其保险销售从业人员执业登记情况置于营业场所显着位置，执业登记情况应包括从业人员姓名、身份证号、照片、执业登记编号、所属网点名称等。 '
          '商业银行保险销售从业人员只能在其执业登记的商业银行网点开展保险代理业务。 '
          '第二十七条商业银行网点应当在营业场所显着位置张贴统一制式的投保提示，并公示代销保险产品清单，包括保险产品名称和保险公司等信息。 '
          '第二十八条商业银行及其保险销售从业人员应当向客户全面客观介绍保险产品，应当按保险条款将保险责任、责任免除、退保费用、保单现金价值、缴费期限、犹豫期、观察期等重要事项明确告知客户，并将保险代理业务中商业银行和保险公司的法律责任界定明确告知客户。 '
          '第二十九条商业银行及其保险销售从业人员应当使用保险公司法人机构或经其授权的保险公司一级分支机构统一印制的保险产品宣传材料，不得设计、印刷、编写或者变更相关保险产品的宣传册、宣传彩页、宣传展板或其他销售辅助品。 '
          '第三十条各类宣传材料应当按照保险条款全面、准确描述保险产品，要在醒目位置对经营主体、保险责任、退保费用、现金价值和费用扣除情况进行提示，不得夸大或变相夸大保险合同利益，不得承诺不确定收益或进行误导性演示，不得有虚报、欺瞒或不正当竞争的表述。 '
          '各类保险单证和宣传材料在颜色、样式、材料等方面应与银行单证和宣传材料有明显区别，不得使用带有商业银行名称的中英文字样或商业银行的形象标识，不得出现“存款”“储蓄”“与银行共同推出”等字样。 '
          '第三十一条保险单册样式应当合理设计，封套及内页装订后为A4大小，封面用不小于72号字体标明“保险合同”字样，用不小于二号字体标明保险公司名称，用不小于三号字体标明规定的风险提示语及犹豫期提示语，保险合同中应当包含保险条款及其他合同要件。 '
          '第三十二条商业银行及其保险销售从业人员应当对投保人进行需求分析与风险承受能力测评，根据评估结果推荐保险产品，把合适的保险产品销售给有需求和承受能力的客户。 '
          '（一）投保人存在以下情况的，向其销售的保险产品原则上应当为保单利益确定的保险产品，且保险合同不得通过系统自动核保现场出单，应当将保单材料转至保险公司，经核保人员核保后，由保险公司出单： '
          '1.投保人填写的年收入低于当地省级统计部门公布的最近1年城镇居民人均可支配收入或农村居民人均纯收入； '
          '2.投保人年龄超过65周岁或期缴产品投保人年龄超过60周岁。 '
          '保险公司核保时应当对投保产品的适合性、投保信息、签名等情况进行复核，发现产品不适合、信息不真实、客户无继续投保意愿等问题的不得承保。 '
          '（二）销售保单利益不确定的保险产品，包括分红型、万能型、投资连结型、变额型等人身保险产品和财产保险公司非预定收益型投资保险产品等，存在以下情况的，应当在取得投保人签名确认的投保声明后方可承保： '
          '1.趸缴保费超过投保人家庭年收入的4倍； 2.年期缴保费超过投保人家庭年收入的20%，或月期缴保费超过投保人家庭月收入的20%； '
          '3.保费缴费年限与投保人年龄数字之和达到或超过60； 4.保费额度大于或等于投保人保费预算的150%。 '
          '在投保声明中，投保人应当表明投保时了解保险产品情况,并自愿承担保单利益不确定的风险。 '
          '第三十三条商业银行及其保险销售从业人员应当向投保人提供完整合同材料，包括投保提示书、投保单、保险单、保险条款、产品说明书、现金价值表等，指导投保人在投保单上如实、正确、完整地填写客户信息，并在人身保险新型产品投保书上抄录有关声明，不得代抄录有关语句或签字。投保提示书应当至少包括以下内容： '
          '（一）客户购买的是保险产品； （二）提示客户详细阅读保险条款和产品说明书，尤其是保险责任、犹豫期和退保事项、利益演示、费用扣除等内容； '
          '（三）提示客户应当由投保人亲自抄录、签名； （四）客户向商业银行及保险公司咨询及投诉渠道； （五）中国银保监会规定的其他内容。 '
          '第三十四条商业银行保险销售从业人员应当请投保人本人填写投保单。有下列情形的，可由保险销售从业人员代填： '
          '（一）投保人填写有困难，并进行了书面授权； （二）投保人填写有困难，且无法书面授权，在录音录像的情况下进行了口头授权。 '
          '在代填过程中，保险销售从业人员应当与投保人逐项核对填写内容，按投保人描述填写投保单。填写后，投保人确认投保单填写内容为自己真实意思表示后签字或盖章。 '
          '商业银行应当将书面授权文件、录音、录像等资料交由保险公司进行归档管理。 '
          '第三十五条商业银行通过自动转账扣划收取保费的，应当就扣划的账户、金额、时间等内容与投保人达成协议，并有独立于投保单等其他单证和资料的银行自动转账授权书，授权书应当包括转出账户、每期转账金额、转账期限、转账频率等信息，并向投保人出具保费发票或保费划扣收据。 '
          '保险公司应当在划扣首期保费24小时内，或未划扣首期保费的在承保24小时内，以保险公司名义，通过手机短信、微信、电子邮件等方式，提示投保人，提示内容应当至少包括：保险公司名称、保险产品名称、保险期间、犹豫期起止时间、期缴保费及频次、保险公司统一客服电话。分期缴费的保险产品，鼓励采取按月缴费等符合消费者消费习惯的保费缴纳方式。在续期缴费、保险合同到期时应当采取手机短信、微信、电子邮件等方式提示投保人。投保人无手机联系方式的，应当通过电子邮件、纸质信件等方式提示。 '
          '第三十六条商业银行代理销售的保险产品保险期间超过一年的，应当在保险合同中约定15日的犹豫期，并在保险合同中载明投保人在犹豫期内的权利。犹豫期自投保人收到保险单并书面签收之日起计算。 '
          '第三十七条商业银行及其保险销售从业人员代理销售投资连结型保险产品和财产保险公司非预定收益型投资保险产品等，应在设有销售专区以上层级的网点进行，并严格限制在销售专区内。 '
          '对于保单期限和缴费期限较长、保障程度较高、产品设计相对复杂以及需要较长时间解释说明的保险产品，商业银行应当积极开拓销售专区，通过对销售区域和销售从业人员的控制，将合适的保险产品销售给合适的客户。 '
          '第三十八条商业银行代理销售意外伤害保险、健康保险、定期寿险、终身寿险、保险期间不短于10年的年金保险、保险期间不短于10年的两全保险、财产保险（不包括财产保险公司投资型保险）的保费收入之和不得低于保险代理业务总保费收入的20%。 '
          '第三十九条商业银行开展互联网保险业务和电话销售保险业务应当由其法人机构建立统一集中的业务平台和处理流程，实行集中运营、统一管理，并符合中国银保监会有关规定。 '
          '除以上业务外，商业银行每个网点在同一会计年度内只能与不超过3家保险公司开展保险代理业务合作。 '
          '第四十条商业银行每个网点与每家保险公司的连续合作期限不得少于1年。 '
          '商业银行和保险公司应当保持合作关系和客户服务的稳定性。合作期间内，其中一方出现对合作关系有实质影响的不利情形，另一方可以提前中止合作。对商业银行与保险公司中止合作的情况，商业银行应当配合保险公司做好满期给付、退保、投诉处理等后续服务。 '
          '第四十一条商业银行保险销售从业人员应当按照商业银行的授权销售保险产品，不得销售未经授权的保险产品或私自销售保险产品。 '
          '第四十二条商业银行不得允许保险公司人员等非商业银行从业人员在商业银行营业场所从事保险销售相关活动。 '
          '第四十三条商业银行及其保险销售从业人员不得将保险代理业务转委托给其他机构或个人。 '
          '第四十四条商业银行不得通过第三方网络平台开展保险代理业务。 商业银行保险销售从业人员不得以个人名义从事互联网保险业务。 '
          '第四十五条商业银行应当将全面、完整、真实的客户投保信息提供给保险公司并告知客户，不得截留客户投保信息，确保保险公司承保业务和客户回访工作顺利开展。 '
          '保险公司应当将客户退保、续期、满期等信息完整、真实地提供给商业银行，协助商业银行做好保险产品销售后的满期给付、续期缴费等相关客户服务。 '
          '对于到商业银行申请退保、满期给付、续期缴费业务的，商业银行和保险公司应当相互配合，及时做好相应工作。 '
          '第四十六条商业银行不得通过篡改客户信息，以商业银行网点电话、销售从业人员及相关人员电话冒充客户联系电话等方式编制虚假客户信息。 '
          '保险公司发现客户信息不真实或由其他人员代签名的，尚未承保的，不得承保；已承保的，应当及时联系客户说明保单情况、办理相关手续，并要求商业银行予以更正。 '
          '第四十七条商业银行和保险公司应当加强客户信息保护，防止客户信息被不当使用。 '
          '第四十八条商业银行开展保险代理业务，应当根据中国银保监会的相关规定实施保险销售行为可回溯管理，完整客观地记录销售关键环节。 '
          '第四十九条商业银行代理保险业务应当严格遵守审慎经营规则，不得有下列行为： '
          '（一）将保险产品与储蓄存款、基金、银行理财产品等产品混淆销售； '
          '（二）将保险产品收益与储蓄存款、基金、银行理财产品简单类比，夸大保险责任或者保险产品收益； '
          '（三）将不确定利益的保险产品的收益承诺为保证收益； （四）将保险产品宣传为其他金融机构开发的产品进行销售； '
          '（五）通过宣传误导、降低合同约定的退保费用等手段诱导消费者提前解除保险合同； '
          '（六）隐瞒免除保险人责任的条款、提前解除保险合同可能产生的损失等与保险合同有关的重要情况； '
          '（七）以任何方式向保险公司及其人员收取、索要协议约定以外的任何利益； （八）其他违反审慎经营规则的行为。 '
          '第五十条商业银行及其保险销售从业人员在开展保险代理业务中不得有下列行为: （一）欺骗保险公司、投保人、被保险人或者受益人； '
          '（二）隐瞒与保险合同有关的重要情况； （三）阻碍投保人履行如实告知义务，或者诱导其不履行如实告知义务； '
          '（四）给予或者承诺给予投保人、被保险人或者受益人保险合同约定以外的利益； '
          '（五）利用行政权力、职务或者职业便利以及其他不正当手段强迫、引诱或者限制投保人订立保险合同； '
          '（六）伪造、擅自变更保险合同，或者为保险合同当事人提供虚假证明材料； （七）挪用、截留、侵占保险费或者保险金； '
          '（八）利用业务便利为其他机构或者个人牟取不正当利益； （九）串通投保人、被保险人或者受益人、骗取保险金； '
          '（十）泄露在业务活动中知悉的保险人、投保人、被保险人的商业秘密。 '
          '第五十一条商业银行和保险公司应当在客户投诉、退保等事件发生的第一时间积极处理，实行首问负责制度，不得相互推诿，避免产生负面影响使事态扩大，并按照双方共同制定的处理办法，及时采取措施，妥善解决。 '
          '第五十二条商业银行和保险公司应当将商业银行代理保险业务中出现的群访群诉、群体性退保等事件作为重大事件，建立重大事件联合应急处理机制，共同制定重大事件处理办法、指定专门人员、成立应急小组、建立共同信息披露机制，在出现重大事件时及时妥善做好应对工作。 '
          '第五十三条商业银行应当在每月结束后的15日内通过中国银保监会规定的监管信息系统报告业务数据。 '
          '中国银保监会直接监管的商业银行和其他商业银行及其一级分支机构，应当在每个年度结束后的30日内分别向中国银保监会和中国银保监会派出机构报送保险代理业务情况，至少包括以下内容： '
          '（一）保险代理业务开展情况； （二）各险种保费收入占比情况； （三）发生投诉及处理的相关情况； （四）与保险公司合作情况； '
          '（五）内控及风险管理的变化情况； （六）其他需要报送的情况。 第四章业务退出 '
          '第五十四条商业银行有下列情形之一的，中国银保监会及其派出机构依法注销许可证，并予以公告： （一）许可证依法被撤销、撤回或吊销的； '
          '（二）因解散或者被依法宣告破产等原因依法终止的； （三）法律、行政法规和中国银保监会规定的其他情形。 '
          '第五十五条商业银行网点有下列情形之一的，法人机构不得授权该网点开展代理保险业务。已经授权的，须在5日内撤销授权： '
          '（一）内部管理混乱，无法正常经营； （二）存在重大违法行为，未得到有效整改； '
          '（三）拒不执行限期整改违法违规问题、按时报送监管数据等监管要求； '
          '（四）最近1年内因保险代理业务引发过30人以上群访群诉事件或100人以上非正常集中退保事件； '
          '（五）法律、行政法规和中国银保监会规定的其他情形。 '
          '第五十六条有下列情形之一的，商业银行法人机构或其授权的分支机构应当在5日内注销其保险销售从业人员执业登记： '
          '（一）保险销售从业人员离职； （二）保险销售从业人员受到禁止进入保险业的行政处罚； （三）保险销售从业人员因其他原因终止执业； '
          '（四）法律、行政法规和中国银保监会规定的其他情形。 '
          '第五十七条商业银行终止保险代理业务活动，应当维护投保人、被保险人、受益人的合法权益。 第五章监督管理 '
          '第五十八条中国银保监会及其派出机构依法对商业银行代理保险业务制定相关的规章和审慎经营规则，进行现场检查和非现场监管。 '
          '第五十九条银行业协会和保险业协会要通过加强行业自律，在维护市场秩序、促进公平竞争方面发挥积极作用。 '
          '中国银保监会及其派出机构应当督促银行业协会和保险业协会采取行业自律措施，建立行业内部沟通协调机制，加强自我约束和相互监督，共同维护市场秩序、促进公平竞争。 '
          '第六十条中国银保监会及其派出机构可以对商业银行保险代理业务责任人进行谈话，并进行教育培训。 '
          '第六十一条对于业务占比达不到第三十八条要求的商业银行法人机构及其一级分支机构，中国银保监会或者其省一级派出机构有权采取责令限期改正等监管措施。 '
          '第六十二条商业银行开展保险代理业务过程中违反审慎经营规则，违反第四十八条、第四十九条行为的，中国银保监会或者其省一级派出机构应当责令限期改正；逾期未改正的，或者其行为严重危及该商业银行稳健运行、损害客户合法权益的，经中国银保监会或者其省一级派出机构负责人批准，可以采取责令暂停部分业务、停止批准开办新业务的措施。 '
          '商业银行整改后，应当向中国银保监会或者其省一级派出机构提交报告。经中国银保监会或其派出机构验收后，符合有关审慎经营规则的，应当自验收之日起3日内解除对其采取的前款规定的措施。 '
          '第六十三条商业银行开展保险代理业务过程中，存在第五十条行为的，中国银保监会及其派出机构根据《中华人民共和国保险法》第一百六十五条，依法采取监管措施或实施行政处罚。 '
          '第六十四条商业银行作为保险产品的销售主体，依法对其保险销售从业人员的代理销售行为承担主体责任。 '
          '中国银保监会及其派出机构在依法对商业银行实施行政处罚和采取其他监管措施时，保险公司负有责任的，应当同时依法对该行为涉及的保险公司实施行政处罚和采取其他监管措施。 '
          '中国银保监会及其派出机构将依法严厉查处商业银行代理保险业务不正当竞争等行为，加大对商业银行、保险公司及其高级管理人员管理责任的追究力度。 '
          '第六十五条商业银行和保险公司违反本办法相关要求，中国银保监会及其派出机构应当根据《中华人民共和国保险法》《中华人民共和国商业银行法》《中华人民共和国银行业监督管理法》等法律、行政法规及有关规定，依法采取监管措施或实施行政处罚，并追究相关人员责任。 '
          '第六章附则 '
          '第六十六条在中华人民共和国境内经国务院银行保险监督管理机构批准设立的吸收公众存款的金融机构、其他金融机构、政策性银行参照本办法执行。 '
          '第六十七条本办法规定的风险提示语及犹豫期提示语内容如下： 分红保险风险提示语：“您投保的是分红保险，红利分配是不确定的。” '
          '万能保险风险提示语：“您投保的是万能保险，最低保证利率之上的投资收益是不确定的。”有初始费用的产品还应包括：“您缴纳的保险费将在扣除初始费用后计入保单账户。” '
          '投资连结保险风险提示语：“您投保的是投资连结保险，投资回报具有不确定性。”有初始费用的产品还应包括：“您缴纳的保险费将在扣除初始费用后计入投资账户。” '
          '其他产品类型的风险提示语，由公司自行确定。 '
          '犹豫期提示语：“您在收到保险合同后15日内有全额退保（扣除不超过10元的工本费）的权利。超过15日退保有损失。” '
          '第六十八条本办法中，除犹豫期期限“15日”的规定指自然日外，其余有关“3日”“5日”“15日”“30日”的规定指工作日。 '
          '本办法所称“以上”“以下”均含本数。 第六十九条本办法由中国银保监会负责解释、修订。 '
          '第七十条本办法自2019年10月1日起施行，《关于规范银行代理保险业务的通知》（保监发〔2006〕70号）、《中国银监会办公厅关于进一步规范银行代理保险业务管理的通知》（银监办发〔2009〕47号）、《中国银监会关于进一步加强商业银行代理保险业务合规销售与风险管理的通知》（银监发〔2010〕90号）、《关于印发〈商业银行代理保险业务监管指引〉的通知》（保监发〔2011〕10号）、《中国保监会中国银监会关于进一步规范商业银行代理保险业务销售行为的通知》（保监发〔2014〕3号）、《关于银行类保险兼业代理机构行政许可有关事项的通知》（保监中介〔2016〕44号）和《关于进一步明确保险兼业代理行政许可有关事项的通知》（保监中介〔2016〕58号）同时废止。 '
          '责编：方舟 '
          '此内容为第一财经原创，着作权归第一财经所有。未经第一财经书面授权，不得以任何方式加以使用，包括转载、摘编、复制或建立镜像。第一财经保留追究侵权者法律责任的权利。 '
          '如需获得授权请联系第一财经版权部：021-22002972或021-22002335；banquan@yicai.com。 '
          '近日，银保监会印发《商业银行代理保险业务管理办法》（以下简称“《办法》”）。《办法》规定从业务准入、经营规划、业务退出、监督管理等方面，对商业银行销售保险产品进行了相应规范。 '
          '业务准入方面，《规定》提出，中国银保监会直接监管的商业银行经营保险代理业务，应当由其法人机构向中国银保监会申请许可证。其他商业银行经营保险代理业务，应当由法人机构向注册所在地中国银保监会派出机构申请许可证。商业银行网点凭法人机构的授权经营保险代理业务。商业银行及其保险销售从业人员应当对投保人进行需求分析与风险承受能力测评，根据评估结果推荐保险产品，把合适的保险产品销售给有需求和承受能力的客户。? '
          '从业人员“门槛”方面，《规定》明确，商业银行保险销售从业人员销售投连保险产品还应至少有1年以上的保险销售经验，每年接受不少于40小时的专项培训，并无不良记录。 '
          '此外，《办法》在经营规则中明确，商业银行对取得的佣金应当如实全额入账，加强佣金集中管理，合理列支保险销售从业人员佣金，严禁账外核算和经营，并规定保险公司及其人员不得以任何名义、任何形式向商业银行及保险销售从业人员支付协议规定之外的任何利益。 '
          '《办法》将自2019年10月1日起施行。 商业银行代理保险业务管理办法 第一章总则 '
          '第一条为加强对商业银行代理保险业务监督管理，保护消费者合法权益，促进商业银行代理保险业务规范健康发展，根据《中华人民共和国保险法》《中华人民共和国商业银行法》《中华人民共和国银行业监督管理法》等有关法律、行政法规，制定本办法。 '
          '第二条本办法所称商业银行代理保险业务是指商业银行接受保险公司委托，在保险公司授权的范围内，代理保险公司销售保险产品及提供相关服务，并依法向保险公司收取佣金的经营活动。 '
          '本办法所称保险销售从业人员，是指为商业银行销售保险产品的人员。 '
          '第三条商业银行经营保险代理业务，应当符合中国银保监会规定的条件，取得《保险兼业代理业务许可证》（以下简称许可证）。 '
          '第四条商业银行和保险公司开展保险代理业务合作，应当本着互利共赢、共同发展、保护消费者利益的原则，共同促进商业银行代理保险业务的持续健康发展。 '
          '第五条商业银行应当充分发挥销售渠道优势，保险公司应当充分发挥长期资产负债匹配管理和风险保障的核心技术优势，在商业银行代理保险业务中大力发展长期储蓄型和风险保障型保险产品，持续调整和优化商业银行代理保险业务结构，为消费者提供全面的金融服务。 '
          '第六条商业银行经营保险代理业务应当遵守法律、行政法规和中国银保监会有关规定，遵循平等、自愿、公平和诚实信用的原则。 '
          '第七条中国银保监会根据《中华人民共和国保险法》《中华人民共和国商业银行法》《中华人民共和国银行业监督管理法》和国务院授权，对商业银行代理保险业务履行监管职责。 '
          '中国银保监会派出机构在授权范围内履行监管职责。 第二章业务准入 第八条商业银行经营保险代理业务，应当具备下列条件： '
          '（一）具有中国银保监会或其派出机构颁发的金融许可证； '
          '（二）主业经营情况良好，最近2年无重大违法违规记录（已采取有效整改措施并经中国银保监会及其派出机构认可的除外）； '
          '（三）已建立符合中国银保监会规定的保险代理业务信息系统； （四）已建立保险代理业务管理制度和机制，并具备相应的专业管理能力； '
          '（五）法人机构和一级分支机构已指定保险代理业务管理责任部门和责任人员； （六）中国银保监会规定的其他条件。 '
          '第九条商业银行代理保险业务信息系统应具备以下条件： （一）具备与管控保险产品销售风险相适应的技术支持系统和后台保障能力； '
          '（二）与保险公司业务系统对接； （三）实现对其保险销售从业人员的管理； '
          '（四）能够提供电子版合同材料，包括投保提示书、投保单、保险单、保险条款、产品说明书、现金价值表等文件； '
          '（五）记录各项承保所需信息，并对各项信息的逻辑关系及真实性进行校对； （六）中国银保监会规定的其他条件。 '
          '第十条中国银保监会直接监管的商业银行经营保险代理业务，应当由其法人机构向中国银保监会申请许可证。 '
          '其他商业银行经营保险代理业务，应当由法人机构向注册所在地中国银保监会派出机构申请许可证。 '
          '商业银行网点凭法人机构的授权经营保险代理业务。 第十一条商业银行申请经营保险代理业务，应当提交以下申请材料： '
          '（一）营业执照副本复印件； （二）近两年违法违规行为情况的说明（机构成立不满两年的，提供自成立之日起的情况说明）； '
          '（三）合作保险公司情况说明； （四）保险代理业务信息系统情况说明； （五）保险代理业务管理相关制度，如承保出单、佣金结算、客户服务等； '
          '（六）保险代理业务责任部门和责任人指定情况的说明； （七）中国银保监会规定的其他材料。 '
          '第十二条中国银保监会及其派出机构收到商业银行经营保险代理业务申请后，可采取谈话、函询、现场验收等方式了解、审查申请人的市场发展战略、业务发展计划、内控制度建设、人员结构、信息系统配置及运行等有关事项，并进行风险提示。 '
          '第十三条中国银保监会及其派出机构依法作出批准商业银行经营保险代理业务的决定的，应当向申请人颁发许可证。许可证不设有效期。申请人取得许可证后，方可开展保险代理业务。 '
          '申请人应当在取得许可证5日内按照中国银保监会规定的监管信息系统登记相关信息，登记信息至少应当包括以下内容： '
          '（一）法人机构名称、住所或者营业场所； （二）保险代理业务管理部门及责任人； （三）许可证名称； （四）业务范围； （五）经营区域； '
          '（六）中国银保监会规定的其他事项。 中国银保监会及其派出机构决定不予批准的，应当作出书面决定并说明理由。 '
          '第十四条商业银行有下列情形之一的，应当自该情形发生之日起5日内，由法人机构或其授权的分支机构通过中国银保监会规定的监管信息系统报告： '
          '（一）变更名称、住所或者营业场所； （二）授权网点经营保险代理业务； （三）变更网点经营保险代理业务授权； '
          '（四）变更保险代理业务责任部门和责任人； （五）中国银保监会规定的其他报告事项。 '
          '第十五条商业银行应当由法人机构或其授权的分支机构在中国银保监会规定的监管信息系统中为其保险销售从业人员办理执业登记。 '
          '执业登记应当包括下列内容： （一）姓名、性别、身份证号码、学历、照片； （二）所在商业银行网点名称； （三）所在商业银行投诉电话； '
          '（四）执业登记编号； （五）执业登记日期。 '
          '执业登记事项发生变更的，商业银行法人机构或其授权的分支机构应当自该情形发生之日起5日内，在中国银保监会规定的监管信息系统中变更执业登记。 '
          '商业银行保险销售从业人员只限于通过1家商业银行进行执业登记。 '
          '商业银行保险销售从业人员通过保险公司执业登记的，具体办法由中国银保监会另行制定。 第三章经营规则 '
          '第十六条商业银行选择合作保险公司时，应当充分考虑其偿付能力状况、风险管控能力、业务和财务管理信息系统、近两年违法违规情况等。 '
          '保险公司选择合作商业银行时，应当充分考虑其资本充足率、风险管控能力、营业场所、保险代理业务和财务管理制度健全性、近两年违法违规情况等。 '
          '第十七条商业银行与保险公司开展保险代理业务合作，原则上应当由双方法人机构签订书面委托代理协议，确需由一级分支机构签订委托代理协议的，该一级分支机构应当事先获得其法人机构的书面授权，并在签订协议后，及时向其法人机构备案。 '
          '商业银行与保险公司签订的委托代理协议应当包括但不限于以下主要条款：代理保险产品种类，佣金标准及支付方式，单证及宣传材料管理，客户账户及身份信息核对，反洗钱，客户信息保密，双方权利责任划分，争议的解决，危机应对及客户投诉处理机制，合作期限，协议生效、变更和终止，违约责任等。 '
          '第十八条商业银行代理销售的保险产品应当符合中国银保监会保险产品审批备案管理的有关要求。 '
          '保险公司应当针对商业银行客户的保险需求以及商业银行销售渠道的特点，细分市场，开发多样化的、互补的保险产品。 '
          '第十九条商业银行对保险代理业务应当进行单独核算，对不同保险公司的代收保费、佣金进行独立核算，不得以保费收入抵扣佣金。 '
          '保险公司委托商业银行代理销售保险产品，应当建立商业银行代理保险业务的财务独立核算及评价机制，做到新业务价值、利润及费用独立核算，应当根据审慎原则科学制定商业银行代理保险业务财务预算、业务推动政策，防止出现为了业务规模不计成本的经营行为，防范费差损风险。 '
          '第二十条商业银行与保险公司结算佣金，应当由保险公司一级分支机构向商业银行一级分支机构或者至少二级分支机构统一转账支付；具备条件的商业银行与保险公司，应实现法人机构间佣金集中统一结算；委托地方法人银行业金融机构代理保险业务的，应当由保险公司一级分支机构向地方法人银行业金融机构统一转账支付。 '
          '第二十一条商业银行对取得的佣金应当如实全额入账，加强佣金集中管理，合理列支其保险销售从业人员佣金，严禁账外核算和经营。 '
          '保险公司应当按照财务制度据实列支向商业银行支付的佣金。保险公司及其人员不得以任何名义、任何形式向商业银行及其保险销售从业人员支付协议规定之外的任何利益。 '
          '第二十二条商业银行和保险公司应当建立保险代理业务台账，逐笔记录有关内容，台账至少应当包括保险公司名称、代理险种、保险单号、保险期间、缴费方式、保险销售从业人员姓名及其执业登记编号、所属网点、投保人及被保险人名称、保险金额、保险费、佣金等。 '
          '第二十三条商业银行应当建立保险代理业务的管理制度和相关档案，包括但不限于以下内容： '
          '（一）与保险公司签订、解除代理协议关系和持续性合作制度; （二）保险产品宣传材料审查制度及相关档案； '
          '（三）客户风险评估标准及相关档案； （四）定期合规检查制度及相关档案; （五）保险销售从业人员教育培训制度及相关档案; '
          '（六）保险单证管理制度及相关档案; （七）绩效考核标准; （八）投诉处理机制和风险处理应急预案; （九）违规行为内部追责和处罚制度。 '
          '保险公司应当制定合法、有效、稳健的商业银行代理保险业务管理制度，至少包括业务管理制度、财务管理制度、信息系统管理制度、投保单信息审查制度，并应当成立或指定专门的部门负责管理商业银行代理保险业务。 '
          '第二十四条商业银行应当加强对其保险销售从业人员的岗前培训和后续教育，组织其定期接受法律法规、业务知识、职业道德、消费者权益保护等相关培训。其中，商业银行保险销售从业人员销售投资连结型保险产品还应至少有1年以上的保险销售经验，每年接受不少于40小时的专项培训，并无不良记录。 '
          '保险公司应当按照中国银保监会有关规定加强对其银保专管员的管理，有关规定由中国银保监会另行制定。 '
          '第二十五条商业银行网点经营保险代理业务应当将所属法人机构许可证复印件置于营业场所显着位置。 '
          '保险公司应当切实承担对其分支机构的管理责任，不得委托没有取得许可证的商业银行或者没有取得法人机构授权的商业银行网点开展保险代理业务。 '
          '第二十六条商业银行网点应当将其保险销售从业人员执业登记情况置于营业场所显着位置，执业登记情况应包括从业人员姓名、身份证号、照片、执业登记编号、所属网点名称等。 '
          '商业银行保险销售从业人员只能在其执业登记的商业银行网点开展保险代理业务。 '
          '第二十七条商业银行网点应当在营业场所显着位置张贴统一制式的投保提示，并公示代销保险产品清单，包括保险产品名称和保险公司等信息。 '
          '第二十八条商业银行及其保险销售从业人员应当向客户全面客观介绍保险产品，应当按保险条款将保险责任、责任免除、退保费用、保单现金价值、缴费期限、犹豫期、观察期等重要事项明确告知客户，并将保险代理业务中商业银行和保险公司的法律责任界定明确告知客户。 '
          '第二十九条商业银行及其保险销售从业人员应当使用保险公司法人机构或经其授权的保险公司一级分支机构统一印制的保险产品宣传材料，不得设计、印刷、编写或者变更相关保险产品的宣传册、宣传彩页、宣传展板或其他销售辅助品。 '
          '第三十条各类宣传材料应当按照保险条款全面、准确描述保险产品，要在醒目位置对经营主体、保险责任、退保费用、现金价值和费用扣除情况进行提示，不得夸大或变相夸大保险合同利益，不得承诺不确定收益或进行误导性演示，不得有虚报、欺瞒或不正当竞争的表述。 '
          '各类保险单证和宣传材料在颜色、样式、材料等方面应与银行单证和宣传材料有明显区别，不得使用带有商业银行名称的中英文字样或商业银行的形象标识，不得出现“存款”“储蓄”“与银行共同推出”等字样。 '
          '第三十一条保险单册样式应当合理设计，封套及内页装订后为A4大小，封面用不小于72号字体标明“保险合同”字样，用不小于二号字体标明保险公司名称，用不小于三号字体标明规定的风险提示语及犹豫期提示语，保险合同中应当包含保险条款及其他合同要件。 '
          '第三十二条商业银行及其保险销售从业人员应当对投保人进行需求分析与风险承受能力测评，根据评估结果推荐保险产品，把合适的保险产品销售给有需求和承受能力的客户。 '
          '（一）投保人存在以下情况的，向其销售的保险产品原则上应当为保单利益确定的保险产品，且保险合同不得通过系统自动核保现场出单，应当将保单材料转至保险公司，经核保人员核保后，由保险公司出单： '
          '1.投保人填写的年收入低于当地省级统计部门公布的最近1年城镇居民人均可支配收入或农村居民人均纯收入； '
          '2.投保人年龄超过65周岁或期缴产品投保人年龄超过60周岁。 '
          '保险公司核保时应当对投保产品的适合性、投保信息、签名等情况进行复核，发现产品不适合、信息不真实、客户无继续投保意愿等问题的不得承保。 '
          '（二）销售保单利益不确定的保险产品，包括分红型、万能型、投资连结型、变额型等人身保险产品和财产保险公司非预定收益型投资保险产品等，存在以下情况的，应当在取得投保人签名确认的投保声明后方可承保： '
          '1.趸缴保费超过投保人家庭年收入的4倍； 2.年期缴保费超过投保人家庭年收入的20%，或月期缴保费超过投保人家庭月收入的20%； '
          '3.保费缴费年限与投保人年龄数字之和达到或超过60； 4.保费额度大于或等于投保人保费预算的150%。 '
          '在投保声明中，投保人应当表明投保时了解保险产品情况,并自愿承担保单利益不确定的风险。 '
          '第三十三条商业银行及其保险销售从业人员应当向投保人提供完整合同材料，包括投保提示书、投保单、保险单、保险条款、产品说明书、现金价值表等，指导投保人在投保单上如实、正确、完整地填写客户信息，并在人身保险新型产品投保书上抄录有关声明，不得代抄录有关语句或签字。投保提示书应当至少包括以下内容： '
          '（一）客户购买的是保险产品； （二）提示客户详细阅读保险条款和产品说明书，尤其是保险责任、犹豫期和退保事项、利益演示、费用扣除等内容； '
          '（三）提示客户应当由投保人亲自抄录、签名； （四）客户向商业银行及保险公司咨询及投诉渠道； （五）中国银保监会规定的其他内容。 '
          '第三十四条商业银行保险销售从业人员应当请投保人本人填写投保单。有下列情形的，可由保险销售从业人员代填： '
          '（一）投保人填写有困难，并进行了书面授权； （二）投保人填写有困难，且无法书面授权，在录音录像的情况下进行了口头授权。 '
          '在代填过程中，保险销售从业人员应当与投保人逐项核对填写内容，按投保人描述填写投保单。填写后，投保人确认投保单填写内容为自己真实意思表示后签字或盖章。 '
          '商业银行应当将书面授权文件、录音、录像等资料交由保险公司进行归档管理。 '
          '第三十五条商业银行通过自动转账扣划收取保费的，应当就扣划的账户、金额、时间等内容与投保人达成协议，并有独立于投保单等其他单证和资料的银行自动转账授权书，授权书应当包括转出账户、每期转账金额、转账期限、转账频率等信息，并向投保人出具保费发票或保费划扣收据。 '
          '保险公司应当在划扣首期保费24小时内，或未划扣首期保费的在承保24小时内，以保险公司名义，通过手机短信、微信、电子邮件等方式，提示投保人，提示内容应当至少包括：保险公司名称、保险产品名称、保险期间、犹豫期起止时间、期缴保费及频次、保险公司统一客服电话。分期缴费的保险产品，鼓励采取按月缴费等符合消费者消费习惯的保费缴纳方式。在续期缴费、保险合同到期时应当采取手机短信、微信、电子邮件等方式提示投保人。投保人无手机联系方式的，应当通过电子邮件、纸质信件等方式提示。 '
          '第三十六条商业银行代理销售的保险产品保险期间超过一年的，应当在保险合同中约定15日的犹豫期，并在保险合同中载明投保人在犹豫期内的权利。犹豫期自投保人收到保险单并书面签收之日起计算。 '
          '第三十七条商业银行及其保险销售从业人员代理销售投资连结型保险产品和财产保险公司非预定收益型投资保险产品等，应在设有销售专区以上层级的网点进行，并严格限制在销售专区内。 '
          '对于保单期限和缴费期限较长、保障程度较高、产品设计相对复杂以及需要较长时间解释说明的保险产品，商业银行应当积极开拓销售专区，通过对销售区域和销售从业人员的控制，将合适的保险产品销售给合适的客户。 '
          '第三十八条商业银行代理销售意外伤害保险、健康保险、定期寿险、终身寿险、保险期间不短于10年的年金保险、保险期间不短于10年的两全保险、财产保险（不包括财产保险公司投资型保险）的保费收入之和不得低于保险代理业务总保费收入的20%。 '
          '第三十九条商业银行开展互联网保险业务和电话销售保险业务应当由其法人机构建立统一集中的业务平台和处理流程，实行集中运营、统一管理，并符合中国银保监会有关规定。 '
          '除以上业务外，商业银行每个网点在同一会计年度内只能与不超过3家保险公司开展保险代理业务合作。 '
          '第四十条商业银行每个网点与每家保险公司的连续合作期限不得少于1年。 '
          '商业银行和保险公司应当保持合作关系和客户服务的稳定性。合作期间内，其中一方出现对合作关系有实质影响的不利情形，另一方可以提前中止合作。对商业银行与保险公司中止合作的情况，商业银行应当配合保险公司做好满期给付、退保、投诉处理等后续服务。 '
          '第四十一条商业银行保险销售从业人员应当按照商业银行的授权销售保险产品，不得销售未经授权的保险产品或私自销售保险产品。 '
          '第四十二条商业银行不得允许保险公司人员等非商业银行从业人员在商业银行营业场所从事保险销售相关活动。 '
          '第四十三条商业银行及其保险销售从业人员不得将保险代理业务转委托给其他机构或个人。 '
          '第四十四条商业银行不得通过第三方网络平台开展保险代理业务。 商业银行保险销售从业人员不得以个人名义从事互联网保险业务。 '
          '第四十五条商业银行应当将全面、完整、真实的客户投保信息提供给保险公司并告知客户，不得截留客户投保信息，确保保险公司承保业务和客户回访工作顺利开展。 '
          '保险公司应当将客户退保、续期、满期等信息完整、真实地提供给商业银行，协助商业银行做好保险产品销售后的满期给付、续期缴费等相关客户服务。 '
          '对于到商业银行申请退保、满期给付、续期缴费业务的，商业银行和保险公司应当相互配合，及时做好相应工作。 '
          '第四十六条商业银行不得通过篡改客户信息，以商业银行网点电话、销售从业人员及相关人员电话冒充客户联系电话等方式编制虚假客户信息。 '
          '保险公司发现客户信息不真实或由其他人员代签名的，尚未承保的，不得承保；已承保的，应当及时联系客户说明保单情况、办理相关手续，并要求商业银行予以更正。 '
          '第四十七条商业银行和保险公司应当加强客户信息保护，防止客户信息被不当使用。 '
          '第四十八条商业银行开展保险代理业务，应当根据中国银保监会的相关规定实施保险销售行为可回溯管理，完整客观地记录销售关键环节。 '
          '第四十九条商业银行代理保险业务应当严格遵守审慎经营规则，不得有下列行为： '
          '（一）将保险产品与储蓄存款、基金、银行理财产品等产品混淆销售； '
          '（二）将保险产品收益与储蓄存款、基金、银行理财产品简单类比，夸大保险责任或者保险产品收益； '
          '（三）将不确定利益的保险产品的收益承诺为保证收益； （四）将保险产品宣传为其他金融机构开发的产品进行销售； '
          '（五）通过宣传误导、降低合同约定的退保费用等手段诱导消费者提前解除保险合同； '
          '（六）隐瞒免除保险人责任的条款、提前解除保险合同可能产生的损失等与保险合同有关的重要情况； '
          '（七）以任何方式向保险公司及其人员收取、索要协议约定以外的任何利益； （八）其他违反审慎经营规则的行为。 '
          '第五十条商业银行及其保险销售从业人员在开展保险代理业务中不得有下列行为: （一）欺骗保险公司、投保人、被保险人或者受益人； '
          '（二）隐瞒与保险合同有关的重要情况； （三）阻碍投保人履行如实告知义务，或者诱导其不履行如实告知义务； '
          '（四）给予或者承诺给予投保人、被保险人或者受益人保险合同约定以外的利益； '
          '（五）利用行政权力、职务或者职业便利以及其他不正当手段强迫、引诱或者限制投保人订立保险合同； '
          '（六）伪造、擅自变更保险合同，或者为保险合同当事人提供虚假证明材料； （七）挪用、截留、侵占保险费或者保险金； '
          '（八）利用业务便利为其他机构或者个人牟取不正当利益； （九）串通投保人、被保险人或者受益人、骗取保险金； '
          '（十）泄露在业务活动中知悉的保险人、投保人、被保险人的商业秘密。 '
          '第五十一条商业银行和保险公司应当在客户投诉、退保等事件发生的第一时间积极处理，实行首问负责制度，不得相互推诿，避免产生负面影响使事态扩大，并按照双方共同制定的处理办法，及时采取措施，妥善解决。 '
          '第五十二条商业银行和保险公司应当将商业银行代理保险业务中出现的群访群诉、群体性退保等事件作为重大事件，建立重大事件联合应急处理机制，共同制定重大事件处理办法、指定专门人员、成立应急小组、建立共同信息披露机制，在出现重大事件时及时妥善做好应对工作。 '
          '第五十三条商业银行应当在每月结束后的15日内通过中国银保监会规定的监管信息系统报告业务数据。 '
          '中国银保监会直接监管的商业银行和其他商业银行及其一级分支机构，应当在每个年度结束后的30日内分别向中国银保监会和中国银保监会派出机构报送保险代理业务情况，至少包括以下内容： '
          '（一）保险代理业务开展情况； （二）各险种保费收入占比情况； （三）发生投诉及处理的相关情况； （四）与保险公司合作情况； '
          '（五）内控及风险管理的变化情况； （六）其他需要报送的情况。 第四章业务退出 '
          '第五十四条商业银行有下列情形之一的，中国银保监会及其派出机构依法注销许可证，并予以公告： （一）许可证依法被撤销、撤回或吊销的； '
          '（二）因解散或者被依法宣告破产等原因依法终止的； （三）法律、行政法规和中国银保监会规定的其他情形。 '
          '第五十五条商业银行网点有下列情形之一的，法人机构不得授权该网点开展代理保险业务。已经授权的，须在5日内撤销授权： '
          '（一）内部管理混乱，无法正常经营； （二）存在重大违法行为，未得到有效整改； '
          '（三）拒不执行限期整改违法违规问题、按时报送监管数据等监管要求； '
          '（四）最近1年内因保险代理业务引发过30人以上群访群诉事件或100人以上非正常集中退保事件； '
          '（五）法律、行政法规和中国银保监会规定的其他情形。 '
          '第五十六条有下列情形之一的，商业银行法人机构或其授权的分支机构应当在5日内注销其保险销售从业人员执业登记： '
          '（一）保险销售从业人员离职； （二）保险销售从业人员受到禁止进入保险业的行政处罚； （三）保险销售从业人员因其他原因终止执业； '
          '（四）法律、行政法规和中国银保监会规定的其他情形。 '
          '第五十七条商业银行终止保险代理业务活动，应当维护投保人、被保险人、受益人的合法权益。 第五章监督管理 '
          '第五十八条中国银保监会及其派出机构依法对商业银行代理保险业务制定相关的规章和审慎经营规则，进行现场检查和非现场监管。 '
          '第五十九条银行业协会和保险业协会要通过加强行业自律，在维护市场秩序、促进公平竞争方面发挥积极作用。 '
          '中国银保监会及其派出机构应当督促银行业协会和保险业协会采取行业自律措施，建立行业内部沟通协调机制，加强自我约束和相互监督，共同维护市场秩序、促进公平竞争。 '
          '第六十条中国银保监会及其派出机构可以对商业银行保险代理业务责任人进行谈话，并进行教育培训。 '
          '第六十一条对于业务占比达不到第三十八条要求的商业银行法人机构及其一级分支机构，中国银保监会或者其省一级派出机构有权采取责令限期改正等监管措施。 '
          '第六十二条商业银行开展保险代理业务过程中违反审慎经营规则，违反第四十八条、第四十九条行为的，中国银保监会或者其省一级派出机构应当责令限期改正；逾期未改正的，或者其行为严重危及该商业银行稳健运行、损害客户合法权益的，经中国银保监会或者其省一级派出机构负责人批准，可以采取责令暂停部分业务、停止批准开办新业务的措施。 '
          '商业银行整改后，应当向中国银保监会或者其省一级派出机构提交报告。经中国银保监会或其派出机构验收后，符合有关审慎经营规则的，应当自验收之日起3日内解除对其采取的前款规定的措施。 '
          '第六十三条商业银行开展保险代理业务过程中，存在第五十条行为的，中国银保监会及其派出机构根据《中华人民共和国保险法》第一百六十五条，依法采取监管措施或实施行政处罚。 '
          '第六十四条商业银行作为保险产品的销售主体，依法对其保险销售从业人员的代理销售行为承担主体责任。 '
          '中国银保监会及其派出机构在依法对商业银行实施行政处罚和采取其他监管措施时，保险公司负有责任的，应当同时依法对该行为涉及的保险公司实施行政处罚和采取其他监管措施。 '
          '中国银保监会及其派出机构将依法严厉查处商业银行代理保险业务不正当竞争等行为，加大对商业银行、保险公司及其高级管理人员管理责任的追究力度。 '
          '第六十五条商业银行和保险公司违反本办法相关要求，中国银保监会及其派出机构应当根据《中华人民共和国保险法》《中华人民共和国商业银行法》《中华人民共和国银行业监督管理法》等法律、行政法规及有关规定，依法采取监管措施或实施行政处罚，并追究相关人员责任。 '
          '第六章附则 '
          '第六十六条在中华人民共和国境内经国务院银行保险监督管理机构批准设立的吸收公众存款的金融机构、其他金融机构、政策性银行参照本办法执行。 '
          '第六十七条本办法规定的风险提示语及犹豫期提示语内容如下： 分红保险风险提示语：“您投保的是分红保险，红利分配是不确定的。” '
          '万能保险风险提示语：“您投保的是万能保险，最低保证利率之上的投资收益是不确定的。”有初始费用的产品还应包括：“您缴纳的保险费将在扣除初始费用后计入保单账户。” '
          '投资连结保险风险提示语：“您投保的是投资连结保险，投资回报具有不确定性。”有初始费用的产品还应包括：“您缴纳的保险费将在扣除初始费用后计入投资账户。” '
          '其他产品类型的风险提示语，由公司自行确定。 '
          '犹豫期提示语：“您在收到保险合同后15日内有全额退保（扣除不超过10元的工本费）的权利。超过15日退保有损失。” '
          '第六十八条本办法中，除犹豫期期限“15日”的规定指自然日外，其余有关“3日”“5日”“15日”“30日”的规定指工作日。 '
          '本办法所称“以上”“以下”均含本数。 第六十九条本办法由中国银保监会负责解释、修订。 '
          '第七十条本办法自2019年10月1日起施行，《关于规范银行代理保险业务的通知》（保监发〔2006〕70号）、《中国银监会办公厅关于进一步规范银行代理保险业务管理的通知》（银监办发〔2009〕47号）、《中国银监会关于进一步加强商业银行代理保险业务合规销售与风险管理的通知》（银监发〔2010〕90号）、《关于印发〈商业银行代理保险业务监管指引〉的通知》（保监发〔2011〕10号）、《中国保监会中国银监会关于进一步规范商业银行代理保险业务销售行为的通知》（保监发〔2014〕3号）、《关于银行类保险兼业代理机构行政许可有关事项的通知》（保监中介〔2016〕44号）和《关于进一步明确保险兼业代理行政许可有关事项的通知》（保监中介〔2016〕58号）同时废止。 '
          '责编：方舟 '
          '此内容为第一财经原创，着作权归第一财经所有。未经第一财经书面授权，不得以任何方式加以使用，包括转载、摘编、复制或建立镜像。第一财经保留追究侵权者法律责任的权利。 '
          '如需获得授权请联系第一财经版权部：021-22002972或021-22002335；banquan@yicai.com。',
          '在农村振兴战略中，旅游业应如何被视为乡村旅游？由于其产业的综合性和兼容性，可以为我国落后农村发展的六大问题提供有效的解决方案。因此，它必将在中国新时期的农村振兴战略中发挥重要作用。前瞻性产业研究所认为，乡村旅游是促进农村经济现代化的一种新的产业手段。乡村旅游因其综合性产业、 '
          '“乡村旅游”如何助推“乡村振兴” '
          '如何在保护乡村生态和保留乡村民俗的前提下发展乡村旅游，如何保证乡村旅游的可持续性，如何开发大众化的乡村旅游商品，是发展乡村旅游的关键问题。 '
          '农村振兴的根本目标在于全面振兴“三农” '
          '实践证明，旅游业是促进农村振兴的。在乡村旅游的生态循环中，它涉及农场、特色餐饮、手工民间艺术、亲子学习、精品酒店、客栈和招待所、有机农业、新鲜电子商务、新媒体、非政府组织等多种元素。 '
          '前瞻性产业研究所认为，住宅区的发展为以乡村旅游为主的乡村经济发展提供了新的机遇。 '
          '过去，乡村的发展和乡村旅游的兴起，不仅是时代发展进步的反映，也是经济社会发展规律作用的结果。它不仅是农村发展、农业增效、农民致富的重要载体和渠道，也是城乡协调发展和小康社会建设的里程碑和风向标。 '
          '各地要顺应形势，抓住机遇，优先发展乡村旅游。旅游业是一个丰富人民的行业。它将在产业结构调整中产生大量机会，并具有很强的协同效应。它将改善生活环境和文化质量，同时增加农民收入。 '
          '前瞻性产业研究所认为，乡村旅游投资少、驱动面积大、经营模式灵活、价格相对低廉，能够满足现代旅游业的需求。乡村旅游合作社具有明显的政策优势，一直是各级党委、政府和相关部门政策支持的重点，是新时期解决“三农”问题的重要起点。 '
          '此外，山东、四川等地政府和旅游部门也发布了关于大力发展乡村旅游合作社的通知和意见。 这些文件和意见的相继发表表明， '
          '在农村振兴战略中，旅游业应如何被视为乡村旅游？由于其产业的综合性和兼容性，可以为我国落后农村发展的六大问题提供有效的解决方案。因此，它必将在中国新时期的农村振兴战略中发挥重要作用。前瞻性产业研究所认为，乡村旅游是促进农村经济现代化的一种新的产业手段。乡村旅游因其综合性产业、 '
          '“乡村旅游”如何助推“乡村振兴” [概要/S2/] '
          '近年来，发展乡村旅游逐渐成为人们休闲旅游和度假的重要选择。乡村以其自然和生态优势逐渐被大众游客所接受。中国共产党第十九次全国代表大会高度重视农村的振兴和发展，使得农村工业的发展日益突出。乡村旅游集农业和旅游业于一体。这一产业的发展丰富了城市居民的休闲生活，对发展农村经济、增加农村创业和农民收入起到了积极作用。乡村旅游是连接城乡的纽带，在统筹区域城乡发展、全面建设小康社会的进程中发挥着重要作用。同时，随着乡村旅游的发展，越来越多的人意识到保护自然景观、人文景观和非物质文化遗产的重要性。然而，随着社会经济的发展，人们的生活水平日益提高，人们对精神生活的向往也越来越强烈，他们的旅游需求和要求也越来越高，尤其是交通便利性和高速性、短途旅游、自驾游、高铁旅游等。以及大数据信息时代带来的便利，逐渐开放了公众与世界的交流，拓宽了他们的视野，拉近了乡村旅游景点与游客之间的距离。温州市方庄乡东源村自然风光和文化遗产优美，具有旅游开发潜力。作为省级历史文化名村，环境适宜，小桥流水房屋的优美景观给人一种平和舒适的感觉。 '
          '该村设有省级文物保护单位——水边造纸集团，并将古代造纸技术列为非物质文化遗产。传统的民居建筑使人们体验到简单的民俗。近年来，这个村庄把美丽的乡村作为改善基础设施和生活环境的机会。然而，该村的旅游开发仍处于概念层面，没有详细的目标，优势资源没有得到开发，特别是历史悠久的造纸文化没有得到宣传和推广。本文首先界定了乡村旅游的概念，了解了国内外研究现状和发展趋势，明确了东源村发展乡村旅游的意义和目的。其次，对国内外文献进行了总结，并对相关理论进行了研究。然后，分析东源村自然资源和人力资源的特点，运用SWOT理论分析乡村旅游发展的优势、劣势、机遇和威胁。基于对当地旅游市场的调查和可持续发展与营销理论，提出以建设美丽乡村为出发点，保护非物质文化遗产。从旅游营销的角度分析目标市场，规划街区布局，开展营销，创造品牌文化，改善基础条件，纸文化产业与乡村旅游发展相结合，纸文化在传承过程中发展。并建立相应的管理、人才培养、科学规划、环境保护和科技信息等保障机制，将引导东源村乡村旅游发展作为振兴该村的重要途径，为当地等地区提供经验和借鉴。 '
          '本文采用了多种研究方法。首先，运用文献研究的方法，广泛收集和阅读国内外关于乡村旅游的文献，为本文的写作提供理论依据。二是问卷调查法，在东源村现场发放，共收集问卷173份。摘要:通过对问卷调查的统计和分析，总结出东源村乡村旅游发展在新兴阶段存在的问题和重点，以期提供有针对性的发展建议。三是调查和访谈的方法。实地考察期间，将与游客和当地政府进行交流，并查阅有关乡村旅游的资料和数据。 '
          '本文主要从以下七章进行研究。第一章为绪论，主要阐述了乡村旅游的定义、国内外发展背景、研究意义、研究的主要内容和应用方法。第二章主要是文献综述和理论基础，主要论述了国内外研究综述和东源村乡村旅游研究的理论框架。第三章主要分析东源村的旅游资源。第四章对东源村乡村旅游发展资源进行了SWOT分析。第五章对东源村乡村旅游发展市场进行调查分析。第六章研究东源村乡村旅游发展战略。第七章是结论，总结全文并提出展望。 '
          '关键词:东源村；乡村旅游；旅游业发展；发展研究；对策 摘要 '
          '近年来，乡村旅游逐渐成为人们休闲度假的重要选择。凭借自然和生态的优势，乡村逐渐被大多数游客所接受。第19届全国代表大会强调了农村振兴战略的重要性，这增强了农村发展的重要性。 '
          '乡村旅游的本质是农业和旅游业的结合。乡村旅游的发展丰富了城市居民的休闲生活，对发展农村经济、实现农村创收、增加农民收入具有重要作用。乡村旅游作为连接城乡的纽带，协调着城乡发展，为全面建设小康社会发挥着重要作用。同时，乡村旅游的发展也使得越来越多的人认识到自然景观和人文景观的重要性。随着经济的增长、社会的进步和人们对精神生活的向往，他们对旅游业的需求也在增加。此外，短途旅行、自驾游、高速铁路旅行等交通方式的便利，以及信息化缩短了公众与世界的距离，拓宽了他们的视野和知识。 '
          '温州方庄镇东源村风景优美，文化底蕴深厚，具有旅游开发潜力。东源村是一个省级历史文化村，环境适宜，桥和河的优美景观给人一种宁静和舒适的感觉。该村有一个省级文化遗产保护单位——水俣造纸集团，而非物质文化遗产——造纸艺术与传统民居建筑使人们体验到了乡村风情。近年来，这个村庄利用美丽的乡村，改善了基础设施和生活环境。然而，该村的旅游开发仍然是概念性的，没有详细的目标，优越的资源是无法开发的，特别是悠久的纸文化还没有得到传播和推广。 '
          '本文首先界定了乡村旅游的概念，了解了国内外乡村旅游的研究现状和发展趋势，阐明了发展东苑村乡村旅游的意义和目的。其次，总结了国内外关于乡村旅游的文献和研究。然后，运用SWOT理论分析了东源村自然资源和人力资源的特点，分析了乡村旅游发展的优势、劣势、机遇和威胁。本文通过对当地旅游业的调查，以可持续发展和市场营销理论为基础，以建设美丽乡村为目标，保护非物质文化遗产。本文从旅游营销的角度分析了目标市场，规划了街区布局。同时提出了创造品牌文化的途径。建议通过改善基础条件，传承纸文化，将纸文化产业与乡村旅游发展相结合，建立相应的管理、人才培养、科学规划、环境保护、科学信息等保障机制。所有的手段和方法都将引导东源村振兴农村，为其他地区提供经验和借鉴。本文采用了多种研究方法。首先，文献研究法广泛收集了国内外关于乡村旅游的文献，为本文提供了理论基础。其次，问卷调查法的目的是通过相关的173项问卷调查，对东源村的乡村旅游发展进行调查。通过统计分析，总结了东源村乡村旅游存在的问题及发展，并提出了发展建议；第三，在实地考察、与游客、地方政府进行信息交流、搜索乡村旅游相关资料和数据时，采用研究访谈法。 '
          '本文着重于以下八章。第一章为绪论，主要介绍乡村旅游的定义，以及背景、意义、内容和研究方法；第二章是文献综述和理论基础，主要论述了国内外的研究综述和东源村乡村旅游发展中的乡村旅游理论；第三章主要分析东源村的旅游资源；第四章对东源村乡村旅游发展进行SWOT分析；第五章对东源村乡村旅游发展市场进行调查分析；第六章阐述了东源村乡村旅游的发展，并提出了发展建议；第七章是结论，总结全文并提出展望。 '
          '关键词:东源村，乡村旅游，旅游开发，发展研究，策略。 目录 第一章导言 一.[概念/s2/] '
          '本文阐述了如何界定乡村旅游的概念。国内外学者和专家一直有不同的解释和分析。目前，还没有统一的声明和标准。欧洲联盟(欧盟)和世界经济合作与发展组织(经合组织，1994年)将乡村旅游活动区域界定为乡村旅游活动，其核心是乡村性质。这种说法区分了乡村旅游的区域，即发生在乡村地区的、具有乡村特色和条件的、基于可持续发展理念的旅游模式。英国甘农指出，乡村旅游是指农民或农村居民通过吸引游客来旅游，为经济发展提供广泛的活动、服务和愉快的事物。布拉姆威尔和莱恩(Bramwell '
          'and '
          'Lane)认为乡村旅游是一种多层次的综合性旅游活动，不仅包括假日农业的旅游活动，还包括一些地区的自然旅游和特别感兴趣的生态旅游，如步行、登山、骑马、探险、体育、健康旅游、狩猎、钓鱼、教育旅游、文化传统旅游和民俗旅游活动。何敬明指出，狭义的乡村旅游分析是指以乡村自然和人文为对象，吸引游客在乡村开展旅游活动的行为。换句话说，乡村旅游包括两个基本要素:一是发生在农村地区，二是把乡村旅游作为吸引游客的内容。 '
          '杜江认为乡村旅游是以乡村风景、生态特征和特定的乡村活动为基础来吸引城市居民，使他们在回归自然的过程中能够满足对知识和娱乐的需求和期望。萧友星等人指出，乡村旅游以当地的乡村风光、独特的古民居和民俗为研发对象，利用乡村生活空通过城乡差异设计开发旅游产品，形成了集“吃、住、行、娱、购”等要素于一体的产业发展模式。从国内外专家学者对乡村旅游概念的观点和归纳来看，“乡村”是乡村旅游和其他旅游的象征。笔者认为，乡村旅游以农村自然环境、农村土特产生产过程、民俗风情和历史文化等因素为吸引力，通过区域布局、驱动机制、社会参与、旅游营销等方式，在乡村旅游目的地的经济社会方面发挥作用。随着国家休闲时代的到来和旅游业的蓬勃发展，乡村旅游必将呈现繁荣景象，也将成为促进农村村民就业和创业、提高农民经济收入、振兴农村实体经济、打造区域特色、优化农村产业结构的有力途径。 '
          '二。研究背景 (一)外国研究背景 '
          '欧洲被认为是最早和最成功的乡村旅游发展地区。早在19世纪中后期，以西方发达国家为代表的乡村旅游活动就出现在法国和英国。当时，乡村旅游阶层明显分化。这是贵族阶级的选择，所以它与普通阶级没有联系和牵连，它的受欢迎程度也不强。20世纪60年代，现代乡村旅游开始在西班牙发展。然后，美国、波兰、日本等国家也逐步开发和推广了各种乡村旅游产品。在这种趋势下，乡村旅游业的发展逐渐得到推动。自20世纪80年代以来，在欧美一些发达国家，乡村旅游发展到相当大的规模和规格，有自己的风格和理念，并得到越来越广泛的推广。1994年出版的《国际可持续旅游研究》(International '
          'Sustainable Tourism '
          'RESEARCh)首次试图构建一个理论框架，探索将村落作为可持续旅游活动中的特殊旅游活动进行系统研究，这被学术界认为是第一个关于乡村旅游的学术研究。此后，欧盟还推出了欧盟第五框架协议(Fifth '
          'Framework '
          'Agreement)，主要是关于欧洲乡村旅游的发展。它提出了欧洲乡村旅游的综合管理政策，并提供了很大的保护和支持，如资金、政策、教育和培训等。为了避免农村人口盲目向城市迁移，新西兰、爱尔兰等国颁布并制定了调整农村旅游人口趋势的法律和政策。葡萄牙旅游管理部门以各种方式宣传和推广乡村旅游。西班牙通过行业协会加强了与170多个乡村旅游协会的沟通与合作，主要是在信息、技术、培训和管理方面促进乡村旅游稳步有序发展。美国和加拿大也非常重视乡村旅游的宣传教育，并通过向主要农村社区提供乡村自助旅游手册来加强宣传。 '
          '(二)国内研究背景 '
          '中国乡村旅游的发展主要是在市场需求、调整农业发展产业结构、寻找新的经济增长方向的条件下产生的。虽然我们起步晚，但发展趋势是好的和快速的。发展乡村旅游具有一定的经济、社会和文化效益。它对提高农村劳动力剩余、调整农业产业结构、有序维护农村经济可持续发展、塑造农村社会形象具有重要作用。因此，它的发展也将受到各界越来越多的关注。国家旅游局坚持促进中国乡村旅游的发展。该行业涵盖各种形式的农业、林业、畜牧业、副产品和渔业。乡村旅游示范点遍布中国大陆31个省、自治区、直辖市。中国乡村旅游形势良好。归根结底，乡村旅游的兴起是在20世纪90年代左右。20世纪80年代末，深圳作为改革开放的先导地区，举办了一个特殊的“荔枝节”。这项活动主要是为了吸引外国投资。然后，它还推出了采摘园。这两个农村项目取得了良好的效果。因此，中国的其他城市也看到了机遇和潜力。他们把乡村主题一个接一个地制作出来，因地制宜，组织了各种有自己特色的乡村旅游项目。1998年，国家旅游局开展了以“中国城乡旅游”为主题的旅游活动，使更多的人认识到农村，并引导各地把重点放在乡村旅游上。 '
          '到目前为止，中国乡村旅游发展取得了很多成果和经验，已经成为中国旅游业的重要旅游模式。随着社会进步的发展，城市居民对乡村自然有着向往和追求。他们希望回到农村去体验简单的生活。同时，由于农村经济结构的重组和农业危机的存在，农村地区的经济来源受到了严重影响。因此，通过乡村旅游实现旅游与农业的结合，既具有旅游市场开发的潜力，又具有带动乡村经济发展的能力，逐渐引起了社会各界的关注。另一方面，人们的消费观念正在逐渐摆脱基本的生活方式，更高的生活质量和休闲状态成为他们向往的追求。人们希望在这个过程中享受舒适简单的放松状态，而乡村旅游能够满足公众的期望。在农村，原始的生态养生生活、淳朴的乡村风格、传统的农村风俗和原始的农活给人回归自然的感觉。因此，乡村旅游应运而生，在这样的社会土壤中蓬勃发展，成为旅游业发展最快的领域之一。乡村旅游渗透了饮食、生活、旅游、娱乐和购物等要素。在此基础上，发展了旅游产品和文化产业。旅游目的地已经成为现代社会的一种趋势。虽然发展趋势良好，但也存在不容忽视的问题，如乡村旅游行业缺乏标准化、观念认识薄弱、发展规划缺乏、市场研究缺乏、管理水平低、资金缺乏、管理机制体系不健全等普遍问题。景区成群，旅游业务混合发展，旅游类型同质性相对较强，虽然乡村旅游项目数量持续增加，但相应的服务质量跟不上，没有长期发展规划等问题。 '
          '三。研究意义 (一)理论意义 '
          '从20世纪80年代中国乡村旅游的起源和发展至今，经过近40年的发展，国内对乡村旅游的研究成果和经验相当丰富。然而，从研究内容和研究方向来看，大多集中在如何界定概念、如何进行旅游规划和开发、乡村旅游发展过程、讨论和分析发展模式、研究地理空之间的结构以及分析影响乡村旅游的驱动机制等方面。然而，在乡村旅游的具体研究案例中，缺乏一些详细而深入的实证研究。本文的主要目的是通过借鉴国内外乡村旅游的理论研究和经验总结，结合当前乡村旅游的发展趋势，以振兴和发展乡村为目标，从乡村旅游发展的角度探索温州方庄乡东源村的优势，实现弱势转型。近年来，该村已建成市级美丽的农村示范点。在此基础上，挖掘了旅游业发展的潜力。通过对乡村旅游资源开发条件、优势和劣势、存在问题、发展思路和对策的探索和分析，为方庄乡政府及相关职能部门研究制定乡村振兴发展战略、探索东源村发展思路和长远规划提供理论依据。同时，案例研究为乡村旅游的可持续发展提供了理论支持，丰富了乡村旅游的案例研究，为理论研究提供了更多的案例支持。 '
          '(二)实际意义 '
          '东源村本身拥有丰富的土地、旅游等资源。该村拥有省级非物质文化遗产造纸和造纸厂文化遗产，并具有发展乡村旅游的潜力。然而，由于缺乏资金、人力和规划，目前缺乏这方面的旅游开发和研究。根据《浙江省瑞安市旅游发展总体规划(2013-2028)》的标准，运用数据研究和理论分析东源村的乡村旅游资源与发展，研究探讨瑞安西部山区依托山水资源的模式，为经济薄弱山区走出乡村振兴提供参考。通过乡村旅游发展模式，改善乡村景观，优化和美化乡村环境，调整乡村产业结构，促进当地经济、社会和文化的发展。 '
          '四。 (一)主要内容 '
          '本文结合多种研究方法对东源村乡村旅游资源进行了研究，并提出了对策和建议。通过对东源村旅游资源的分析，分析了发展乡村旅游的优势、劣势、机遇和威胁。在此基础上，对旅游市场进行定位，并给出合理的旅游规划。该规划旨在依托东源村自身优势资源，帮助东源村找到一条绿色、科学、有效的发展之路，从而促进农业产业结构调整，激活农村优势资源，增加农民收入，强化村集体经济，促进当地经济、民俗和文化消费全面发展，促进当地旅游业可持续发展，增强整体综合发展实力。本文主要从以下八章进行研究。第一章为绪论，阐述乡村旅游的概念，了解国内外研究现状和发展趋势，阐明东源村发展乡村旅游的意义和目的。第二章是国内外文献综述，主要论述了国内外研究概况，阐述了本文所应用的乡村旅游研究理论。第三章主要分析东源村的旅游资源。第四章对东源村乡村旅游发展市场进行调查分析。第五章对东源村乡村旅游发展资源进行了SWOT分析。第六章研究东源村乡村旅游发展战略。第七章是结论，总结全文。 '
          '(二)研究方法 根据研究内容的需要和研究目的的设定，主要采用文献综述法、实地调查法和理论分析法。 1.文献检索方法 '
          '在阅读大量文献的基础上，收集国内外关于乡村旅游的定义、发展状况、旅游规划、相关理论框架等方面的专业文献和数据；根据东源村现有资料，取得了研究进展，并结合当地乡村旅游发展现状，为实地调查设计奠定了理论基础。 '
          '2.实地考察和研究方法 '
          '根据理论知识和研究设计方案，对东源村进行实地调查，了解当地政府部门工作人员和相关职能部门，与附近的村干部、村民、专家和游客进行交谈和参观，了解该村的发展现状，掌握其旅游发展的思潮和理念；在实地考察中，充分了解东源乡村旅游的自然资源、历史文化内涵、发展现状等，掌握作为旅游景点的该村的第一手资料，从而了解东源村发展乡村旅游规划的优势和劣势，以及发展中可能存在的问题。通过东源的案例，也为该村的旅游发展研究提供了有价值的参考。 '
          '3.理论分析 '
          '主要运用SWOT分析、市场营销等理论框架，运用理论与实证分析相结合的方法，对东源旅游资源开发的优势、劣势、机遇、威胁等方面进行了分析。基于可持续发展的原则，从目标市场和旅游营销两个方面为东源村乡村旅游的发展制定了旅游营销方案。 '
          '[由于本文是硕士论文，请点击下方链接下载全文] 第二章文献综述与理论基础 一、国内外研究综述 (一)国外研究现状 (二)国内研究现状 '
          '二、乡村旅游研究的理论基础 (一)SWOT分析理论 (二)可持续发展理论 (三)营销理论 第三章[东源村乡村旅游资源分析/s2/] '
          '一、自然旅游资源 (一)地形分析 (二)植被状况 (三)水系分布 (四)建筑风格 (五)村内交通 二是文化旅游资源 '
          '(一)简单的民俗风情和乡村风情 (二)浓厚的文化气息 (三)旅游资源评价 (一)旅游资源定性评价 (二)旅游资源定量评价 '
          '(三)旅游资源功能评价 第四章[东源村乡村旅游市场调查与分析/s2/] 一、问卷分析 (一)问卷 (二)数据统计与分析 '
          '二。问卷调查结果 (一)[问题/br/](二)结论分析 第五章[东源村旅游发展的SWOT分析/s2/] '
          '一、[东源村旅游发展优势/br/] (1)省级文物保护单位:东源水边造纸集团 (2)非物质文化遗产:历史悠久的纸文化 '
          '(3)良好的区位交通 二.[东源村旅游开发的劣势/br/] (1)古代造纸载体单一，核心产品吸引力不够 '
          '(2)观光空模式有限，项目休闲体验缺乏 (3)旅游元素初步开发，服务配套设施不完善 (4)社区参与旅游开发薄弱，旅游开发意识薄弱 '
          '三.[东源村旅游发展机遇/br/](一)[政策支持/br/](二)市场优势四。[东源村旅游发展面临的威胁/br/](一)[旅游市场竞争激烈/br/](二)游客对旅游目的地的需求日益增加/br/](三)旅游资源的生态环境保护 '
          '第六章[东源村乡村旅游发展战略研究/s2/] 一、[发展的基本思路/br/]二。[乡村旅游市场发展分析/br/](一)旅游市场定位 '
          '(二)目标市场细分 (三)打造旅游产品 (四)打造品牌文化 (五)加强宣传 三、旅游发展分析 (1) 空区域发展 '
          '(2)乡村旅游内容开发研究 (3)东源村乡村旅游发展对策研究 第7章结论 '
          '本文以浙江省温州市方庄乡东源村旅游开发为研究对象，回顾了国内外乡村旅游的研究开发水平和总体发展趋势。运用SWOT分析法分析东源村的旅游资源和开发现状，运用可持续发展和营销理论规划旅游营销市场。摘要:通过实地调查、收集相关文献、分析论证东源村旅游资源，从问题入手，提出目标群体定位、空功能规划、营销理念等。，并提出了发展乡村旅游的研究对策。本文的研究创新主要表现在以下两个方面: '
          '一是创新研究内容。东源村的旅游开发尚处于起步阶段。本文结合东源村的资源优势和劣势，对乡村旅游的发展进行了探讨。提出将乡村旅游发展与文化产业相结合，明确东源村下一步的发展思路和旅游文化主题规划。为该村的发展模式提供参考，为相关部门决策提供参考资料。 '
          '二是深入研究。本文运用SWOT分析法，分析了东源村发展乡村旅游的竞争优势、劣势、机遇和威胁。深入分析乡村乡村旅游发展条件，对旅游资源进行分类，调查研究旅游市场，坚持可持续发展原则，根据游客的旅游目的和期望，建立项目体验和相关内容规划。本文从目标市场、管理机制、宣传推广、主题规划等方面探讨了东源村发展乡村旅游的对策。，使相应的对策和建议更具实用性和可操作性，从而增强口碑效应和游客重游，展示具有地方旅游特色的黄金名片。 '
          '东源村旅游业经济发展处于初步规划阶段。通过乡村旅游改变乡村景观，调整产业结构是实现农村经济发展的重要发展方向，对当地发展具有重要的借鉴意义。该案例的成功将为瑞安市西部山区提供一个典型范例。在发展旅游业的过程中，应运用科学有效的手段，基于可持续发展的理念，合理规划旅游目的地的旅游业，使经济发展与环境保护相协调，为地方发展注入持续动力，通过创建乡村旅游支持旅游业与文化产业的融合。在此基础上，促进农业、手工业、文化和商业等其他产业的发展，实现创新方式和创新内容。旅游业应该在保护乡村文化和原始风貌的基础上发展。 '
          '此外，要不断总结经验，创新发展思路，保持与时俱进的理念，确保地方旅游业持续、健康、稳定发展。 参考 '
          '[由于硕士论文篇幅较长，本页不显示全文。如需全文，请点击以下链接下载全文] 点击下载全文 嗨，这是一条评论。 要开始审核、编辑...']}
F1: 0.6873065015479876
