learning rate: 1e-5 treshold: 0.4 batch: 8 epochs: 10
Namespace(batch=8, epochs=10, learning=1e-05, multilingual=False, test_set=['test_sets/pt_test_modified.tsv'], train_set=['main_labels_only/pt_FINAL.modified.tsv.gz'], treshold=0.4)
{'dev': Dataset({
    features: ['text', 'label'],
    num_rows: 1851
}),
 'test': Dataset({
    features: ['text', 'label'],
    num_rows: 332
}),
 'train': Dataset({
    features: ['text', 'label'],
    num_rows: 7404
})}
huggingface/tokenizers: The current process just got forked, after parallelism has already been used. Disabling parallelism to avoid deadlocks...
To disable this warning, you can either:
	- Avoid using `tokenizers` before the fork if possible
	- Explicitly set the environment variable TOKENIZERS_PARALLELISM=(true | false)
huggingface/tokenizers: The current process just got forked, after parallelism has already been used. Disabling parallelism to avoid deadlocks...
To disable this warning, you can either:
	- Avoid using `tokenizers` before the fork if possible
	- Explicitly set the environment variable TOKENIZERS_PARALLELISM=(true | false)
huggingface/tokenizers: The current process just got forked, after parallelism has already been used. Disabling parallelism to avoid deadlocks...
To disable this warning, you can either:
	- Avoid using `tokenizers` before the fork if possible
	- Explicitly set the environment variable TOKENIZERS_PARALLELISM=(true | false)
{'loss': 0.2599, 'learning_rate': 9e-06, 'epoch': 1.0}
{'eval_loss': 0.23320375382900238, 'eval_f1': 0.6565096952908587, 'eval_roc_auc': 0.7991532899909862, 'eval_accuracy': 0.5512048192771084, 'eval_runtime': 10.4839, 'eval_samples_per_second': 31.668, 'eval_steps_per_second': 1.049, 'epoch': 1.0}
{'loss': 0.1772, 'learning_rate': 8.000000000000001e-06, 'epoch': 2.0}
{'eval_loss': 0.2405940145254135, 'eval_f1': 0.6563706563706564, 'eval_roc_auc': 0.8158070114876397, 'eval_accuracy': 0.5331325301204819, 'eval_runtime': 10.1822, 'eval_samples_per_second': 32.606, 'eval_steps_per_second': 1.08, 'epoch': 2.0}
{'loss': 0.1402, 'learning_rate': 7e-06, 'epoch': 3.0}
