learning rate: 8e-6 treshold: 0.4 batch: 8 epochs: 10
Namespace(batch=8, epochs=10, learning=8e-06, multilingual=False, test_set=['test_sets/spa_test_modified.tsv'], train_set=['main_labels_only/es_FINAL.modified.tsv.gz'], treshold=0.4)
{'dev': Dataset({
    features: ['text', 'label'],
    num_rows: 1851
}),
 'test': Dataset({
    features: ['text', 'label'],
    num_rows: 99
}),
 'train': Dataset({
    features: ['text', 'label'],
    num_rows: 7401
})}
huggingface/tokenizers: The current process just got forked, after parallelism has already been used. Disabling parallelism to avoid deadlocks...
To disable this warning, you can either:
	- Avoid using `tokenizers` before the fork if possible
	- Explicitly set the environment variable TOKENIZERS_PARALLELISM=(true | false)
huggingface/tokenizers: The current process just got forked, after parallelism has already been used. Disabling parallelism to avoid deadlocks...
To disable this warning, you can either:
	- Avoid using `tokenizers` before the fork if possible
	- Explicitly set the environment variable TOKENIZERS_PARALLELISM=(true | false)
huggingface/tokenizers: The current process just got forked, after parallelism has already been used. Disabling parallelism to avoid deadlocks...
To disable this warning, you can either:
	- Avoid using `tokenizers` before the fork if possible
	- Explicitly set the environment variable TOKENIZERS_PARALLELISM=(true | false)
{'loss': 0.2652, 'learning_rate': 7.2e-06, 'epoch': 1.0}
{'eval_loss': 0.21555174887180328, 'eval_f1': 0.66, 'eval_roc_auc': 0.8003410059676044, 'eval_accuracy': 0.5858585858585859, 'eval_runtime': 3.1551, 'eval_samples_per_second': 31.377, 'eval_steps_per_second': 1.268, 'epoch': 1.0}
{'loss': 0.1792, 'learning_rate': 6.4e-06, 'epoch': 2.0}
{'eval_loss': 0.20071811974048615, 'eval_f1': 0.660377358490566, 'eval_roc_auc': 0.814151747655584, 'eval_accuracy': 0.5656565656565656, 'eval_runtime': 3.1227, 'eval_samples_per_second': 31.704, 'eval_steps_per_second': 1.281, 'epoch': 2.0}
{'loss': 0.1407, 'learning_rate': 5.6e-06, 'epoch': 3.0}
