learning rate: 5e-6 treshold: 0.3 batch: 8 epochs: 5
Namespace(batch=8, checkpoint='../multilabel/chi', epochs=5, learning=5e-06, multilingual=False, saved='saved_models/all_multilingual', test_set=['test_sets/chi_all.tsv'], train_set=['AfterDeepL/chi_FINAL.tsv.gz'], treshold=0.3)
{'dev': Dataset({
    features: ['text', 'label'],
    num_rows: 1852
}),
 'test': Dataset({
    features: ['text', 'label'],
    num_rows: 317
}),
 'train': Dataset({
    features: ['text', 'label'],
    num_rows: 7405
})}
huggingface/tokenizers: The current process just got forked, after parallelism has already been used. Disabling parallelism to avoid deadlocks...
To disable this warning, you can either:
	- Avoid using `tokenizers` before the fork if possible
	- Explicitly set the environment variable TOKENIZERS_PARALLELISM=(true | false)
huggingface/tokenizers: The current process just got forked, after parallelism has already been used. Disabling parallelism to avoid deadlocks...
To disable this warning, you can either:
	- Avoid using `tokenizers` before the fork if possible
	- Explicitly set the environment variable TOKENIZERS_PARALLELISM=(true | false)
huggingface/tokenizers: The current process just got forked, after parallelism has already been used. Disabling parallelism to avoid deadlocks...
To disable this warning, you can either:
	- Avoid using `tokenizers` before the fork if possible
	- Explicitly set the environment variable TOKENIZERS_PARALLELISM=(true | false)
{'loss': 0.2782, 'learning_rate': 4.000000000000001e-06, 'epoch': 1.0}
{'eval_loss': 0.20028237998485565, 'eval_f1': 0.7187206020696143, 'eval_roc_auc': 0.846284681490086, 'eval_accuracy': 0.5610151187904968, 'eval_runtime': 56.575, 'eval_samples_per_second': 32.735, 'eval_steps_per_second': 1.025, 'epoch': 1.0}
{'loss': 0.1933, 'learning_rate': 3e-06, 'epoch': 2.0}
{'eval_loss': 0.18102510273456573, 'eval_f1': 0.7394448332167017, 'eval_roc_auc': 0.8610487843089304, 'eval_accuracy': 0.5890928725701944, 'eval_runtime': 66.0641, 'eval_samples_per_second': 28.033, 'eval_steps_per_second': 0.878, 'epoch': 2.0}
{'loss': 0.1602, 'learning_rate': 2.0000000000000003e-06, 'epoch': 3.0}
