learning rate: 5e-6 treshold: 0.4 batch: 8 epochs: 5
Namespace(batch=8, checkpoint='../multilabel/chi', epochs=5, learning=5e-06, multilingual=False, saved='saved_models/all_multilingual', test_set=['test_sets/chi_all.tsv'], train_set=['AfterDeepL/chi_FINAL.tsv.gz'], treshold=0.4)
{'dev': Dataset({
    features: ['text', 'label'],
    num_rows: 1852
}),
 'test': Dataset({
    features: ['text', 'label'],
    num_rows: 317
}),
 'train': Dataset({
    features: ['text', 'label'],
    num_rows: 7405
})}
huggingface/tokenizers: The current process just got forked, after parallelism has already been used. Disabling parallelism to avoid deadlocks...
To disable this warning, you can either:
	- Avoid using `tokenizers` before the fork if possible
	- Explicitly set the environment variable TOKENIZERS_PARALLELISM=(true | false)
huggingface/tokenizers: The current process just got forked, after parallelism has already been used. Disabling parallelism to avoid deadlocks...
To disable this warning, you can either:
	- Avoid using `tokenizers` before the fork if possible
	- Explicitly set the environment variable TOKENIZERS_PARALLELISM=(true | false)
huggingface/tokenizers: The current process just got forked, after parallelism has already been used. Disabling parallelism to avoid deadlocks...
To disable this warning, you can either:
	- Avoid using `tokenizers` before the fork if possible
	- Explicitly set the environment variable TOKENIZERS_PARALLELISM=(true | false)
{'loss': 0.2769, 'learning_rate': 4.000000000000001e-06, 'epoch': 1.0}
{'eval_loss': 0.20726178586483002, 'eval_f1': 0.6871134020618557, 'eval_roc_auc': 0.8029162667706027, 'eval_accuracy': 0.5491360691144709, 'eval_runtime': 57.455, 'eval_samples_per_second': 32.234, 'eval_steps_per_second': 1.009, 'epoch': 1.0}
{'loss': 0.1923, 'learning_rate': 3e-06, 'epoch': 2.0}
