learning rate: 8e-6 treshold: 0.4 batch: 8 epochs: 5
Namespace(batch=8, checkpoint='../multilabel/spa', epochs=5, learning=8e-06, multilingual=False, saved='saved_models/all_multilingual', test_set=['test_sets/spa_test.tsv'], train_set=['AfterDeepL/es_FINAL.tsv.gz'], treshold=0.4)
{'dev': Dataset({
    features: ['text', 'label'],
    num_rows: 1851
}),
 'test': Dataset({
    features: ['text', 'label'],
    num_rows: 100
}),
 'train': Dataset({
    features: ['text', 'label'],
    num_rows: 7401
})}
huggingface/tokenizers: The current process just got forked, after parallelism has already been used. Disabling parallelism to avoid deadlocks...
To disable this warning, you can either:
	- Avoid using `tokenizers` before the fork if possible
	- Explicitly set the environment variable TOKENIZERS_PARALLELISM=(true | false)
huggingface/tokenizers: The current process just got forked, after parallelism has already been used. Disabling parallelism to avoid deadlocks...
To disable this warning, you can either:
	- Avoid using `tokenizers` before the fork if possible
	- Explicitly set the environment variable TOKENIZERS_PARALLELISM=(true | false)
huggingface/tokenizers: The current process just got forked, after parallelism has already been used. Disabling parallelism to avoid deadlocks...
To disable this warning, you can either:
	- Avoid using `tokenizers` before the fork if possible
	- Explicitly set the environment variable TOKENIZERS_PARALLELISM=(true | false)
{'loss': 0.2592, 'learning_rate': 6.4e-06, 'epoch': 1.0}
{'eval_loss': 0.20056407153606415, 'eval_f1': 0.6970084377397086, 'eval_roc_auc': 0.8110726318147607, 'eval_accuracy': 0.5786061588330632, 'eval_runtime': 57.81, 'eval_samples_per_second': 32.019, 'eval_steps_per_second': 1.003, 'epoch': 1.0}
{'loss': 0.1758, 'learning_rate': 4.8e-06, 'epoch': 2.0}
