learning rate: 8e-6 treshold: 0.4 batch: 7 epochs: 5
Namespace(batch=7, checkpoint='../multilabel/pt', epochs=5, learning=8e-06, multilingual=False, saved='saved_models/all_multilingual', test_set=['test_sets/pt_test.modified.tsv.gz'], train_set=['AfterDeepL/pt_FINAL.tsv.gz'], treshold=0.4)
Downloading and preparing dataset csv/default to /users/annieske/.cache/huggingface/datasets/csv/default-0205544ff93764d5/0.0.0/433e0ccc46f9880962cc2b12065189766fbb2bee57a221866138fb9203c83519...
Dataset csv downloaded and prepared to /users/annieske/.cache/huggingface/datasets/csv/default-0205544ff93764d5/0.0.0/433e0ccc46f9880962cc2b12065189766fbb2bee57a221866138fb9203c83519. Subsequent calls will reuse this data.
{'dev': Dataset({
    features: ['text', 'label'],
    num_rows: 1851
}),
 'test': Dataset({
    features: ['text', 'label'],
    num_rows: 332
}),
 'train': Dataset({
    features: ['text', 'label'],
    num_rows: 7404
})}
huggingface/tokenizers: The current process just got forked, after parallelism has already been used. Disabling parallelism to avoid deadlocks...
To disable this warning, you can either:
	- Avoid using `tokenizers` before the fork if possible
	- Explicitly set the environment variable TOKENIZERS_PARALLELISM=(true | false)
huggingface/tokenizers: The current process just got forked, after parallelism has already been used. Disabling parallelism to avoid deadlocks...
To disable this warning, you can either:
	- Avoid using `tokenizers` before the fork if possible
	- Explicitly set the environment variable TOKENIZERS_PARALLELISM=(true | false)
huggingface/tokenizers: The current process just got forked, after parallelism has already been used. Disabling parallelism to avoid deadlocks...
To disable this warning, you can either:
	- Avoid using `tokenizers` before the fork if possible
	- Explicitly set the environment variable TOKENIZERS_PARALLELISM=(true | false)
{'loss': 0.2554, 'learning_rate': 6.4e-06, 'epoch': 1.0}
{'eval_loss': 0.20054414868354797, 'eval_f1': 0.691701680672269, 'eval_roc_auc': 0.8039362389548022, 'eval_accuracy': 0.5904916261480281, 'eval_runtime': 56.7175, 'eval_samples_per_second': 32.635, 'eval_steps_per_second': 1.023, 'epoch': 1.0}
{'loss': 0.1764, 'learning_rate': 4.8e-06, 'epoch': 2.0}
