learning rate: 5e-6 treshold: 0.3 batch: 8 epochs: 5
Namespace(batch=8, checkpoint='../multilabel/chi', epochs=5, lang='chi', learning=5e-06, multilingual=False, saved='saved_models/all_multilingual', test_set=['test_sets/chi_all.tsv'], train_set=['AfterDeepL/main_labels_only/chi_FINAL.modified.tsv.gz'], treshold=0.3)
Downloading and preparing dataset csv/default to /users/annieske/.cache/huggingface/datasets/csv/default-f55a10cee2fae392/0.0.0/433e0ccc46f9880962cc2b12065189766fbb2bee57a221866138fb9203c83519...
Dataset csv downloaded and prepared to /users/annieske/.cache/huggingface/datasets/csv/default-f55a10cee2fae392/0.0.0/433e0ccc46f9880962cc2b12065189766fbb2bee57a221866138fb9203c83519. Subsequent calls will reuse this data.
Downloading and preparing dataset csv/default to /users/annieske/.cache/huggingface/datasets/csv/default-4f49f1f04a94d16d/0.0.0/433e0ccc46f9880962cc2b12065189766fbb2bee57a221866138fb9203c83519...
Dataset csv downloaded and prepared to /users/annieske/.cache/huggingface/datasets/csv/default-4f49f1f04a94d16d/0.0.0/433e0ccc46f9880962cc2b12065189766fbb2bee57a221866138fb9203c83519. Subsequent calls will reuse this data.
{'dev': Dataset({
    features: ['text', 'label'],
    num_rows: 1752
}),
 'test': Dataset({
    features: ['text', 'label'],
    num_rows: 317
}),
 'train': Dataset({
    features: ['text', 'label'],
    num_rows: 7004
})}
huggingface/tokenizers: The current process just got forked, after parallelism has already been used. Disabling parallelism to avoid deadlocks...
To disable this warning, you can either:
	- Avoid using `tokenizers` before the fork if possible
	- Explicitly set the environment variable TOKENIZERS_PARALLELISM=(true | false)
huggingface/tokenizers: The current process just got forked, after parallelism has already been used. Disabling parallelism to avoid deadlocks...
To disable this warning, you can either:
	- Avoid using `tokenizers` before the fork if possible
	- Explicitly set the environment variable TOKENIZERS_PARALLELISM=(true | false)
huggingface/tokenizers: The current process just got forked, after parallelism has already been used. Disabling parallelism to avoid deadlocks...
To disable this warning, you can either:
	- Avoid using `tokenizers` before the fork if possible
	- Explicitly set the environment variable TOKENIZERS_PARALLELISM=(true | false)
