learning rate: 8e-6 treshold: 0.4 batch: 8 epochs: 5
Namespace(batch=8, checkpoint='../multilabel/fin', epochs=5, lang='fin', learning=8e-06, multilingual=False, saved='saved_models/all_multilingual', test_set=['old-datasets/multilingual-register-data-new/main_labels_only/fi_test.tsv'], train_set=['AfterDeepL/main_labels_only/FIN_FINAL.modified.tsv.gz'], treshold=0.4)
Downloading and preparing dataset csv/default to /users/annieske/.cache/huggingface/datasets/csv/default-6c197acc181325b9/0.0.0/433e0ccc46f9880962cc2b12065189766fbb2bee57a221866138fb9203c83519...
Dataset csv downloaded and prepared to /users/annieske/.cache/huggingface/datasets/csv/default-6c197acc181325b9/0.0.0/433e0ccc46f9880962cc2b12065189766fbb2bee57a221866138fb9203c83519. Subsequent calls will reuse this data.
{'dev': Dataset({
    features: ['text', 'label'],
    num_rows: 1294
}),
 'test': Dataset({
    features: ['text', 'label'],
    num_rows: 1498
}),
 'train': Dataset({
    features: ['text', 'label'],
    num_rows: 5176
})}
huggingface/tokenizers: The current process just got forked, after parallelism has already been used. Disabling parallelism to avoid deadlocks...
To disable this warning, you can either:
	- Avoid using `tokenizers` before the fork if possible
	- Explicitly set the environment variable TOKENIZERS_PARALLELISM=(true | false)
huggingface/tokenizers: The current process just got forked, after parallelism has already been used. Disabling parallelism to avoid deadlocks...
To disable this warning, you can either:
	- Avoid using `tokenizers` before the fork if possible
	- Explicitly set the environment variable TOKENIZERS_PARALLELISM=(true | false)
huggingface/tokenizers: The current process just got forked, after parallelism has already been used. Disabling parallelism to avoid deadlocks...
To disable this warning, you can either:
	- Avoid using `tokenizers` before the fork if possible
	- Explicitly set the environment variable TOKENIZERS_PARALLELISM=(true | false)
{'loss': 0.2971, 'learning_rate': 6.4e-06, 'epoch': 1.0}
{'eval_loss': 0.2133544236421585, 'eval_f1': 0.7100096556163502, 'eval_roc_auc': 0.8212857499554128, 'eval_accuracy': 0.5571870170015456, 'eval_runtime': 39.0315, 'eval_samples_per_second': 33.153, 'eval_steps_per_second': 1.05, 'epoch': 1.0}
{'loss': 0.2005, 'learning_rate': 4.8e-06, 'epoch': 2.0}
