learning rate: 8e-6 treshold: 0.4 batch: 7 epochs: 5
test_sets/pt_test_modified.tsv
Namespace(batch=7, checkpoint='../multilabel/downsampled', epochs=5, full=True, lang='downsampled_pt', learning=8e-06, model='xlm-roberta-large', multilingual=False, saved='saved_models/all_multilingual', test_set=['test_sets/pt_test_modified.tsv'], train_set=['downsampled/full_labels/all_downsampled_full.tsv.gz'], treshold=0.4)
Downloading and preparing dataset csv/default to /users/annieske/.cache/huggingface/datasets/csv/default-303a47d9ed7bce2a/0.0.0/433e0ccc46f9880962cc2b12065189766fbb2bee57a221866138fb9203c83519...
Dataset csv downloaded and prepared to /users/annieske/.cache/huggingface/datasets/csv/default-303a47d9ed7bce2a/0.0.0/433e0ccc46f9880962cc2b12065189766fbb2bee57a221866138fb9203c83519. Subsequent calls will reuse this data.
{'dev': Dataset({
    features: ['text', 'label'],
    num_rows: 1757
}),
 'test': Dataset({
    features: ['text', 'label'],
    num_rows: 332
}),
 'train': Dataset({
    features: ['text', 'label'],
    num_rows: 7027
})}
huggingface/tokenizers: The current process just got forked, after parallelism has already been used. Disabling parallelism to avoid deadlocks...
To disable this warning, you can either:
	- Avoid using `tokenizers` before the fork if possible
	- Explicitly set the environment variable TOKENIZERS_PARALLELISM=(true | false)
huggingface/tokenizers: The current process just got forked, after parallelism has already been used. Disabling parallelism to avoid deadlocks...
To disable this warning, you can either:
	- Avoid using `tokenizers` before the fork if possible
	- Explicitly set the environment variable TOKENIZERS_PARALLELISM=(true | false)
huggingface/tokenizers: The current process just got forked, after parallelism has already been used. Disabling parallelism to avoid deadlocks...
To disable this warning, you can either:
	- Avoid using `tokenizers` before the fork if possible
	- Explicitly set the environment variable TOKENIZERS_PARALLELISM=(true | false)
{'loss': 0.1152, 'learning_rate': 6.4e-06, 'epoch': 1.0}
{'eval_loss': 0.0686321035027504, 'eval_f1': 0.7355099974689953, 'eval_roc_auc': 0.8419029737678705, 'eval_accuracy': 0.6107000569151964, 'eval_runtime': 54.1451, 'eval_samples_per_second': 32.45, 'eval_steps_per_second': 1.016, 'epoch': 1.0}
{'loss': 0.061, 'learning_rate': 4.8e-06, 'epoch': 2.0}
{'eval_loss': 0.06015323847532272, 'eval_f1': 0.7675624705327675, 'eval_roc_auc': 0.8822417067107798, 'eval_accuracy': 0.6306203756402959, 'eval_runtime': 53.8863, 'eval_samples_per_second': 32.606, 'eval_steps_per_second': 1.021, 'epoch': 2.0}
{'loss': 0.0457, 'learning_rate': 3.2e-06, 'epoch': 3.0}
{'eval_loss': 0.05926821008324623, 'eval_f1': 0.7774875326525766, 'eval_roc_auc': 0.8848897805535405, 'eval_accuracy': 0.6482640865110985, 'eval_runtime': 55.113, 'eval_samples_per_second': 31.88, 'eval_steps_per_second': 0.998, 'epoch': 3.0}
{'loss': 0.035, 'learning_rate': 1.6e-06, 'epoch': 4.0}
{'eval_loss': 0.06199472397565842, 'eval_f1': 0.7752782382192753, 'eval_roc_auc': 0.8847400575411134, 'eval_accuracy': 0.6454183266932271, 'eval_runtime': 54.8177, 'eval_samples_per_second': 32.052, 'eval_steps_per_second': 1.003, 'epoch': 4.0}
{'loss': 0.0283, 'learning_rate': 0.0, 'epoch': 5.0}
{'eval_loss': 0.06343553960323334, 'eval_f1': 0.7804992934526613, 'eval_roc_auc': 0.8894781759761632, 'eval_accuracy': 0.6465566306203756, 'eval_runtime': 54.8681, 'eval_samples_per_second': 32.022, 'eval_steps_per_second': 1.002, 'epoch': 5.0}
END: ti 21.6.2022 16.06.12 +0300
