learning rate: 8e-6 treshold: 0.4 batch: 8 epochs: 5
test_sets/pt_test_modified.tsv
Namespace(batch=8, checkpoint='../multilabel/downsampled', epochs=5, full=True, lang='downsampled_pt', learning=8e-06, model='xlm-roberta-large', multilingual=False, saved='saved_models/all_multilingual', test_set=['test_sets/pt_test_modified.tsv'], train_set=['downsampled/full_labels/all_downsampled_full.tsv.gz'], treshold=0.4)
Downloading and preparing dataset csv/default to /users/annieske/.cache/huggingface/datasets/csv/default-303a47d9ed7bce2a/0.0.0/433e0ccc46f9880962cc2b12065189766fbb2bee57a221866138fb9203c83519...
Dataset csv downloaded and prepared to /users/annieske/.cache/huggingface/datasets/csv/default-303a47d9ed7bce2a/0.0.0/433e0ccc46f9880962cc2b12065189766fbb2bee57a221866138fb9203c83519. Subsequent calls will reuse this data.
Downloading and preparing dataset csv/default to /users/annieske/.cache/huggingface/datasets/csv/default-15805cde892900ca/0.0.0/433e0ccc46f9880962cc2b12065189766fbb2bee57a221866138fb9203c83519...
Dataset csv downloaded and prepared to /users/annieske/.cache/huggingface/datasets/csv/default-15805cde892900ca/0.0.0/433e0ccc46f9880962cc2b12065189766fbb2bee57a221866138fb9203c83519. Subsequent calls will reuse this data.
{'dev': Dataset({
    features: ['text', 'label'],
    num_rows: 1757
}),
 'test': Dataset({
    features: ['text', 'label'],
    num_rows: 332
}),
 'train': Dataset({
    features: ['text', 'label'],
    num_rows: 7027
})}
huggingface/tokenizers: The current process just got forked, after parallelism has already been used. Disabling parallelism to avoid deadlocks...
To disable this warning, you can either:
	- Avoid using `tokenizers` before the fork if possible
	- Explicitly set the environment variable TOKENIZERS_PARALLELISM=(true | false)
huggingface/tokenizers: The current process just got forked, after parallelism has already been used. Disabling parallelism to avoid deadlocks...
To disable this warning, you can either:
	- Avoid using `tokenizers` before the fork if possible
	- Explicitly set the environment variable TOKENIZERS_PARALLELISM=(true | false)
huggingface/tokenizers: The current process just got forked, after parallelism has already been used. Disabling parallelism to avoid deadlocks...
To disable this warning, you can either:
	- Avoid using `tokenizers` before the fork if possible
	- Explicitly set the environment variable TOKENIZERS_PARALLELISM=(true | false)
{'loss': 0.123, 'learning_rate': 6.4e-06, 'epoch': 1.0}
{'eval_loss': 0.07378257811069489, 'eval_f1': 0.7170953101361575, 'eval_roc_auc': 0.833478194230991, 'eval_accuracy': 0.5856573705179283, 'eval_runtime': 53.2305, 'eval_samples_per_second': 33.007, 'eval_steps_per_second': 1.033, 'epoch': 1.0}
{'loss': 0.0631, 'learning_rate': 4.8e-06, 'epoch': 2.0}
{'eval_loss': 0.0668025091290474, 'eval_f1': 0.7324469325868906, 'eval_roc_auc': 0.8666080332588483, 'eval_accuracy': 0.5833807626636311, 'eval_runtime': 53.0036, 'eval_samples_per_second': 33.149, 'eval_steps_per_second': 1.038, 'epoch': 2.0}
{'loss': 0.048, 'learning_rate': 3.2e-06, 'epoch': 3.0}
{'eval_loss': 0.06495079398155212, 'eval_f1': 0.7517127332860856, 'eval_roc_auc': 0.8725510252206483, 'eval_accuracy': 0.6192373363688105, 'eval_runtime': 52.9839, 'eval_samples_per_second': 33.161, 'eval_steps_per_second': 1.038, 'epoch': 3.0}
{'loss': 0.0376, 'learning_rate': 1.6e-06, 'epoch': 4.0}
{'eval_loss': 0.06548970937728882, 'eval_f1': 0.7539090690401732, 'eval_roc_auc': 0.8674774128568428, 'eval_accuracy': 0.6220830961866819, 'eval_runtime': 53.0217, 'eval_samples_per_second': 33.137, 'eval_steps_per_second': 1.037, 'epoch': 4.0}
{'loss': 0.0309, 'learning_rate': 0.0, 'epoch': 5.0}
{'eval_loss': 0.0681704506278038, 'eval_f1': 0.7591721542803387, 'eval_roc_auc': 0.87808496142523, 'eval_accuracy': 0.6249288560045532, 'eval_runtime': 53.3018, 'eval_samples_per_second': 32.963, 'eval_steps_per_second': 1.032, 'epoch': 5.0}
{'train_runtime': 3905.7716, 'train_samples_per_second': 8.996, 'train_steps_per_second': 1.125, 'train_loss': 0.06052588244753893, 'epoch': 5.0}
F1: 0.4975222993062437
              precision    recall  f1-score   support

          HI       0.76      0.50      0.60        32
          ID       0.57      0.24      0.33        17
          IN       0.42      0.53      0.47        55
          IP       0.79      0.77      0.78       113
          LY       0.00      0.00      0.00         4
          NA       0.78      0.88      0.82       113
          OP       0.48      0.53      0.51        30
          SP       0.00      0.00      0.00         0
          av       0.00      0.00      0.00         6
          ds       0.00      0.00      0.00       106
         dtp       0.00      0.00      0.00        19
          ed       0.00      0.00      0.00         4
          en       0.00      0.00      0.00         3
          fi       0.00      0.00      0.00         1
          it       0.00      0.00      0.00         0
          lt       0.00      0.00      0.00         8
          nb       0.00      0.00      0.00        19
          ne       0.00      0.00      0.00        75
          ob       0.00      0.00      0.00         5
          ra       0.00      0.00      0.00         2
          re       0.00      0.00      0.00         6
          rs       0.00      0.00      0.00         9
          rv       0.00      0.00      0.00         9
          sr       0.00      0.00      0.00         6

   micro avg       0.68      0.39      0.50       642
   macro avg       0.16      0.14      0.15       642
weighted avg       0.39      0.39      0.39       642
 samples avg       0.71      0.40      0.50       642

END: ke 22.6.2022 10.02.01 +0300
