learning rate: 8e-6 treshold: 0.4 batch: 8 epochs: 5
Namespace(batch=8, checkpoint='../multilabel/pt', epochs=5, full=True, lang='pt', learning=8e-06, model='xlm-roberta-large', multilingual=False, saved='saved_models/all_multilingual', test_set=['test_sets/pt_test_modified.tsv'], train_set=['AfterDeepL/full_labels/pt_FINAL_full.tsv.gz'], treshold=0.4)
Downloading and preparing dataset csv/default to /users/annieske/.cache/huggingface/datasets/csv/default-01eba4f061f33878/0.0.0/433e0ccc46f9880962cc2b12065189766fbb2bee57a221866138fb9203c83519...
Dataset csv downloaded and prepared to /users/annieske/.cache/huggingface/datasets/csv/default-01eba4f061f33878/0.0.0/433e0ccc46f9880962cc2b12065189766fbb2bee57a221866138fb9203c83519. Subsequent calls will reuse this data.
{'dev': Dataset({
    features: ['text', 'label'],
    num_rows: 1812
}),
 'test': Dataset({
    features: ['text', 'label'],
    num_rows: 332
}),
 'train': Dataset({
    features: ['text', 'label'],
    num_rows: 7245
})}
huggingface/tokenizers: The current process just got forked, after parallelism has already been used. Disabling parallelism to avoid deadlocks...
To disable this warning, you can either:
	- Avoid using `tokenizers` before the fork if possible
	- Explicitly set the environment variable TOKENIZERS_PARALLELISM=(true | false)
huggingface/tokenizers: The current process just got forked, after parallelism has already been used. Disabling parallelism to avoid deadlocks...
To disable this warning, you can either:
	- Avoid using `tokenizers` before the fork if possible
	- Explicitly set the environment variable TOKENIZERS_PARALLELISM=(true | false)
huggingface/tokenizers: The current process just got forked, after parallelism has already been used. Disabling parallelism to avoid deadlocks...
To disable this warning, you can either:
	- Avoid using `tokenizers` before the fork if possible
	- Explicitly set the environment variable TOKENIZERS_PARALLELISM=(true | false)
{'loss': 0.1756, 'learning_rate': 6.4e-06, 'epoch': 1.0}
{'eval_loss': 0.12239374220371246, 'eval_f1': 0.6750044666785779, 'eval_roc_auc': 0.7997621999937784, 'eval_accuracy': 0.4602649006622517, 'eval_runtime': 55.8862, 'eval_samples_per_second': 32.423, 'eval_steps_per_second': 1.02, 'epoch': 1.0}
{'loss': 0.107, 'learning_rate': 4.8e-06, 'epoch': 2.0}
{'eval_loss': 0.10689055919647217, 'eval_f1': 0.7144291931704051, 'eval_roc_auc': 0.8380315443033975, 'eval_accuracy': 0.5093818984547461, 'eval_runtime': 55.8267, 'eval_samples_per_second': 32.458, 'eval_steps_per_second': 1.021, 'epoch': 2.0}
{'loss': 0.0849, 'learning_rate': 3.2e-06, 'epoch': 3.0}
{'eval_loss': 0.10379394143819809, 'eval_f1': 0.7277583041228509, 'eval_roc_auc': 0.8458821520324337, 'eval_accuracy': 0.5397350993377483, 'eval_runtime': 55.8139, 'eval_samples_per_second': 32.465, 'eval_steps_per_second': 1.021, 'epoch': 3.0}
{'loss': 0.0698, 'learning_rate': 1.6e-06, 'epoch': 4.0}
{'eval_loss': 0.10079872608184814, 'eval_f1': 0.7397806580259223, 'eval_roc_auc': 0.8536090525023279, 'eval_accuracy': 0.5557395143487859, 'eval_runtime': 55.8129, 'eval_samples_per_second': 32.466, 'eval_steps_per_second': 1.021, 'epoch': 4.0}
{'loss': 0.0599, 'learning_rate': 0.0, 'epoch': 5.0}
{'eval_loss': 0.10165851563215256, 'eval_f1': 0.7380636604774535, 'eval_roc_auc': 0.8534358623395292, 'eval_accuracy': 0.5496688741721855, 'eval_runtime': 58.0194, 'eval_samples_per_second': 31.231, 'eval_steps_per_second': 0.982, 'epoch': 5.0}
{'train_runtime': 4103.6363, 'train_samples_per_second': 8.828, 'train_steps_per_second': 1.104, 'train_loss': 0.09944790972779129, 'epoch': 5.0}
F1: 0.6682966585167074
              precision    recall  f1-score   support

          HI       0.55      0.38      0.44        32
          ID       0.62      0.29      0.40        17
          IN       0.44      0.49      0.46        55
          IP       0.81      0.70      0.75       113
          LY       0.00      0.00      0.00         4
          NA       0.77      0.93      0.84       113
          OP       0.50      0.53      0.52        30
          SP       0.00      0.00      0.00         0
          av       1.00      0.17      0.29         6
          ds       0.85      0.72      0.78       106
         dtp       0.00      0.00      0.00        19
          ed       0.00      0.00      0.00         4
          en       0.00      0.00      0.00         3
          fi       0.00      0.00      0.00         1
          it       0.00      0.00      0.00         0
          lt       0.56      0.62      0.59         8
          nb       0.00      0.00      0.00        19
          ne       0.65      0.87      0.74        75
          ob       0.29      0.40      0.33         5
          ra       0.00      0.00      0.00         2
          re       1.00      0.83      0.91         6
          rs       0.86      0.67      0.75         9
          rv       1.00      0.33      0.50         9
          sr       0.75      0.50      0.60         6

   micro avg       0.70      0.64      0.67       642
   macro avg       0.44      0.35      0.37       642
weighted avg       0.66      0.64      0.64       642
 samples avg       0.67      0.63      0.64       642

END: to 23.6.2022 12.09.07 +0300
