learning rate: 8e-6 treshold: 0.4 batch: 8 epochs: 5
test_sets/pt_test_modified.tsv
Namespace(batch=8, checkpoint='../multilabel/downsampled', epochs=5, full=True, lang='downsampled_pt', learning=8e-06, model='xlm-roberta-large', multilingual=False, saved='saved_models/all_multilingual', test_set=['test_sets/pt_test_modified.tsv'], train_set=['downsampled/full_labels/all_downsampled_full.tsv.gz'], treshold=0.4)
Downloading and preparing dataset csv/default to /users/annieske/.cache/huggingface/datasets/csv/default-95263edf866ab981/0.0.0/433e0ccc46f9880962cc2b12065189766fbb2bee57a221866138fb9203c83519...
Dataset csv downloaded and prepared to /users/annieske/.cache/huggingface/datasets/csv/default-95263edf866ab981/0.0.0/433e0ccc46f9880962cc2b12065189766fbb2bee57a221866138fb9203c83519. Subsequent calls will reuse this data.
{'dev': Dataset({
    features: ['text', 'label'],
    num_rows: 1757
}),
 'test': Dataset({
    features: ['text', 'label'],
    num_rows: 332
}),
 'train': Dataset({
    features: ['text', 'label'],
    num_rows: 7027
})}
huggingface/tokenizers: The current process just got forked, after parallelism has already been used. Disabling parallelism to avoid deadlocks...
To disable this warning, you can either:
	- Avoid using `tokenizers` before the fork if possible
	- Explicitly set the environment variable TOKENIZERS_PARALLELISM=(true | false)
huggingface/tokenizers: The current process just got forked, after parallelism has already been used. Disabling parallelism to avoid deadlocks...
To disable this warning, you can either:
	- Avoid using `tokenizers` before the fork if possible
	- Explicitly set the environment variable TOKENIZERS_PARALLELISM=(true | false)
huggingface/tokenizers: The current process just got forked, after parallelism has already been used. Disabling parallelism to avoid deadlocks...
To disable this warning, you can either:
	- Avoid using `tokenizers` before the fork if possible
	- Explicitly set the environment variable TOKENIZERS_PARALLELISM=(true | false)
{'loss': 0.1252, 'learning_rate': 6.4e-06, 'epoch': 1.0}
{'eval_loss': 0.07652884721755981, 'eval_f1': 0.7130347760820617, 'eval_roc_auc': 0.8338441219624865, 'eval_accuracy': 0.5873648264086511, 'eval_runtime': 55.4906, 'eval_samples_per_second': 31.663, 'eval_steps_per_second': 0.991, 'epoch': 1.0}
{'loss': 0.0632, 'learning_rate': 4.8e-06, 'epoch': 2.0}
{'eval_loss': 0.062362879514694214, 'eval_f1': 0.7613636363636365, 'eval_roc_auc': 0.8623137421777345, 'eval_accuracy': 0.6425725668753557, 'eval_runtime': 55.1012, 'eval_samples_per_second': 31.887, 'eval_steps_per_second': 0.998, 'epoch': 2.0}
{'loss': 0.048, 'learning_rate': 3.2e-06, 'epoch': 3.0}
{'eval_loss': 0.06016476824879646, 'eval_f1': 0.7732502396931927, 'eval_roc_auc': 0.878832275857706, 'eval_accuracy': 0.6539556061468412, 'eval_runtime': 55.7747, 'eval_samples_per_second': 31.502, 'eval_steps_per_second': 0.986, 'epoch': 3.0}
{'loss': 0.0369, 'learning_rate': 1.6e-06, 'epoch': 4.0}
{'eval_loss': 0.061492860317230225, 'eval_f1': 0.7778823529411764, 'eval_roc_auc': 0.8878955519189491, 'eval_accuracy': 0.6505406943653955, 'eval_runtime': 55.0587, 'eval_samples_per_second': 31.911, 'eval_steps_per_second': 0.999, 'epoch': 4.0}
{'loss': 0.0299, 'learning_rate': 0.0, 'epoch': 5.0}
{'eval_loss': 0.06376352906227112, 'eval_f1': 0.7790173273201993, 'eval_roc_auc': 0.8853462678852333, 'eval_accuracy': 0.6602162777461582, 'eval_runtime': 55.102, 'eval_samples_per_second': 31.886, 'eval_steps_per_second': 0.998, 'epoch': 5.0}
{'train_runtime': 4182.0634, 'train_samples_per_second': 8.401, 'train_steps_per_second': 1.051, 'train_loss': 0.06064932804736939, 'epoch': 5.0}
F1: 0.49548645937813435
              precision    recall  f1-score   support

          HI       0.78      0.44      0.56        32
          ID       0.60      0.18      0.27        17
          IN       0.52      0.42      0.46        55
          IP       0.74      0.78      0.76       113
          LY       0.50      0.25      0.33         4
          NA       0.77      0.90      0.83       113
          OP       0.46      0.53      0.49        30
          SP       0.00      0.00      0.00         0
          av       0.00      0.00      0.00         6
          ds       0.00      0.00      0.00       106
         dtp       0.00      0.00      0.00        19
          ed       0.00      0.00      0.00         4
          en       0.00      0.00      0.00         3
          fi       0.00      0.00      0.00         1
          it       0.00      0.00      0.00         0
          lt       0.00      0.00      0.00         8
          nb       0.00      0.00      0.00        19
          ne       0.00      0.00      0.00        75
          ob       0.00      0.00      0.00         5
          ra       0.00      0.00      0.00         2
          re       0.00      0.00      0.00         6
          rs       0.00      0.00      0.00         9
          rv       0.00      0.00      0.00         9
          sr       0.00      0.00      0.00         6

   micro avg       0.70      0.38      0.50       642
   macro avg       0.18      0.15      0.15       642
weighted avg       0.39      0.38      0.38       642
 samples avg       0.71      0.39      0.49       642

END: ke 22.6.2022 17.15.37 +0300
