learning rate: 8e-6 treshold: 0.4 batch: 8 epochs: 5
Namespace(batch=8, checkpoint='../multilabel/pt', epochs=5, full=True, lang='pt', learning=8e-06, model='xlm-roberta-large', multilingual=False, saved='saved_models/all_multilingual', test_set=['test_sets/pt_test_modified.tsv'], train_set=['AfterDeepL/full_labels/pt_FINAL_full.tsv.gz'], treshold=0.4)
Downloading and preparing dataset csv/default to /users/annieske/.cache/huggingface/datasets/csv/default-49977cc4a6b8ac8c/0.0.0/433e0ccc46f9880962cc2b12065189766fbb2bee57a221866138fb9203c83519...
Dataset csv downloaded and prepared to /users/annieske/.cache/huggingface/datasets/csv/default-49977cc4a6b8ac8c/0.0.0/433e0ccc46f9880962cc2b12065189766fbb2bee57a221866138fb9203c83519. Subsequent calls will reuse this data.
{'dev': Dataset({
    features: ['text', 'label'],
    num_rows: 1812
}),
 'test': Dataset({
    features: ['text', 'label'],
    num_rows: 332
}),
 'train': Dataset({
    features: ['text', 'label'],
    num_rows: 7245
})}
huggingface/tokenizers: The current process just got forked, after parallelism has already been used. Disabling parallelism to avoid deadlocks...
To disable this warning, you can either:
	- Avoid using `tokenizers` before the fork if possible
	- Explicitly set the environment variable TOKENIZERS_PARALLELISM=(true | false)
huggingface/tokenizers: The current process just got forked, after parallelism has already been used. Disabling parallelism to avoid deadlocks...
To disable this warning, you can either:
	- Avoid using `tokenizers` before the fork if possible
	- Explicitly set the environment variable TOKENIZERS_PARALLELISM=(true | false)
huggingface/tokenizers: The current process just got forked, after parallelism has already been used. Disabling parallelism to avoid deadlocks...
To disable this warning, you can either:
	- Avoid using `tokenizers` before the fork if possible
	- Explicitly set the environment variable TOKENIZERS_PARALLELISM=(true | false)
{'loss': 0.1803, 'learning_rate': 6.4e-06, 'epoch': 1.0}
{'eval_loss': 0.1190199926495552, 'eval_f1': 0.6825312885598449, 'eval_roc_auc': 0.8098976818382462, 'eval_accuracy': 0.47516556291390727, 'eval_runtime': 56.4454, 'eval_samples_per_second': 32.102, 'eval_steps_per_second': 1.01, 'epoch': 1.0}
{'loss': 0.1094, 'learning_rate': 4.8e-06, 'epoch': 2.0}
{'eval_loss': 0.1040939912199974, 'eval_f1': 0.7208347588094424, 'eval_roc_auc': 0.8380072140372394, 'eval_accuracy': 0.5259381898454746, 'eval_runtime': 56.1406, 'eval_samples_per_second': 32.276, 'eval_steps_per_second': 1.015, 'epoch': 2.0}
{'loss': 0.0869, 'learning_rate': 3.2e-06, 'epoch': 3.0}
{'eval_loss': 0.09973375499248505, 'eval_f1': 0.7360669456066945, 'eval_roc_auc': 0.8526864060496445, 'eval_accuracy': 0.5623620309050773, 'eval_runtime': 56.1222, 'eval_samples_per_second': 32.287, 'eval_steps_per_second': 1.016, 'epoch': 3.0}
{'loss': 0.0714, 'learning_rate': 1.6e-06, 'epoch': 4.0}
{'eval_loss': 0.10070209950208664, 'eval_f1': 0.7375292936056242, 'eval_roc_auc': 0.853406323495564, 'eval_accuracy': 0.5678807947019867, 'eval_runtime': 56.1318, 'eval_samples_per_second': 32.281, 'eval_steps_per_second': 1.015, 'epoch': 4.0}
{'loss': 0.0615, 'learning_rate': 0.0, 'epoch': 5.0}
{'eval_loss': 0.1004488468170166, 'eval_f1': 0.7406166219839142, 'eval_roc_auc': 0.8547187143172772, 'eval_accuracy': 0.5772626931567328, 'eval_runtime': 57.4951, 'eval_samples_per_second': 31.516, 'eval_steps_per_second': 0.991, 'epoch': 5.0}
{'train_runtime': 4115.7392, 'train_samples_per_second': 8.802, 'train_steps_per_second': 1.101, 'train_loss': 0.10190100259338783, 'epoch': 5.0}
F1: 0.6602098466505246
              precision    recall  f1-score   support

          HI       0.56      0.44      0.49        32
          ID       0.57      0.24      0.33        17
          IN       0.39      0.60      0.47        55
          IP       0.80      0.73      0.76       113
          LY       0.50      0.25      0.33         4
          NA       0.77      0.88      0.82       113
          OP       0.50      0.57      0.53        30
          SP       0.00      0.00      0.00         0
          av       0.00      0.00      0.00         6
          ds       0.85      0.66      0.74       106
         dtp       0.00      0.00      0.00        19
          ed       0.00      0.00      0.00         4
          en       0.00      0.00      0.00         3
          fi       0.00      0.00      0.00         1
          it       0.00      0.00      0.00         0
          lt       0.50      0.62      0.56         8
          nb       0.00      0.00      0.00        19
          ne       0.66      0.84      0.74        75
          ob       0.50      0.60      0.55         5
          ra       0.00      0.00      0.00         2
          re       1.00      0.83      0.91         6
          rs       0.88      0.78      0.82         9
          rv       1.00      0.22      0.36         9
          sr       1.00      0.50      0.67         6

   micro avg       0.69      0.64      0.66       642
   macro avg       0.44      0.36      0.38       642
weighted avg       0.65      0.64      0.63       642
 samples avg       0.67      0.63      0.63       642

END: ke 22.6.2022 17.10.54 +0300
