learning rate: 8e-6 treshold: 0.4 batch: 8 epochs: 5
Namespace(batch=8, checkpoint='../multilabel/pt', epochs=5, full=True, lang='pt', learning=8e-06, model='xlm-roberta-large', multilingual=False, saved='saved_models/all_multilingual', test_set=['test_sets/pt_test_modified.tsv'], train_set=['AfterDeepL/full_labels/pt_FINAL_full.tsv.gz'], treshold=0.4)
Downloading and preparing dataset csv/default to /users/annieske/.cache/huggingface/datasets/csv/default-1ae9eecb6f592003/0.0.0/433e0ccc46f9880962cc2b12065189766fbb2bee57a221866138fb9203c83519...
Dataset csv downloaded and prepared to /users/annieske/.cache/huggingface/datasets/csv/default-1ae9eecb6f592003/0.0.0/433e0ccc46f9880962cc2b12065189766fbb2bee57a221866138fb9203c83519. Subsequent calls will reuse this data.
{'dev': Dataset({
    features: ['text', 'label'],
    num_rows: 1812
}),
 'test': Dataset({
    features: ['text', 'label'],
    num_rows: 332
}),
 'train': Dataset({
    features: ['text', 'label'],
    num_rows: 7245
})}
huggingface/tokenizers: The current process just got forked, after parallelism has already been used. Disabling parallelism to avoid deadlocks...
To disable this warning, you can either:
	- Avoid using `tokenizers` before the fork if possible
	- Explicitly set the environment variable TOKENIZERS_PARALLELISM=(true | false)
huggingface/tokenizers: The current process just got forked, after parallelism has already been used. Disabling parallelism to avoid deadlocks...
To disable this warning, you can either:
	- Avoid using `tokenizers` before the fork if possible
	- Explicitly set the environment variable TOKENIZERS_PARALLELISM=(true | false)
huggingface/tokenizers: The current process just got forked, after parallelism has already been used. Disabling parallelism to avoid deadlocks...
To disable this warning, you can either:
	- Avoid using `tokenizers` before the fork if possible
	- Explicitly set the environment variable TOKENIZERS_PARALLELISM=(true | false)
{'loss': 0.1807, 'learning_rate': 6.4e-06, 'epoch': 1.0}
{'eval_loss': 0.1299208253622055, 'eval_f1': 0.6602185205086871, 'eval_roc_auc': 0.7905129517692621, 'eval_accuracy': 0.45143487858719644, 'eval_runtime': 55.8975, 'eval_samples_per_second': 32.416, 'eval_steps_per_second': 1.02, 'epoch': 1.0}
{'loss': 0.111, 'learning_rate': 4.8e-06, 'epoch': 2.0}
{'eval_loss': 0.11013345420360565, 'eval_f1': 0.7100770003347839, 'eval_roc_auc': 0.8341566318768574, 'eval_accuracy': 0.4988962472406181, 'eval_runtime': 55.9741, 'eval_samples_per_second': 32.372, 'eval_steps_per_second': 1.018, 'epoch': 2.0}
{'loss': 0.088, 'learning_rate': 3.2e-06, 'epoch': 3.0}
{'eval_loss': 0.10533155500888824, 'eval_f1': 0.7290493540907586, 'eval_roc_auc': 0.847316404676103, 'eval_accuracy': 0.5435982339955849, 'eval_runtime': 55.9345, 'eval_samples_per_second': 32.395, 'eval_steps_per_second': 1.019, 'epoch': 3.0}
{'loss': 0.0724, 'learning_rate': 1.6e-06, 'epoch': 4.0}
{'eval_loss': 0.10717340558767319, 'eval_f1': 0.7229112271540471, 'eval_roc_auc': 0.8486441656684091, 'eval_accuracy': 0.5314569536423841, 'eval_runtime': 57.1363, 'eval_samples_per_second': 31.714, 'eval_steps_per_second': 0.998, 'epoch': 4.0}
{'loss': 0.0627, 'learning_rate': 0.0, 'epoch': 5.0}
{'eval_loss': 0.10652408003807068, 'eval_f1': 0.7230971128608924, 'eval_roc_auc': 0.8471218114077951, 'eval_accuracy': 0.5364238410596026, 'eval_runtime': 55.9014, 'eval_samples_per_second': 32.414, 'eval_steps_per_second': 1.02, 'epoch': 5.0}
{'train_runtime': 4124.6577, 'train_samples_per_second': 8.783, 'train_steps_per_second': 1.098, 'train_loss': 0.10296418398421332, 'epoch': 5.0}
F1: 0.6720911310008136
              precision    recall  f1-score   support

          HI       0.67      0.44      0.53        32
          ID       0.71      0.29      0.42        17
          IN       0.47      0.47      0.47        55
          IP       0.80      0.73      0.76       113
          LY       0.33      0.25      0.29         4
          NA       0.76      0.88      0.81       113
          OP       0.56      0.50      0.53        30
          SP       0.00      0.00      0.00         0
          av       0.00      0.00      0.00         6
          ds       0.80      0.73      0.76       106
         dtp       0.00      0.00      0.00        19
          ed       0.00      0.00      0.00         4
          en       0.00      0.00      0.00         3
          fi       0.00      0.00      0.00         1
          it       0.00      0.00      0.00         0
          lt       0.62      0.62      0.62         8
          nb       0.00      0.00      0.00        19
          ne       0.64      0.92      0.75        75
          ob       0.40      0.40      0.40         5
          ra       0.00      0.00      0.00         2
          re       1.00      0.83      0.91         6
          rs       0.80      0.89      0.84         9
          rv       1.00      0.22      0.36         9
          sr       0.60      0.50      0.55         6

   micro avg       0.70      0.64      0.67       642
   macro avg       0.42      0.36      0.38       642
weighted avg       0.65      0.64      0.64       642
 samples avg       0.68      0.63      0.64       642

END: to 23.6.2022 14.55.32 +0300
