learning rate: 2e-5 treshold: 0.4 batch: 7 epochs: 6
test_sets/pt_test_modified.tsv
Namespace(batch=7, checkpoint='../multilabel/downsampled', epochs=6, full=True, lang='downsampled_pt', learning=2e-05, model='xlm-roberta-large', multilingual=False, saved='saved_models/all_multilingual', test_set=['test_sets/pt_test_modified.tsv'], train_set=['downsampled/full_labels/all_downsampled_full.tsv.gz'], treshold=0.4)
{'dev': Dataset({
    features: ['text', 'label'],
    num_rows: 1757
}),
 'test': Dataset({
    features: ['text', 'label'],
    num_rows: 332
}),
 'train': Dataset({
    features: ['text', 'label'],
    num_rows: 7027
})}
huggingface/tokenizers: The current process just got forked, after parallelism has already been used. Disabling parallelism to avoid deadlocks...
To disable this warning, you can either:
	- Avoid using `tokenizers` before the fork if possible
	- Explicitly set the environment variable TOKENIZERS_PARALLELISM=(true | false)
huggingface/tokenizers: The current process just got forked, after parallelism has already been used. Disabling parallelism to avoid deadlocks...
To disable this warning, you can either:
	- Avoid using `tokenizers` before the fork if possible
	- Explicitly set the environment variable TOKENIZERS_PARALLELISM=(true | false)
huggingface/tokenizers: The current process just got forked, after parallelism has already been used. Disabling parallelism to avoid deadlocks...
To disable this warning, you can either:
	- Avoid using `tokenizers` before the fork if possible
	- Explicitly set the environment variable TOKENIZERS_PARALLELISM=(true | false)
{'loss': 0.098, 'learning_rate': 1.6666666666666667e-05, 'epoch': 1.0}
{'eval_loss': 0.06519206613302231, 'eval_f1': 0.7380309354284311, 'eval_roc_auc': 0.851046582924672, 'eval_accuracy': 0.6118383608423449, 'eval_runtime': 53.9888, 'eval_samples_per_second': 32.544, 'eval_steps_per_second': 1.019, 'epoch': 1.0}
{'loss': 0.0567, 'learning_rate': 1.3333333333333333e-05, 'epoch': 2.0}
{'eval_loss': 0.06105378642678261, 'eval_f1': 0.7562947562947562, 'eval_roc_auc': 0.881337808163728, 'eval_accuracy': 0.610130904951622, 'eval_runtime': 53.9777, 'eval_samples_per_second': 32.551, 'eval_steps_per_second': 1.019, 'epoch': 2.0}
{'loss': 0.0406, 'learning_rate': 1e-05, 'epoch': 3.0}
{'eval_loss': 0.06289234012365341, 'eval_f1': 0.7652011225444341, 'eval_roc_auc': 0.8817493853188527, 'eval_accuracy': 0.6226522481502561, 'eval_runtime': 54.0125, 'eval_samples_per_second': 32.53, 'eval_steps_per_second': 1.018, 'epoch': 3.0}
{'loss': 0.028, 'learning_rate': 6.666666666666667e-06, 'epoch': 4.0}
{'eval_loss': 0.0657591000199318, 'eval_f1': 0.7742379096951639, 'eval_roc_auc': 0.8939081389657996, 'eval_accuracy': 0.6357427433124644, 'eval_runtime': 54.0273, 'eval_samples_per_second': 32.521, 'eval_steps_per_second': 1.018, 'epoch': 4.0}
{'loss': 0.0185, 'learning_rate': 3.3333333333333333e-06, 'epoch': 5.0}
{'eval_loss': 0.07134447246789932, 'eval_f1': 0.7719703977798335, 'eval_roc_auc': 0.8893969333288388, 'eval_accuracy': 0.6374501992031872, 'eval_runtime': 54.9735, 'eval_samples_per_second': 31.961, 'eval_steps_per_second': 1.0, 'epoch': 5.0}
{'loss': 0.0118, 'learning_rate': 0.0, 'epoch': 6.0}
{'eval_loss': 0.07508538663387299, 'eval_f1': 0.773493419533595, 'eval_roc_auc': 0.8908089540983555, 'eval_accuracy': 0.6357427433124644, 'eval_runtime': 53.9511, 'eval_samples_per_second': 32.567, 'eval_steps_per_second': 1.019, 'epoch': 6.0}
{'train_runtime': 4827.9606, 'train_samples_per_second': 8.733, 'train_steps_per_second': 1.248, 'train_loss': 0.042289124225398614, 'epoch': 6.0}
F1: 0.48023143683702985
              precision    recall  f1-score   support

          HI       0.67      0.44      0.53        32
          ID       0.50      0.18      0.26        17
          IN       0.34      0.65      0.45        55
          IP       0.85      0.69      0.76       113
          LY       0.00      0.00      0.00         4
          NA       0.75      0.89      0.82       113
          OP       0.47      0.57      0.52        30
          SP       0.00      0.00      0.00         0
          av       0.00      0.00      0.00         6
          ds       0.00      0.00      0.00       106
         dtp       0.00      0.00      0.00        19
          ed       0.00      0.00      0.00         4
          en       0.00      0.00      0.00         3
          fi       0.00      0.00      0.00         1
          it       0.00      0.00      0.00         0
          lt       0.00      0.00      0.00         8
          nb       0.00      0.00      0.00        19
          ne       0.00      0.00      0.00        75
          ob       0.00      0.00      0.00         5
          ra       0.00      0.00      0.00         2
          re       0.00      0.00      0.00         6
          rs       0.00      0.00      0.00         9
          rv       0.00      0.00      0.00         9
          sr       0.00      0.00      0.00         6

   micro avg       0.63      0.39      0.48       642
   macro avg       0.15      0.14      0.14       642
weighted avg       0.38      0.39      0.37       642
 samples avg       0.67      0.40      0.48       642

END: to 23.6.2022 15.34.11 +0300
