learning rate: 2e-5 treshold: 0.4 batch: 7 epochs: 6
test_sets/pt_test_modified.tsv
Namespace(batch=7, checkpoint='../multilabel/downsampled', epochs=6, full=True, lang='downsampled_pt', learning=2e-05, model='xlm-roberta-large', multilingual=False, saved='saved_models/all_multilingual', test_set=['test_sets/pt_test_modified.tsv'], train_set=['downsampled/full_labels/all_downsampled_full.tsv.gz'], treshold=0.4)
{'dev': Dataset({
    features: ['text', 'label'],
    num_rows: 1818
}),
 'test': Dataset({
    features: ['text', 'label'],
    num_rows: 332
}),
 'train': Dataset({
    features: ['text', 'label'],
    num_rows: 7269
})}
huggingface/tokenizers: The current process just got forked, after parallelism has already been used. Disabling parallelism to avoid deadlocks...
To disable this warning, you can either:
	- Avoid using `tokenizers` before the fork if possible
	- Explicitly set the environment variable TOKENIZERS_PARALLELISM=(true | false)
huggingface/tokenizers: The current process just got forked, after parallelism has already been used. Disabling parallelism to avoid deadlocks...
To disable this warning, you can either:
	- Avoid using `tokenizers` before the fork if possible
	- Explicitly set the environment variable TOKENIZERS_PARALLELISM=(true | false)
huggingface/tokenizers: The current process just got forked, after parallelism has already been used. Disabling parallelism to avoid deadlocks...
To disable this warning, you can either:
	- Avoid using `tokenizers` before the fork if possible
	- Explicitly set the environment variable TOKENIZERS_PARALLELISM=(true | false)
{'loss': 0.1532, 'learning_rate': 1.6666666666666667e-05, 'epoch': 1.0}
{'eval_loss': 0.10738662630319595, 'eval_f1': 0.7162321278385199, 'eval_roc_auc': 0.836943132204875, 'eval_accuracy': 0.5066006600660066, 'eval_runtime': 55.2373, 'eval_samples_per_second': 32.913, 'eval_steps_per_second': 1.032, 'epoch': 1.0}
{'loss': 0.0925, 'learning_rate': 1.3333333333333333e-05, 'epoch': 2.0}
{'eval_loss': 0.09822414815425873, 'eval_f1': 0.7312332439678284, 'eval_roc_auc': 0.8459280756906824, 'eval_accuracy': 0.5352035203520352, 'eval_runtime': 55.2234, 'eval_samples_per_second': 32.921, 'eval_steps_per_second': 1.032, 'epoch': 2.0}
{'loss': 0.069, 'learning_rate': 1e-05, 'epoch': 3.0}
{'eval_loss': 0.09578745812177658, 'eval_f1': 0.7518080210387903, 'eval_roc_auc': 0.8628600810246032, 'eval_accuracy': 0.5693069306930693, 'eval_runtime': 55.6524, 'eval_samples_per_second': 32.667, 'eval_steps_per_second': 1.024, 'epoch': 3.0}
{'loss': 0.0512, 'learning_rate': 6.666666666666667e-06, 'epoch': 4.0}
{'eval_loss': 0.09526067227125168, 'eval_f1': 0.7666446934739618, 'eval_roc_auc': 0.869877557605974, 'eval_accuracy': 0.5924092409240924, 'eval_runtime': 56.4947, 'eval_samples_per_second': 32.18, 'eval_steps_per_second': 1.009, 'epoch': 4.0}
{'loss': 0.0376, 'learning_rate': 3.3333333333333333e-06, 'epoch': 5.0}
{'eval_loss': 0.10087341070175171, 'eval_f1': 0.7641858222150779, 'eval_roc_auc': 0.8769100241365437, 'eval_accuracy': 0.5874587458745875, 'eval_runtime': 55.2946, 'eval_samples_per_second': 32.878, 'eval_steps_per_second': 1.031, 'epoch': 5.0}
{'loss': 0.0279, 'learning_rate': 0.0, 'epoch': 6.0}
{'eval_loss': 0.10009484738111496, 'eval_f1': 0.7687369603594929, 'eval_roc_auc': 0.8799345309559925, 'eval_accuracy': 0.5847084708470847, 'eval_runtime': 55.2765, 'eval_samples_per_second': 32.889, 'eval_steps_per_second': 1.031, 'epoch': 6.0}
{'train_runtime': 4987.6234, 'train_samples_per_second': 8.744, 'train_steps_per_second': 1.25, 'train_loss': 0.07188606874125104, 'epoch': 6.0}
F1: 0.6666666666666666
              precision    recall  f1-score   support

          HI       0.68      0.53      0.60        32
          ID       0.50      0.29      0.37        17
          IN       0.43      0.47      0.45        55
          IP       0.79      0.75      0.77       113
          LY       0.75      0.75      0.75         4
          NA       0.77      0.89      0.82       113
          OP       0.53      0.53      0.53        30
          SP       0.00      0.00      0.00         0
          av       0.17      0.17      0.17         6
          ds       0.86      0.64      0.74       106
         dtp       0.00      0.00      0.00        19
          ed       0.00      0.00      0.00         4
          en       0.00      0.00      0.00         3
          fi       0.00      0.00      0.00         1
          it       0.00      0.00      0.00         0
          lt       0.56      0.62      0.59         8
          nb       0.00      0.00      0.00        19
          ne       0.62      0.87      0.73        75
          ob       0.20      0.20      0.20         5
          ra       0.00      0.00      0.00         2
          re       1.00      0.83      0.91         6
          rs       1.00      0.89      0.94         9
          rv       1.00      0.22      0.36         9
          sr       0.67      0.67      0.67         6

   micro avg       0.69      0.64      0.67       642
   macro avg       0.44      0.39      0.40       642
weighted avg       0.66      0.64      0.64       642
 samples avg       0.68      0.64      0.65       642

END: Sun Jun 26 22:46:53 EEST 2022
