learning rate: 8e-5 treshold: 0.4 batch: 8 epochs: 5
test_sets/pt_test_modified.tsv
Namespace(batch=8, checkpoint='../multilabel/downsampled', epochs=5, full=True, lang='downsampled_pt', learning=8e-05, model='xlm-roberta-large', multilingual=False, saved='saved_models/all_multilingual', test_set=['test_sets/pt_test_modified.tsv'], train_set=['downsampled/full_labels/all_downsampled_full.tsv.gz'], treshold=0.4)
Downloading and preparing dataset csv/default to /users/annieske/.cache/huggingface/datasets/csv/default-78fbdb72d562ac1e/0.0.0/433e0ccc46f9880962cc2b12065189766fbb2bee57a221866138fb9203c83519...
Dataset csv downloaded and prepared to /users/annieske/.cache/huggingface/datasets/csv/default-78fbdb72d562ac1e/0.0.0/433e0ccc46f9880962cc2b12065189766fbb2bee57a221866138fb9203c83519. Subsequent calls will reuse this data.
Downloading and preparing dataset csv/default to /users/annieske/.cache/huggingface/datasets/csv/default-15805cde892900ca/0.0.0/433e0ccc46f9880962cc2b12065189766fbb2bee57a221866138fb9203c83519...
Dataset csv downloaded and prepared to /users/annieske/.cache/huggingface/datasets/csv/default-15805cde892900ca/0.0.0/433e0ccc46f9880962cc2b12065189766fbb2bee57a221866138fb9203c83519. Subsequent calls will reuse this data.
{'dev': Dataset({
    features: ['text', 'label'],
    num_rows: 1818
}),
 'test': Dataset({
    features: ['text', 'label'],
    num_rows: 332
}),
 'train': Dataset({
    features: ['text', 'label'],
    num_rows: 7269
})}
huggingface/tokenizers: The current process just got forked, after parallelism has already been used. Disabling parallelism to avoid deadlocks...
To disable this warning, you can either:
	- Avoid using `tokenizers` before the fork if possible
	- Explicitly set the environment variable TOKENIZERS_PARALLELISM=(true | false)
huggingface/tokenizers: The current process just got forked, after parallelism has already been used. Disabling parallelism to avoid deadlocks...
To disable this warning, you can either:
	- Avoid using `tokenizers` before the fork if possible
	- Explicitly set the environment variable TOKENIZERS_PARALLELISM=(true | false)
huggingface/tokenizers: The current process just got forked, after parallelism has already been used. Disabling parallelism to avoid deadlocks...
To disable this warning, you can either:
	- Avoid using `tokenizers` before the fork if possible
	- Explicitly set the environment variable TOKENIZERS_PARALLELISM=(true | false)
{'loss': 0.2131, 'learning_rate': 6.400000000000001e-05, 'epoch': 1.0}
{'eval_loss': 0.20592749118804932, 'eval_f1': 0.0, 'eval_roc_auc': 0.5, 'eval_accuracy': 0.0, 'eval_runtime': 57.1006, 'eval_samples_per_second': 31.839, 'eval_steps_per_second': 0.998, 'epoch': 1.0}
{'loss': 0.208, 'learning_rate': 4.8e-05, 'epoch': 2.0}
{'eval_loss': 0.20585890114307404, 'eval_f1': 0.0, 'eval_roc_auc': 0.5, 'eval_accuracy': 0.0, 'eval_runtime': 56.2223, 'eval_samples_per_second': 32.336, 'eval_steps_per_second': 1.014, 'epoch': 2.0}
{'loss': 0.2075, 'learning_rate': 3.2000000000000005e-05, 'epoch': 3.0}
{'eval_loss': 0.2053147405385971, 'eval_f1': 0.0, 'eval_roc_auc': 0.5, 'eval_accuracy': 0.0, 'eval_runtime': 57.4801, 'eval_samples_per_second': 31.628, 'eval_steps_per_second': 0.992, 'epoch': 3.0}
{'loss': 0.2072, 'learning_rate': 1.6000000000000003e-05, 'epoch': 4.0}
{'eval_loss': 0.20568394660949707, 'eval_f1': 0.0, 'eval_roc_auc': 0.5, 'eval_accuracy': 0.0, 'eval_runtime': 56.1938, 'eval_samples_per_second': 32.352, 'eval_steps_per_second': 1.014, 'epoch': 4.0}
{'loss': 0.2071, 'learning_rate': 0.0, 'epoch': 5.0}
{'eval_loss': 0.20499251782894135, 'eval_f1': 0.0, 'eval_roc_auc': 0.5, 'eval_accuracy': 0.0, 'eval_runtime': 56.1687, 'eval_samples_per_second': 32.367, 'eval_steps_per_second': 1.015, 'epoch': 5.0}
{'train_runtime': 4218.199, 'train_samples_per_second': 8.616, 'train_steps_per_second': 1.077, 'train_loss': 0.20855755863672304, 'epoch': 5.0}
F1: 0.0
              precision    recall  f1-score   support

          HI       0.00      0.00      0.00        32
          ID       0.00      0.00      0.00        17
          IN       0.00      0.00      0.00        55
          IP       0.00      0.00      0.00       113
          LY       0.00      0.00      0.00         4
          NA       0.00      0.00      0.00       113
          OP       0.00      0.00      0.00        30
          SP       0.00      0.00      0.00         0
          av       0.00      0.00      0.00         6
          ds       0.00      0.00      0.00       106
         dtp       0.00      0.00      0.00        19
          ed       0.00      0.00      0.00         4
          en       0.00      0.00      0.00         3
          fi       0.00      0.00      0.00         1
          it       0.00      0.00      0.00         0
          lt       0.00      0.00      0.00         8
          nb       0.00      0.00      0.00        19
          ne       0.00      0.00      0.00        75
          ob       0.00      0.00      0.00         5
          ra       0.00      0.00      0.00         2
          re       0.00      0.00      0.00         6
          rs       0.00      0.00      0.00         9
          rv       0.00      0.00      0.00         9
          sr       0.00      0.00      0.00         6

   micro avg       0.00      0.00      0.00       642
   macro avg       0.00      0.00      0.00       642
weighted avg       0.00      0.00      0.00       642
 samples avg       0.00      0.00      0.00       642

END: Sun Jun 26 21:48:00 EEST 2022
