train: main_labels_only/ja_FINAL.modified.tsv.gz test: test_sets/jpn_test_modified.tsv
learning rate: 4e-6 treshold: 0.3 batch: 7 epochs: 5
Namespace(batch=7, epochs=5, learning=4e-06, multilingual=False, test_set=['test_sets/jpn_test_modified.tsv'], train_set=['main_labels_only/ja_FINAL.modified.tsv.gz'], treshold=0.3)
{'dev': Dataset({
    features: ['text', 'label'],
    num_rows: 1848
}),
 'test': Dataset({
    features: ['text', 'label'],
    num_rows: 100
}),
 'train': Dataset({
    features: ['text', 'label'],
    num_rows: 7392
})}
huggingface/tokenizers: The current process just got forked, after parallelism has already been used. Disabling parallelism to avoid deadlocks...
To disable this warning, you can either:
	- Avoid using `tokenizers` before the fork if possible
	- Explicitly set the environment variable TOKENIZERS_PARALLELISM=(true | false)
huggingface/tokenizers: The current process just got forked, after parallelism has already been used. Disabling parallelism to avoid deadlocks...
To disable this warning, you can either:
	- Avoid using `tokenizers` before the fork if possible
	- Explicitly set the environment variable TOKENIZERS_PARALLELISM=(true | false)
huggingface/tokenizers: The current process just got forked, after parallelism has already been used. Disabling parallelism to avoid deadlocks...
To disable this warning, you can either:
	- Avoid using `tokenizers` before the fork if possible
	- Explicitly set the environment variable TOKENIZERS_PARALLELISM=(true | false)
{'loss': 0.2926, 'learning_rate': 3.2e-06, 'epoch': 1.0}
{'eval_loss': 0.2112291306257248, 'eval_f1': 0.6728971962616822, 'eval_roc_auc': 0.8215375186304691, 'eval_accuracy': 0.6, 'eval_runtime': 3.2404, 'eval_samples_per_second': 30.861, 'eval_steps_per_second': 1.234, 'epoch': 1.0}
{'loss': 0.2016, 'learning_rate': 2.4e-06, 'epoch': 2.0}
{'eval_loss': 0.21606899797916412, 'eval_f1': 0.6359447004608295, 'eval_roc_auc': 0.8026702511456869, 'eval_accuracy': 0.53, 'eval_runtime': 3.234, 'eval_samples_per_second': 30.922, 'eval_steps_per_second': 1.237, 'epoch': 2.0}
{'loss': 0.1708, 'learning_rate': 1.6e-06, 'epoch': 3.0}
{'eval_loss': 0.22712188959121704, 'eval_f1': 0.6244343891402716, 'eval_roc_auc': 0.7998008106865764, 'eval_accuracy': 0.51, 'eval_runtime': 3.2344, 'eval_samples_per_second': 30.918, 'eval_steps_per_second': 1.237, 'epoch': 3.0}
{'loss': 0.1465, 'learning_rate': 8e-07, 'epoch': 4.0}
{'eval_loss': 0.2536262571811676, 'eval_f1': 0.5892857142857142, 'eval_roc_auc': 0.7809335432017942, 'eval_accuracy': 0.5, 'eval_runtime': 3.2319, 'eval_samples_per_second': 30.941, 'eval_steps_per_second': 1.238, 'epoch': 4.0}
{'loss': 0.1308, 'learning_rate': 0.0, 'epoch': 5.0}
{'eval_loss': 0.23433496057987213, 'eval_f1': 0.6244343891402716, 'eval_roc_auc': 0.7998008106865764, 'eval_accuracy': 0.55, 'eval_runtime': 3.2359, 'eval_samples_per_second': 30.904, 'eval_steps_per_second': 1.236, 'epoch': 5.0}
{'train_runtime': 5201.6009, 'train_samples_per_second': 7.106, 'train_steps_per_second': 1.015, 'train_loss': 0.1884772185123328, 'epoch': 5.0}
F1: 0.6728971962616822
learning rate: 4e-6 treshold: 0.4 batch: 7 epochs: 5
Namespace(batch=7, epochs=5, learning=4e-06, multilingual=False, test_set=['test_sets/jpn_test_modified.tsv'], train_set=['main_labels_only/ja_FINAL.modified.tsv.gz'], treshold=0.4)
learning rate: 4e-6 treshold: 0.5 batch: 7 epochs: 5
Namespace(batch=7, epochs=5, learning=4e-06, multilingual=False, test_set=['test_sets/jpn_test_modified.tsv'], train_set=['main_labels_only/ja_FINAL.modified.tsv.gz'], treshold=0.5)
learning rate: 4e-6 treshold: 0.6 batch: 7 epochs: 5
Namespace(batch=7, epochs=5, learning=4e-06, multilingual=False, test_set=['test_sets/jpn_test_modified.tsv'], train_set=['main_labels_only/ja_FINAL.modified.tsv.gz'], treshold=0.6)
learning rate: 5e-6 treshold: 0.3 batch: 7 epochs: 5
Namespace(batch=7, epochs=5, learning=5e-06, multilingual=False, test_set=['test_sets/jpn_test_modified.tsv'], train_set=['main_labels_only/ja_FINAL.modified.tsv.gz'], treshold=0.3)
learning rate: 5e-6 treshold: 0.4 batch: 7 epochs: 5
Namespace(batch=7, epochs=5, learning=5e-06, multilingual=False, test_set=['test_sets/jpn_test_modified.tsv'], train_set=['main_labels_only/ja_FINAL.modified.tsv.gz'], treshold=0.4)
learning rate: 5e-6 treshold: 0.5 batch: 7 epochs: 5
Namespace(batch=7, epochs=5, learning=5e-06, multilingual=False, test_set=['test_sets/jpn_test_modified.tsv'], train_set=['main_labels_only/ja_FINAL.modified.tsv.gz'], treshold=0.5)
learning rate: 5e-6 treshold: 0.6 batch: 7 epochs: 5
Namespace(batch=7, epochs=5, learning=5e-06, multilingual=False, test_set=['test_sets/jpn_test_modified.tsv'], train_set=['main_labels_only/ja_FINAL.modified.tsv.gz'], treshold=0.6)
learning rate: 7e-5 treshold: 0.3 batch: 7 epochs: 5
Namespace(batch=7, epochs=5, learning=7e-05, multilingual=False, test_set=['test_sets/jpn_test_modified.tsv'], train_set=['main_labels_only/ja_FINAL.modified.tsv.gz'], treshold=0.3)
learning rate: 7e-5 treshold: 0.4 batch: 7 epochs: 5
Namespace(batch=7, epochs=5, learning=7e-05, multilingual=False, test_set=['test_sets/jpn_test_modified.tsv'], train_set=['main_labels_only/ja_FINAL.modified.tsv.gz'], treshold=0.4)
learning rate: 7e-5 treshold: 0.5 batch: 7 epochs: 5
Namespace(batch=7, epochs=5, learning=7e-05, multilingual=False, test_set=['test_sets/jpn_test_modified.tsv'], train_set=['main_labels_only/ja_FINAL.modified.tsv.gz'], treshold=0.5)
learning rate: 7e-5 treshold: 0.6 batch: 7 epochs: 5
Namespace(batch=7, epochs=5, learning=7e-05, multilingual=False, test_set=['test_sets/jpn_test_modified.tsv'], train_set=['main_labels_only/ja_FINAL.modified.tsv.gz'], treshold=0.6)
learning rate: 8e-6 treshold: 0.3 batch: 7 epochs: 5
Namespace(batch=7, epochs=5, learning=8e-06, multilingual=False, test_set=['test_sets/jpn_test_modified.tsv'], train_set=['main_labels_only/ja_FINAL.modified.tsv.gz'], treshold=0.3)
learning rate: 8e-6 treshold: 0.4 batch: 7 epochs: 5
Namespace(batch=7, epochs=5, learning=8e-06, multilingual=False, test_set=['test_sets/jpn_test_modified.tsv'], train_set=['main_labels_only/ja_FINAL.modified.tsv.gz'], treshold=0.4)
learning rate: 8e-6 treshold: 0.5 batch: 7 epochs: 5
Namespace(batch=7, epochs=5, learning=8e-06, multilingual=False, test_set=['test_sets/jpn_test_modified.tsv'], train_set=['main_labels_only/ja_FINAL.modified.tsv.gz'], treshold=0.5)
learning rate: 8e-6 treshold: 0.6 batch: 7 epochs: 5
Namespace(batch=7, epochs=5, learning=8e-06, multilingual=False, test_set=['test_sets/jpn_test_modified.tsv'], train_set=['main_labels_only/ja_FINAL.modified.tsv.gz'], treshold=0.6)
