train: main_labels_only/ja_FINAL.modified.tsv.gz test: test_sets/jpn_test_modified.tsv
learning rate: 4e-6 treshold: 0.3 batch: 8 epochs: 5
Namespace(batch=8, epochs=5, learning=4e-06, multilingual=False, test_set=['test_sets/jpn_test_modified.tsv'], train_set=['main_labels_only/ja_FINAL.modified.tsv.gz'], treshold=0.3)
{'dev': Dataset({
    features: ['text', 'label'],
    num_rows: 1848
}),
 'test': Dataset({
    features: ['text', 'label'],
    num_rows: 100
}),
 'train': Dataset({
    features: ['text', 'label'],
    num_rows: 7392
})}
huggingface/tokenizers: The current process just got forked, after parallelism has already been used. Disabling parallelism to avoid deadlocks...
To disable this warning, you can either:
	- Avoid using `tokenizers` before the fork if possible
	- Explicitly set the environment variable TOKENIZERS_PARALLELISM=(true | false)
huggingface/tokenizers: The current process just got forked, after parallelism has already been used. Disabling parallelism to avoid deadlocks...
To disable this warning, you can either:
	- Avoid using `tokenizers` before the fork if possible
	- Explicitly set the environment variable TOKENIZERS_PARALLELISM=(true | false)
huggingface/tokenizers: The current process just got forked, after parallelism has already been used. Disabling parallelism to avoid deadlocks...
To disable this warning, you can either:
	- Avoid using `tokenizers` before the fork if possible
	- Explicitly set the environment variable TOKENIZERS_PARALLELISM=(true | false)
{'loss': 0.2977, 'learning_rate': 3.2e-06, 'epoch': 1.0}
{'eval_loss': 0.22147126495838165, 'eval_f1': 0.6724890829694323, 'eval_roc_auc': 0.838635762142887, 'eval_accuracy': 0.51, 'eval_runtime': 3.7634, 'eval_samples_per_second': 26.572, 'eval_steps_per_second': 1.063, 'epoch': 1.0}
{'loss': 0.2066, 'learning_rate': 2.4e-06, 'epoch': 2.0}
{'eval_loss': 0.21532760560512543, 'eval_f1': 0.6666666666666666, 'eval_roc_auc': 0.826942095805881, 'eval_accuracy': 0.56, 'eval_runtime': 3.1585, 'eval_samples_per_second': 31.66, 'eval_steps_per_second': 1.266, 'epoch': 2.0}
{'loss': 0.1743, 'learning_rate': 1.6e-06, 'epoch': 3.0}
{'eval_loss': 0.22391238808631897, 'eval_f1': 0.6325581395348837, 'eval_roc_auc': 0.7985332423284257, 'eval_accuracy': 0.56, 'eval_runtime': 3.1577, 'eval_samples_per_second': 31.669, 'eval_steps_per_second': 1.267, 'epoch': 3.0}
{'loss': 0.1523, 'learning_rate': 8e-07, 'epoch': 4.0}
{'eval_loss': 0.23131383955478668, 'eval_f1': 0.6291079812206574, 'eval_roc_auc': 0.7943962335111645, 'eval_accuracy': 0.56, 'eval_runtime': 3.1818, 'eval_samples_per_second': 31.429, 'eval_steps_per_second': 1.257, 'epoch': 4.0}
{'loss': 0.1386, 'learning_rate': 0.0, 'epoch': 5.0}
{'eval_loss': 0.2279815524816513, 'eval_f1': 0.6296296296296297, 'eval_roc_auc': 0.797815882213648, 'eval_accuracy': 0.56, 'eval_runtime': 3.1588, 'eval_samples_per_second': 31.657, 'eval_steps_per_second': 1.266, 'epoch': 5.0}
{'train_runtime': 5059.9565, 'train_samples_per_second': 7.304, 'train_steps_per_second': 0.913, 'train_loss': 0.19392442249116443, 'epoch': 5.0}
F1: 0.6666666666666666
learning rate: 4e-6 treshold: 0.4 batch: 8 epochs: 5
Namespace(batch=8, epochs=5, learning=4e-06, multilingual=False, test_set=['test_sets/jpn_test_modified.tsv'], train_set=['main_labels_only/ja_FINAL.modified.tsv.gz'], treshold=0.4)
{'dev': Dataset({
    features: ['text', 'label'],
    num_rows: 1848
}),
 'test': Dataset({
    features: ['text', 'label'],
    num_rows: 100
}),
 'train': Dataset({
    features: ['text', 'label'],
    num_rows: 7392
})}
learning rate: 4e-6 treshold: 0.5 batch: 8 epochs: 5
Namespace(batch=8, epochs=5, learning=4e-06, multilingual=False, test_set=['test_sets/jpn_test_modified.tsv'], train_set=['main_labels_only/ja_FINAL.modified.tsv.gz'], treshold=0.5)
{'dev': Dataset({
    features: ['text', 'label'],
    num_rows: 1848
}),
 'test': Dataset({
    features: ['text', 'label'],
    num_rows: 100
}),
 'train': Dataset({
    features: ['text', 'label'],
    num_rows: 7392
})}
learning rate: 4e-6 treshold: 0.6 batch: 8 epochs: 5
Namespace(batch=8, epochs=5, learning=4e-06, multilingual=False, test_set=['test_sets/jpn_test_modified.tsv'], train_set=['main_labels_only/ja_FINAL.modified.tsv.gz'], treshold=0.6)
learning rate: 5e-6 treshold: 0.3 batch: 8 epochs: 5
Namespace(batch=8, epochs=5, learning=5e-06, multilingual=False, test_set=['test_sets/jpn_test_modified.tsv'], train_set=['main_labels_only/ja_FINAL.modified.tsv.gz'], treshold=0.3)
{'dev': Dataset({
    features: ['text', 'label'],
    num_rows: 1848
}),
 'test': Dataset({
    features: ['text', 'label'],
    num_rows: 100
}),
 'train': Dataset({
    features: ['text', 'label'],
    num_rows: 7392
})}
learning rate: 5e-6 treshold: 0.4 batch: 8 epochs: 5
Namespace(batch=8, epochs=5, learning=5e-06, multilingual=False, test_set=['test_sets/jpn_test_modified.tsv'], train_set=['main_labels_only/ja_FINAL.modified.tsv.gz'], treshold=0.4)
{'dev': Dataset({
    features: ['text', 'label'],
    num_rows: 1848
}),
 'test': Dataset({
    features: ['text', 'label'],
    num_rows: 100
}),
 'train': Dataset({
    features: ['text', 'label'],
    num_rows: 7392
})}
learning rate: 5e-6 treshold: 0.5 batch: 8 epochs: 5
Namespace(batch=8, epochs=5, learning=5e-06, multilingual=False, test_set=['test_sets/jpn_test_modified.tsv'], train_set=['main_labels_only/ja_FINAL.modified.tsv.gz'], treshold=0.5)
learning rate: 5e-6 treshold: 0.6 batch: 8 epochs: 5
Namespace(batch=8, epochs=5, learning=5e-06, multilingual=False, test_set=['test_sets/jpn_test_modified.tsv'], train_set=['main_labels_only/ja_FINAL.modified.tsv.gz'], treshold=0.6)
learning rate: 7e-5 treshold: 0.3 batch: 8 epochs: 5
Namespace(batch=8, epochs=5, learning=7e-05, multilingual=False, test_set=['test_sets/jpn_test_modified.tsv'], train_set=['main_labels_only/ja_FINAL.modified.tsv.gz'], treshold=0.3)
learning rate: 7e-5 treshold: 0.4 batch: 8 epochs: 5
Namespace(batch=8, epochs=5, learning=7e-05, multilingual=False, test_set=['test_sets/jpn_test_modified.tsv'], train_set=['main_labels_only/ja_FINAL.modified.tsv.gz'], treshold=0.4)
learning rate: 7e-5 treshold: 0.5 batch: 8 epochs: 5
Namespace(batch=8, epochs=5, learning=7e-05, multilingual=False, test_set=['test_sets/jpn_test_modified.tsv'], train_set=['main_labels_only/ja_FINAL.modified.tsv.gz'], treshold=0.5)
learning rate: 7e-5 treshold: 0.6 batch: 8 epochs: 5
Namespace(batch=8, epochs=5, learning=7e-05, multilingual=False, test_set=['test_sets/jpn_test_modified.tsv'], train_set=['main_labels_only/ja_FINAL.modified.tsv.gz'], treshold=0.6)
learning rate: 8e-6 treshold: 0.3 batch: 8 epochs: 5
Namespace(batch=8, epochs=5, learning=8e-06, multilingual=False, test_set=['test_sets/jpn_test_modified.tsv'], train_set=['main_labels_only/ja_FINAL.modified.tsv.gz'], treshold=0.3)
learning rate: 8e-6 treshold: 0.4 batch: 8 epochs: 5
Namespace(batch=8, epochs=5, learning=8e-06, multilingual=False, test_set=['test_sets/jpn_test_modified.tsv'], train_set=['main_labels_only/ja_FINAL.modified.tsv.gz'], treshold=0.4)
learning rate: 8e-6 treshold: 0.5 batch: 8 epochs: 5
Namespace(batch=8, epochs=5, learning=8e-06, multilingual=False, test_set=['test_sets/jpn_test_modified.tsv'], train_set=['main_labels_only/ja_FINAL.modified.tsv.gz'], treshold=0.5)
learning rate: 8e-6 treshold: 0.6 batch: 8 epochs: 5
Namespace(batch=8, epochs=5, learning=8e-06, multilingual=False, test_set=['test_sets/jpn_test_modified.tsv'], train_set=['main_labels_only/ja_FINAL.modified.tsv.gz'], treshold=0.6)
{'dev': Dataset({
    features: ['text', 'label'],
    num_rows: 1848
}),
 'test': Dataset({
    features: ['text', 'label'],
    num_rows: 100
}),
 'train': Dataset({
    features: ['text', 'label'],
    num_rows: 7392
})}
