learning rate: 8e-6 treshold: 0.5 batch: 8 epochs: 5
Namespace(batch=8, checkpoint='../multilabel/jpn', epochs=5, lang='jpn', learning=8e-06, multilingual=False, saved='saved_models/all_multilingual', test_set=['test_sets/jpn_test.tsv'], train_set=['AfterDeepL/main_labels_only/ja_FINAL.modified.tsv.gz'], treshold=0.5)
Downloading and preparing dataset csv/default to /users/annieske/.cache/huggingface/datasets/csv/default-ee3095c771cf1425/0.0.0/433e0ccc46f9880962cc2b12065189766fbb2bee57a221866138fb9203c83519...
Dataset csv downloaded and prepared to /users/annieske/.cache/huggingface/datasets/csv/default-ee3095c771cf1425/0.0.0/433e0ccc46f9880962cc2b12065189766fbb2bee57a221866138fb9203c83519. Subsequent calls will reuse this data.
Downloading and preparing dataset csv/default to /users/annieske/.cache/huggingface/datasets/csv/default-1d58c5869a00243a/0.0.0/433e0ccc46f9880962cc2b12065189766fbb2bee57a221866138fb9203c83519...
Dataset csv downloaded and prepared to /users/annieske/.cache/huggingface/datasets/csv/default-1d58c5869a00243a/0.0.0/433e0ccc46f9880962cc2b12065189766fbb2bee57a221866138fb9203c83519. Subsequent calls will reuse this data.
{'dev': Dataset({
    features: ['text', 'label'],
    num_rows: 1749
}),
 'test': Dataset({
    features: ['text', 'label'],
    num_rows: 100
}),
 'train': Dataset({
    features: ['text', 'label'],
    num_rows: 6995
})}
huggingface/tokenizers: The current process just got forked, after parallelism has already been used. Disabling parallelism to avoid deadlocks...
To disable this warning, you can either:
	- Avoid using `tokenizers` before the fork if possible
	- Explicitly set the environment variable TOKENIZERS_PARALLELISM=(true | false)
huggingface/tokenizers: The current process just got forked, after parallelism has already been used. Disabling parallelism to avoid deadlocks...
To disable this warning, you can either:
	- Avoid using `tokenizers` before the fork if possible
	- Explicitly set the environment variable TOKENIZERS_PARALLELISM=(true | false)
huggingface/tokenizers: The current process just got forked, after parallelism has already been used. Disabling parallelism to avoid deadlocks...
To disable this warning, you can either:
	- Avoid using `tokenizers` before the fork if possible
	- Explicitly set the environment variable TOKENIZERS_PARALLELISM=(true | false)
{'loss': 0.2693, 'learning_rate': 6.4e-06, 'epoch': 1.0}
{'eval_loss': 0.2048206329345703, 'eval_f1': 0.6900647948164147, 'eval_roc_auc': 0.7913106197580231, 'eval_accuracy': 0.5757575757575758, 'eval_runtime': 54.125, 'eval_samples_per_second': 32.314, 'eval_steps_per_second': 1.016, 'epoch': 1.0}
{'loss': 0.1857, 'learning_rate': 4.8e-06, 'epoch': 2.0}
{'eval_loss': 0.1933152675628662, 'eval_f1': 0.7261211046364328, 'eval_roc_auc': 0.8246410192298959, 'eval_accuracy': 0.6089193825042881, 'eval_runtime': 54.0628, 'eval_samples_per_second': 32.351, 'eval_steps_per_second': 1.017, 'epoch': 2.0}
{'loss': 0.1453, 'learning_rate': 3.2e-06, 'epoch': 3.0}
{'eval_loss': 0.19628898799419403, 'eval_f1': 0.7421259842519684, 'eval_roc_auc': 0.8407930307834209, 'eval_accuracy': 0.6174957118353345, 'eval_runtime': 55.5092, 'eval_samples_per_second': 31.508, 'eval_steps_per_second': 0.991, 'epoch': 3.0}
{'loss': 0.1165, 'learning_rate': 1.6e-06, 'epoch': 4.0}
{'eval_loss': 0.20584583282470703, 'eval_f1': 0.7450980392156863, 'eval_roc_auc': 0.8402973594403639, 'eval_accuracy': 0.6220697541452258, 'eval_runtime': 54.0558, 'eval_samples_per_second': 32.355, 'eval_steps_per_second': 1.017, 'epoch': 4.0}
{'loss': 0.0955, 'learning_rate': 0.0, 'epoch': 5.0}
{'eval_loss': 0.21975241601467133, 'eval_f1': 0.7428851815505397, 'eval_roc_auc': 0.8419742580157961, 'eval_accuracy': 0.6232132647226987, 'eval_runtime': 54.9295, 'eval_samples_per_second': 31.841, 'eval_steps_per_second': 1.001, 'epoch': 5.0}
{'train_runtime': 4007.3348, 'train_samples_per_second': 8.728, 'train_steps_per_second': 1.092, 'train_loss': 0.16247809709821429, 'epoch': 5.0}
F1: 0.7142857142857143
              precision    recall  f1-score   support

          IN       0.70      0.70      0.70        10
          NA       0.67      1.00      0.80         4
          HI       0.68      0.87      0.76        15
          LY       0.84      0.79      0.81        33
          IP       0.00      0.00      0.00         0
          SP       0.86      0.53      0.66        36
          ID       0.00      0.00      0.00         4
          OP       1.00      1.00      1.00         1

   micro avg       0.75      0.68      0.71       103
   macro avg       0.59      0.61      0.59       103
weighted avg       0.77      0.68      0.71       103
 samples avg       0.68      0.70      0.68       103

