huggingface/tokenizers: The current process just got forked, after parallelism has already been used. Disabling parallelism to avoid deadlocks...
To disable this warning, you can either:
	- Avoid using `tokenizers` before the fork if possible
	- Explicitly set the environment variable TOKENIZERS_PARALLELISM=(true | false)
huggingface/tokenizers: The current process just got forked, after parallelism has already been used. Disabling parallelism to avoid deadlocks...
To disable this warning, you can either:
	- Avoid using `tokenizers` before the fork if possible
	- Explicitly set the environment variable TOKENIZERS_PARALLELISM=(true | false)
huggingface/tokenizers: The current process just got forked, after parallelism has already been used. Disabling parallelism to avoid deadlocks...
To disable this warning, you can either:
	- Avoid using `tokenizers` before the fork if possible
	- Explicitly set the environment variable TOKENIZERS_PARALLELISM=(true | false)
{'loss': 0.3093, 'learning_rate': 6e-06, 'epoch': 1.0}
{'eval_loss': 0.23382066190242767, 'eval_f1': 0.669969040247678, 'eval_roc_auc': 0.780653843818158, 'eval_accuracy': 0.5629820051413882, 'eval_runtime': 23.853, 'eval_samples_per_second': 32.616, 'eval_steps_per_second': 1.048, 'epoch': 1.0}
{'loss': 0.1964, 'learning_rate': 4e-06, 'epoch': 2.0}
{'eval_loss': 0.1960095763206482, 'eval_f1': 0.7252612169637369, 'eval_roc_auc': 0.8109144488120493, 'eval_accuracy': 0.6169665809768637, 'eval_runtime': 23.7905, 'eval_samples_per_second': 32.702, 'eval_steps_per_second': 1.051, 'epoch': 2.0}
{'loss': 0.1526, 'learning_rate': 2e-06, 'epoch': 3.0}
{'eval_loss': 0.17661349475383759, 'eval_f1': 0.7638971906754333, 'eval_roc_auc': 0.8379729441807756, 'eval_accuracy': 0.6606683804627249, 'eval_runtime': 23.7324, 'eval_samples_per_second': 32.782, 'eval_steps_per_second': 1.053, 'epoch': 3.0}
{'loss': 0.1252, 'learning_rate': 0.0, 'epoch': 4.0}
{'eval_loss': 0.17266646027565002, 'eval_f1': 0.7719298245614035, 'eval_roc_auc': 0.8479414788991165, 'eval_accuracy': 0.6722365038560412, 'eval_runtime': 23.7561, 'eval_samples_per_second': 32.75, 'eval_steps_per_second': 1.052, 'epoch': 4.0}
{'train_runtime': 938.8902, 'train_samples_per_second': 8.235, 'train_steps_per_second': 1.031, 'train_loss': 0.195841885795278, 'epoch': 4.0}
F1: 0.7716627634660421

SWE
--batch 8 --treshold 0.5 --epochs 4
