huggingface/tokenizers: The current process just got forked, after parallelism has already been used. Disabling parallelism to avoid deadlocks...
To disable this warning, you can either:
	- Avoid using `tokenizers` before the fork if possible
	- Explicitly set the environment variable TOKENIZERS_PARALLELISM=(true | false)
huggingface/tokenizers: The current process just got forked, after parallelism has already been used. Disabling parallelism to avoid deadlocks...
To disable this warning, you can either:
	- Avoid using `tokenizers` before the fork if possible
	- Explicitly set the environment variable TOKENIZERS_PARALLELISM=(true | false)
huggingface/tokenizers: The current process just got forked, after parallelism has already been used. Disabling parallelism to avoid deadlocks...
To disable this warning, you can either:
	- Avoid using `tokenizers` before the fork if possible
	- Explicitly set the environment variable TOKENIZERS_PARALLELISM=(true | false)
{'loss': 0.2815, 'learning_rate': 8.333333333333334e-06, 'epoch': 1.0}
{'eval_loss': 0.21500606834888458, 'eval_f1': 0.7048984468339308, 'eval_roc_auc': 0.8064880031537331, 'eval_accuracy': 0.596401028277635, 'eval_runtime': 24.0486, 'eval_samples_per_second': 32.351, 'eval_steps_per_second': 1.04, 'epoch': 1.0}
{'loss': 0.1763, 'learning_rate': 6.666666666666667e-06, 'epoch': 2.0}
{'eval_loss': 0.18032489717006683, 'eval_f1': 0.7725467952353942, 'eval_roc_auc': 0.8564031384997328, 'eval_accuracy': 0.6568123393316195, 'eval_runtime': 24.0783, 'eval_samples_per_second': 32.311, 'eval_steps_per_second': 1.038, 'epoch': 2.0}
{'loss': 0.1345, 'learning_rate': 5e-06, 'epoch': 3.0}
{'eval_loss': 0.16788414120674133, 'eval_f1': 0.7822172200337648, 'eval_roc_auc': 0.8640534117237766, 'eval_accuracy': 0.6696658097686375, 'eval_runtime': 24.0537, 'eval_samples_per_second': 32.344, 'eval_steps_per_second': 1.039, 'epoch': 3.0}
{'loss': 0.1031, 'learning_rate': 3.3333333333333333e-06, 'epoch': 4.0}
{'eval_loss': 0.18430456519126892, 'eval_f1': 0.7826086956521738, 'eval_roc_auc': 0.8633372343283443, 'eval_accuracy': 0.6722365038560412, 'eval_runtime': 24.0173, 'eval_samples_per_second': 32.393, 'eval_steps_per_second': 1.041, 'epoch': 4.0}
{'loss': 0.0821, 'learning_rate': 1.6666666666666667e-06, 'epoch': 5.0}
{'eval_loss': 0.18142174184322357, 'eval_f1': 0.7892976588628762, 'eval_roc_auc': 0.8707805180809576, 'eval_accuracy': 0.6850899742930592, 'eval_runtime': 24.0094, 'eval_samples_per_second': 32.404, 'eval_steps_per_second': 1.041, 'epoch': 5.0}
{'loss': 0.0668, 'learning_rate': 0.0, 'epoch': 6.0}
{'eval_loss': 0.1806652843952179, 'eval_f1': 0.7933884297520661, 'eval_roc_auc': 0.8764902778764178, 'eval_accuracy': 0.6825192802056556, 'eval_runtime': 24.0234, 'eval_samples_per_second': 32.385, 'eval_steps_per_second': 1.041, 'epoch': 6.0}
{'train_runtime': 1467.1213, 'train_samples_per_second': 7.905, 'train_steps_per_second': 1.133, 'train_loss': 0.140726438354786, 'epoch': 6.0}
F1: 0.7819718309859155

SWE
--batch 7 --treshold 0.4 --epochs 6 --learning 0.00001