huggingface/tokenizers: The current process just got forked, after parallelism has already been used. Disabling parallelism to avoid deadlocks...
To disable this warning, you can either:
	- Avoid using `tokenizers` before the fork if possible
	- Explicitly set the environment variable TOKENIZERS_PARALLELISM=(true | false)
huggingface/tokenizers: The current process just got forked, after parallelism has already been used. Disabling parallelism to avoid deadlocks...
To disable this warning, you can either:
	- Avoid using `tokenizers` before the fork if possible
	- Explicitly set the environment variable TOKENIZERS_PARALLELISM=(true | false)
huggingface/tokenizers: The current process just got forked, after parallelism has already been used. Disabling parallelism to avoid deadlocks...
To disable this warning, you can either:
	- Avoid using `tokenizers` before the fork if possible
	- Explicitly set the environment variable TOKENIZERS_PARALLELISM=(true | false)
{'loss': 0.3528, 'learning_rate': 3.3333333333333335e-05, 'epoch': 1.0}
{'eval_loss': 0.3406728208065033, 'eval_f1': 0.0, 'eval_roc_auc': 0.5, 'eval_accuracy': 0.0, 'eval_runtime': 24.2905, 'eval_samples_per_second': 32.029, 'eval_steps_per_second': 1.029, 'epoch': 1.0}
{'loss': 0.3399, 'learning_rate': 2.6666666666666667e-05, 'epoch': 2.0}
{'eval_loss': 0.3409499228000641, 'eval_f1': 0.30242173656231547, 'eval_roc_auc': 0.590728909666748, 'eval_accuracy': 0.2262210796915167, 'eval_runtime': 24.267, 'eval_samples_per_second': 32.06, 'eval_steps_per_second': 1.03, 'epoch': 2.0}
{'loss': 0.3379, 'learning_rate': 2e-05, 'epoch': 3.0}
{'eval_loss': 0.33857354521751404, 'eval_f1': 0.0, 'eval_roc_auc': 0.5, 'eval_accuracy': 0.0, 'eval_runtime': 24.26, 'eval_samples_per_second': 32.069, 'eval_steps_per_second': 1.031, 'epoch': 3.0}
{'loss': 0.3379, 'learning_rate': 1.3333333333333333e-05, 'epoch': 4.0}
{'eval_loss': 0.3368113040924072, 'eval_f1': 0.0, 'eval_roc_auc': 0.5, 'eval_accuracy': 0.0, 'eval_runtime': 24.2796, 'eval_samples_per_second': 32.043, 'eval_steps_per_second': 1.03, 'epoch': 4.0}
{'loss': 0.3369, 'learning_rate': 6.666666666666667e-06, 'epoch': 5.0}
{'eval_loss': 0.33669811487197876, 'eval_f1': 0.0, 'eval_roc_auc': 0.5, 'eval_accuracy': 0.0, 'eval_runtime': 24.2736, 'eval_samples_per_second': 32.051, 'eval_steps_per_second': 1.03, 'epoch': 5.0}
{'loss': 0.3366, 'learning_rate': 0.0, 'epoch': 6.0}
{'eval_loss': 0.3357805907726288, 'eval_f1': 0.0, 'eval_roc_auc': 0.5, 'eval_accuracy': 0.0, 'eval_runtime': 24.2615, 'eval_samples_per_second': 32.067, 'eval_steps_per_second': 1.03, 'epoch': 6.0}
{'train_runtime': 1450.8176, 'train_samples_per_second': 7.994, 'train_steps_per_second': 1.146, 'train_loss': 0.340331223323744, 'epoch': 6.0}
F1: 0.0

SWE
--batch 7 --treshold 0.4 --epochs 6 --learning 4e-5
without shuffling