huggingface/tokenizers: The current process just got forked, after parallelism has already been used. Disabling parallelism to avoid deadlocks...
To disable this warning, you can either:
	- Avoid using `tokenizers` before the fork if possible
	- Explicitly set the environment variable TOKENIZERS_PARALLELISM=(true | false)
huggingface/tokenizers: The current process just got forked, after parallelism has already been used. Disabling parallelism to avoid deadlocks...
To disable this warning, you can either:
	- Avoid using `tokenizers` before the fork if possible
	- Explicitly set the environment variable TOKENIZERS_PARALLELISM=(true | false)
huggingface/tokenizers: The current process just got forked, after parallelism has already been used. Disabling parallelism to avoid deadlocks...
To disable this warning, you can either:
	- Avoid using `tokenizers` before the fork if possible
	- Explicitly set the environment variable TOKENIZERS_PARALLELISM=(true | false)
{'loss': 0.2954, 'learning_rate': 3.3333333333333335e-05, 'epoch': 1.0}
{'eval_loss': 0.25388529896736145, 'eval_f1': 0.6371681415929203, 'eval_roc_auc': 0.7724788404472455, 'eval_accuracy': 0.5398457583547558, 'eval_runtime': 24.4287, 'eval_samples_per_second': 31.848, 'eval_steps_per_second': 1.023, 'epoch': 1.0}
{'loss': 0.2125, 'learning_rate': 2.6666666666666667e-05, 'epoch': 2.0}
{'eval_loss': 0.19752098619937897, 'eval_f1': 0.6868437306979618, 'eval_roc_auc': 0.7898865417730693, 'eval_accuracy': 0.5642673521850899, 'eval_runtime': 24.4306, 'eval_samples_per_second': 31.845, 'eval_steps_per_second': 1.023, 'epoch': 2.0}
{'loss': 0.165, 'learning_rate': 2e-05, 'epoch': 3.0}
{'eval_loss': 0.21112531423568726, 'eval_f1': 0.72200983069361, 'eval_roc_auc': 0.8371863636036136, 'eval_accuracy': 0.5912596401028277, 'eval_runtime': 24.4446, 'eval_samples_per_second': 31.827, 'eval_steps_per_second': 1.023, 'epoch': 3.0}
{'loss': 0.1178, 'learning_rate': 1.3333333333333333e-05, 'epoch': 4.0}
{'eval_loss': 0.19403845071792603, 'eval_f1': 0.7627958172812327, 'eval_roc_auc': 0.859004968364886, 'eval_accuracy': 0.6388174807197944, 'eval_runtime': 24.4389, 'eval_samples_per_second': 31.835, 'eval_steps_per_second': 1.023, 'epoch': 4.0}
{'loss': 0.0807, 'learning_rate': 6.666666666666667e-06, 'epoch': 5.0}
{'eval_loss': 0.20126943290233612, 'eval_f1': 0.7681239623685668, 'eval_roc_auc': 0.8605873930957535, 'eval_accuracy': 0.6452442159383034, 'eval_runtime': 24.4347, 'eval_samples_per_second': 31.84, 'eval_steps_per_second': 1.023, 'epoch': 5.0}
{'loss': 0.0549, 'learning_rate': 0.0, 'epoch': 6.0}
{'eval_loss': 0.20290035009384155, 'eval_f1': 0.7773019271948608, 'eval_roc_auc': 0.8753425207426917, 'eval_accuracy': 0.6413881748071979, 'eval_runtime': 24.4506, 'eval_samples_per_second': 31.819, 'eval_steps_per_second': 1.022, 'epoch': 6.0}
{'train_runtime': 1472.4531, 'train_samples_per_second': 7.877, 'train_steps_per_second': 1.129, 'train_loss': 0.15438938542537023, 'epoch': 6.0}
F1: 0.7625344352617079

SWE rerun 