huggingface/tokenizers: The current process just got forked, after parallelism has already been used. Disabling parallelism to avoid deadlocks...
To disable this warning, you can either:
	- Avoid using `tokenizers` before the fork if possible
	- Explicitly set the environment variable TOKENIZERS_PARALLELISM=(true | false)
huggingface/tokenizers: The current process just got forked, after parallelism has already been used. Disabling parallelism to avoid deadlocks...
To disable this warning, you can either:
	- Avoid using `tokenizers` before the fork if possible
	- Explicitly set the environment variable TOKENIZERS_PARALLELISM=(true | false)
huggingface/tokenizers: The current process just got forked, after parallelism has already been used. Disabling parallelism to avoid deadlocks...
To disable this warning, you can either:
	- Avoid using `tokenizers` before the fork if possible
	- Explicitly set the environment variable TOKENIZERS_PARALLELISM=(true | false)
{'loss': 0.343, 'learning_rate': 3.2e-06, 'epoch': 1.0}
{'eval_loss': 0.25362080335617065, 'eval_f1': 0.6597560975609755, 'eval_roc_auc': 0.7782993514467134, 'eval_accuracy': 0.5655526992287918, 'eval_runtime': 23.9019, 'eval_samples_per_second': 32.55, 'eval_steps_per_second': 1.046, 'epoch': 1.0}
{'loss': 0.2162, 'learning_rate': 2.4e-06, 'epoch': 2.0}
{'eval_loss': 0.21839462220668793, 'eval_f1': 0.7044776119402985, 'eval_roc_auc': 0.8063938234588753, 'eval_accuracy': 0.6105398457583547, 'eval_runtime': 23.7631, 'eval_samples_per_second': 32.74, 'eval_steps_per_second': 1.052, 'epoch': 2.0}
{'loss': 0.1808, 'learning_rate': 1.6e-06, 'epoch': 3.0}
{'eval_loss': 0.19213171303272247, 'eval_f1': 0.7441314553990609, 'eval_roc_auc': 0.8318502347287369, 'eval_accuracy': 0.6311053984575835, 'eval_runtime': 23.7649, 'eval_samples_per_second': 32.737, 'eval_steps_per_second': 1.052, 'epoch': 3.0}
{'loss': 0.1562, 'learning_rate': 8e-07, 'epoch': 4.0}
{'eval_loss': 0.1882696896791458, 'eval_f1': 0.7529002320185615, 'eval_roc_auc': 0.8395760575659232, 'eval_accuracy': 0.6426735218508998, 'eval_runtime': 23.7446, 'eval_samples_per_second': 32.765, 'eval_steps_per_second': 1.053, 'epoch': 4.0}
{'loss': 0.1436, 'learning_rate': 0.0, 'epoch': 5.0}
{'eval_loss': 0.1843879073858261, 'eval_f1': 0.760806916426513, 'eval_roc_auc': 0.8455869865276718, 'eval_accuracy': 0.6426735218508998, 'eval_runtime': 23.7456, 'eval_samples_per_second': 32.764, 'eval_steps_per_second': 1.053, 'epoch': 5.0}
{'train_runtime': 1240.1523, 'train_samples_per_second': 7.793, 'train_steps_per_second': 1.117, 'train_loss': 0.2079786665603142, 'epoch': 5.0}
F1: 0.760530871321408

SWE
--batch 7 --treshold 0.4 --epochs 5 --learning 4e-6
