huggingface/tokenizers: The current process just got forked, after parallelism has already been used. Disabling parallelism to avoid deadlocks...
To disable this warning, you can either:
	- Avoid using `tokenizers` before the fork if possible
	- Explicitly set the environment variable TOKENIZERS_PARALLELISM=(true | false)
huggingface/tokenizers: The current process just got forked, after parallelism has already been used. Disabling parallelism to avoid deadlocks...
To disable this warning, you can either:
	- Avoid using `tokenizers` before the fork if possible
	- Explicitly set the environment variable TOKENIZERS_PARALLELISM=(true | false)
huggingface/tokenizers: The current process just got forked, after parallelism has already been used. Disabling parallelism to avoid deadlocks...
To disable this warning, you can either:
	- Avoid using `tokenizers` before the fork if possible
	- Explicitly set the environment variable TOKENIZERS_PARALLELISM=(true | false)
{'loss': 0.38, 'learning_rate': 2.4000000000000003e-06, 'epoch': 1.0}
{'eval_loss': 0.2912144362926483, 'eval_f1': 0.29814814814814816, 'eval_roc_auc': 0.5876014232970717, 'eval_accuracy': 0.19151670951156813, 'eval_runtime': 23.9476, 'eval_samples_per_second': 32.488, 'eval_steps_per_second': 1.044, 'epoch': 1.0}
{'loss': 0.2419, 'learning_rate': 1.8e-06, 'epoch': 2.0}
{'eval_loss': 0.2360319346189499, 'eval_f1': 0.649367088607595, 'eval_roc_auc': 0.7660125552340752, 'eval_accuracy': 0.5514138817480719, 'eval_runtime': 23.9414, 'eval_samples_per_second': 32.496, 'eval_steps_per_second': 1.044, 'epoch': 2.0}
{'loss': 0.1977, 'learning_rate': 1.2000000000000002e-06, 'epoch': 3.0}
{'eval_loss': 0.19979974627494812, 'eval_f1': 0.7343173431734316, 'eval_roc_auc': 0.8154930229829334, 'eval_accuracy': 0.6208226221079691, 'eval_runtime': 23.9362, 'eval_samples_per_second': 32.503, 'eval_steps_per_second': 1.044, 'epoch': 3.0}
{'loss': 0.1746, 'learning_rate': 6.000000000000001e-07, 'epoch': 4.0}
{'eval_loss': 0.1937655359506607, 'eval_f1': 0.7451219512195122, 'eval_roc_auc': 0.8231432962069771, 'eval_accuracy': 0.6349614395886889, 'eval_runtime': 23.9077, 'eval_samples_per_second': 32.542, 'eval_steps_per_second': 1.046, 'epoch': 4.0}
{'loss': 0.1639, 'learning_rate': 0.0, 'epoch': 5.0}
{'eval_loss': 0.19161905348300934, 'eval_f1': 0.7463592233009708, 'eval_roc_auc': 0.8249523697772728, 'eval_accuracy': 0.6349614395886889, 'eval_runtime': 23.9138, 'eval_samples_per_second': 32.534, 'eval_steps_per_second': 1.045, 'epoch': 5.0}
{'train_runtime': 1236.8391, 'train_samples_per_second': 7.814, 'train_steps_per_second': 0.978, 'train_loss': 0.23163685128708517, 'epoch': 5.0}
F1: 0.7460510328068044

SWE
--batch 8 --treshold 0.5 --epochs 5 --learning 3e-6