huggingface/tokenizers: The current process just got forked, after parallelism has already been used. Disabling parallelism to avoid deadlocks...
To disable this warning, you can either:
	- Avoid using `tokenizers` before the fork if possible
	- Explicitly set the environment variable TOKENIZERS_PARALLELISM=(true | false)
huggingface/tokenizers: The current process just got forked, after parallelism has already been used. Disabling parallelism to avoid deadlocks...
To disable this warning, you can either:
	- Avoid using `tokenizers` before the fork if possible
	- Explicitly set the environment variable TOKENIZERS_PARALLELISM=(true | false)
huggingface/tokenizers: The current process just got forked, after parallelism has already been used. Disabling parallelism to avoid deadlocks...
To disable this warning, you can either:
	- Avoid using `tokenizers` before the fork if possible
	- Explicitly set the environment variable TOKENIZERS_PARALLELISM=(true | false)
{'loss': 0.3005, 'learning_rate': 6.4e-06, 'epoch': 1.0}
{'eval_loss': 0.22932402789592743, 'eval_f1': 0.6804252657911194, 'eval_roc_auc': 0.7840826022827511, 'eval_accuracy': 0.5681233933161953, 'eval_runtime': 24.0054, 'eval_samples_per_second': 32.409, 'eval_steps_per_second': 1.041, 'epoch': 1.0}
{'loss': 0.1875, 'learning_rate': 4.8e-06, 'epoch': 2.0}
{'eval_loss': 0.19384947419166565, 'eval_f1': 0.7307692307692308, 'eval_roc_auc': 0.8189611001835218, 'eval_accuracy': 0.622107969151671, 'eval_runtime': 24.0008, 'eval_samples_per_second': 32.416, 'eval_steps_per_second': 1.042, 'epoch': 2.0}
{'loss': 0.1449, 'learning_rate': 3.2e-06, 'epoch': 3.0}
{'eval_loss': 0.17189954221248627, 'eval_f1': 0.7753665689149561, 'eval_roc_auc': 0.849053005155695, 'eval_accuracy': 0.6722365038560412, 'eval_runtime': 23.9873, 'eval_samples_per_second': 32.434, 'eval_steps_per_second': 1.042, 'epoch': 3.0}
{'loss': 0.116, 'learning_rate': 1.6e-06, 'epoch': 4.0}
{'eval_loss': 0.17597956955432892, 'eval_f1': 0.7811955890887985, 'eval_roc_auc': 0.8550453040357286, 'eval_accuracy': 0.6786632390745502, 'eval_runtime': 23.9727, 'eval_samples_per_second': 32.454, 'eval_steps_per_second': 1.043, 'epoch': 4.0}
{'loss': 0.0993, 'learning_rate': 0.0, 'epoch': 5.0}
{'eval_loss': 0.17364488542079926, 'eval_f1': 0.7831603229527105, 'eval_roc_auc': 0.8578530940860298, 'eval_accuracy': 0.6915167095115681, 'eval_runtime': 23.9794, 'eval_samples_per_second': 32.444, 'eval_steps_per_second': 1.043, 'epoch': 5.0}
{'train_runtime': 1212.1283, 'train_samples_per_second': 7.974, 'train_steps_per_second': 1.143, 'train_loss': 0.1696485884353142, 'epoch': 5.0}
F1: 0.7751027598355843

SWE
--batch 7 --treshold 0.5 --epochs 5 --learning 8e-6