huggingface/tokenizers: The current process just got forked, after parallelism has already been used. Disabling parallelism to avoid deadlocks...
To disable this warning, you can either:
	- Avoid using `tokenizers` before the fork if possible
	- Explicitly set the environment variable TOKENIZERS_PARALLELISM=(true | false)
huggingface/tokenizers: The current process just got forked, after parallelism has already been used. Disabling parallelism to avoid deadlocks...
To disable this warning, you can either:
	- Avoid using `tokenizers` before the fork if possible
	- Explicitly set the environment variable TOKENIZERS_PARALLELISM=(true | false)
huggingface/tokenizers: The current process just got forked, after parallelism has already been used. Disabling parallelism to avoid deadlocks...
To disable this warning, you can either:
	- Avoid using `tokenizers` before the fork if possible
	- Explicitly set the environment variable TOKENIZERS_PARALLELISM=(true | false)
{'loss': 0.3219, 'learning_rate': 4.000000000000001e-06, 'epoch': 1.0}
{'eval_loss': 0.2273845076560974, 'eval_f1': 0.6764346764346765, 'eval_roc_auc': 0.7868158720061922, 'eval_accuracy': 0.5796915167095116, 'eval_runtime': 23.9218, 'eval_samples_per_second': 32.523, 'eval_steps_per_second': 1.045, 'epoch': 1.0}
{'loss': 0.1975, 'learning_rate': 3e-06, 'epoch': 2.0}
{'eval_loss': 0.20183391869068146, 'eval_f1': 0.7264150943396226, 'eval_roc_auc': 0.8210723722063883, 'eval_accuracy': 0.6272493573264781, 'eval_runtime': 23.9401, 'eval_samples_per_second': 32.498, 'eval_steps_per_second': 1.044, 'epoch': 2.0}
{'loss': 0.1599, 'learning_rate': 2.0000000000000003e-06, 'epoch': 3.0}
{'eval_loss': 0.17787864804267883, 'eval_f1': 0.7651162790697675, 'eval_roc_auc': 0.8457184263859597, 'eval_accuracy': 0.6516709511568124, 'eval_runtime': 23.9067, 'eval_samples_per_second': 32.543, 'eval_steps_per_second': 1.046, 'epoch': 3.0}
{'loss': 0.1335, 'learning_rate': 1.0000000000000002e-06, 'epoch': 4.0}
{'eval_loss': 0.17546099424362183, 'eval_f1': 0.7770773638968481, 'eval_roc_auc': 0.8561764896603047, 'eval_accuracy': 0.6683804627249358, 'eval_runtime': 23.9292, 'eval_samples_per_second': 32.513, 'eval_steps_per_second': 1.045, 'epoch': 4.0}
{'loss': 0.1189, 'learning_rate': 0.0, 'epoch': 5.0}
{'eval_loss': 0.1749815195798874, 'eval_f1': 0.7775229357798166, 'eval_roc_auc': 0.8562706693551625, 'eval_accuracy': 0.6696658097686375, 'eval_runtime': 23.9232, 'eval_samples_per_second': 32.521, 'eval_steps_per_second': 1.045, 'epoch': 5.0}
{'train_runtime': 1252.3627, 'train_samples_per_second': 7.717, 'train_steps_per_second': 1.106, 'train_loss': 0.18632514485383292, 'epoch': 5.0}
F1: 0.7772675086107922

SWE
--batch 7 --treshold 0.4 --epochs 5 --learning 5e-6