huggingface/tokenizers: The current process just got forked, after parallelism has already been used. Disabling parallelism to avoid deadlocks...
To disable this warning, you can either:
	- Avoid using `tokenizers` before the fork if possible
	- Explicitly set the environment variable TOKENIZERS_PARALLELISM=(true | false)
huggingface/tokenizers: The current process just got forked, after parallelism has already been used. Disabling parallelism to avoid deadlocks...
To disable this warning, you can either:
	- Avoid using `tokenizers` before the fork if possible
	- Explicitly set the environment variable TOKENIZERS_PARALLELISM=(true | false)
huggingface/tokenizers: The current process just got forked, after parallelism has already been used. Disabling parallelism to avoid deadlocks...
To disable this warning, you can either:
	- Avoid using `tokenizers` before the fork if possible
	- Explicitly set the environment variable TOKENIZERS_PARALLELISM=(true | false)
{'loss': 0.2567, 'learning_rate': 6.666666666666667e-06, 'epoch': 1.0}
{'eval_loss': 0.19228188693523407, 'eval_f1': 0.7152527075812275, 'eval_roc_auc': 0.8496262996791863, 'eval_accuracy': 0.5550161812297735, 'eval_runtime': 58.0032, 'eval_samples_per_second': 31.964, 'eval_steps_per_second': 1.0, 'epoch': 1.0}
{'loss': 0.1729, 'learning_rate': 3.3333333333333333e-06, 'epoch': 2.0}
{'eval_loss': 0.1760415881872177, 'eval_f1': 0.7452593100297007, 'eval_roc_auc': 0.8645993123924616, 'eval_accuracy': 0.6035598705501618, 'eval_runtime': 57.7469, 'eval_samples_per_second': 32.106, 'eval_steps_per_second': 1.004, 'epoch': 2.0}
{'loss': 0.1357, 'learning_rate': 0.0, 'epoch': 3.0}
{'eval_loss': 0.17984117567539215, 'eval_f1': 0.7487344684767602, 'eval_roc_auc': 0.8647013216728832, 'eval_accuracy': 0.610032362459547, 'eval_runtime': 57.7335, 'eval_samples_per_second': 32.113, 'eval_steps_per_second': 1.005, 'epoch': 3.0}
{'train_runtime': 2546.6748, 'train_samples_per_second': 8.733, 'train_steps_per_second': 1.092, 'train_loss': 0.18843281076178195, 'epoch': 3.0}
F1: 0.8021425244527247

PORTUGUESE IS DOING WELL AS WELL, MULTILABEL WITH TEST SET