8
huggingface/tokenizers: The current process just got forked, after parallelism has already been used. Disabling parallelism to avoid deadlocks...
To disable this warning, you can either:
	- Avoid using `tokenizers` before the fork if possible
	- Explicitly set the environment variable TOKENIZERS_PARALLELISM=(true | false)
huggingface/tokenizers: The current process just got forked, after parallelism has already been used. Disabling parallelism to avoid deadlocks...
To disable this warning, you can either:
	- Avoid using `tokenizers` before the fork if possible
	- Explicitly set the environment variable TOKENIZERS_PARALLELISM=(true | false)
huggingface/tokenizers: The current process just got forked, after parallelism has already been used. Disabling parallelism to avoid deadlocks...
To disable this warning, you can either:
	- Avoid using `tokenizers` before the fork if possible
	- Explicitly set the environment variable TOKENIZERS_PARALLELISM=(true | false)
{'loss': 0.2987, 'learning_rate': 6.4e-06, 'epoch': 1.0}
{'eval_loss': 0.21641428768634796, 'eval_f1': 0.6975638740344623, 'eval_roc_auc': 0.8037185025531446, 'eval_accuracy': 0.5796915167095116, 'eval_runtime': 24.1624, 'eval_samples_per_second': 32.199, 'eval_steps_per_second': 1.035, 'epoch': 1.0}
{'loss': 0.186, 'learning_rate': 4.8e-06, 'epoch': 2.0}
{'eval_loss': 0.17989586293697357, 'eval_f1': 0.7566320645905421, 'eval_roc_auc': 0.8431186550933718, 'eval_accuracy': 0.6323907455012854, 'eval_runtime': 24.03, 'eval_samples_per_second': 32.376, 'eval_steps_per_second': 1.04, 'epoch': 2.0}
{'loss': 0.1439, 'learning_rate': 3.2e-06, 'epoch': 3.0}
{'eval_loss': 0.17272433638572693, 'eval_f1': 0.7799539170506912, 'eval_roc_auc': 0.8563834791317352, 'eval_accuracy': 0.6722365038560412, 'eval_runtime': 24.1755, 'eval_samples_per_second': 32.181, 'eval_steps_per_second': 1.034, 'epoch': 3.0}
{'loss': 0.1161, 'learning_rate': 1.6e-06, 'epoch': 4.0}
{'eval_loss': 0.16971300542354584, 'eval_f1': 0.7882882882882883, 'eval_roc_auc': 0.8673507303300818, 'eval_accuracy': 0.6760925449871465, 'eval_runtime': 24.0219, 'eval_samples_per_second': 32.387, 'eval_steps_per_second': 1.041, 'epoch': 4.0}
{'loss': 0.0976, 'learning_rate': 0.0, 'epoch': 5.0}
{'eval_loss': 0.17293742299079895, 'eval_f1': 0.7864406779661016, 'eval_roc_auc': 0.8653532973700705, 'eval_accuracy': 0.6760925449871465, 'eval_runtime': 24.019, 'eval_samples_per_second': 32.391, 'eval_steps_per_second': 1.041, 'epoch': 5.0}
{'train_runtime': 1169.9344, 'train_samples_per_second': 8.261, 'train_steps_per_second': 1.034, 'train_loss': 0.16846496960348334, 'epoch': 5.0}
F1: 0.7880496054114994

SweCore, treshold 0.4, slightly better results + (randomized, no fixed seed)
78% so still not at around 83% 
=> HOW TO GET THERE?? (next treshold 0.5, epoch 6)