huggingface/tokenizers: The current process just got forked, after parallelism has already been used. Disabling parallelism to avoid deadlocks...
To disable this warning, you can either:
	- Avoid using `tokenizers` before the fork if possible
	- Explicitly set the environment variable TOKENIZERS_PARALLELISM=(true | false)
huggingface/tokenizers: The current process just got forked, after parallelism has already been used. Disabling parallelism to avoid deadlocks...
To disable this warning, you can either:
	- Avoid using `tokenizers` before the fork if possible
	- Explicitly set the environment variable TOKENIZERS_PARALLELISM=(true | false)
huggingface/tokenizers: The current process just got forked, after parallelism has already been used. Disabling parallelism to avoid deadlocks...
To disable this warning, you can either:
	- Avoid using `tokenizers` before the fork if possible
	- Explicitly set the environment variable TOKENIZERS_PARALLELISM=(true | false)
{'loss': 0.251, 'learning_rate': 6.666666666666667e-06, 'epoch': 1.0}
{'eval_loss': 0.18543945252895355, 'eval_f1': 0.7434944237918215, 'eval_roc_auc': 0.8565148588100895, 'eval_accuracy': 0.5965480043149946, 'eval_runtime': 58.0742, 'eval_samples_per_second': 31.925, 'eval_steps_per_second': 0.999, 'epoch': 1.0}
{'loss': 0.1682, 'learning_rate': 3.3333333333333333e-06, 'epoch': 2.0}
{'eval_loss': 0.17781506478786469, 'eval_f1': 0.7524844002773284, 'eval_roc_auc': 0.8633621229447112, 'eval_accuracy': 0.6148867313915858, 'eval_runtime': 57.9214, 'eval_samples_per_second': 32.009, 'eval_steps_per_second': 1.001, 'epoch': 2.0}
{'loss': 0.1289, 'learning_rate': 0.0, 'epoch': 3.0}
{'eval_loss': 0.1752886176109314, 'eval_f1': 0.7609349687572321, 'eval_roc_auc': 0.8680269022391844, 'eval_accuracy': 0.6256742179072277, 'eval_runtime': 57.9381, 'eval_samples_per_second': 32.0, 'eval_steps_per_second': 1.001, 'epoch': 3.0}
{'train_runtime': 2557.4168, 'train_samples_per_second': 8.696, 'train_steps_per_second': 1.087, 'train_loss': 0.18269340463012124, 'epoch': 3.0}
F1: 0.8386698923200987

Portuguese 