huggingface/tokenizers: The current process just got forked, after parallelism has already been used. Disabling parallelism to avoid deadlocks...
To disable this warning, you can either:
	- Avoid using `tokenizers` before the fork if possible
	- Explicitly set the environment variable TOKENIZERS_PARALLELISM=(true | false)
huggingface/tokenizers: The current process just got forked, after parallelism has already been used. Disabling parallelism to avoid deadlocks...
To disable this warning, you can either:
	- Avoid using `tokenizers` before the fork if possible
	- Explicitly set the environment variable TOKENIZERS_PARALLELISM=(true | false)
huggingface/tokenizers: The current process just got forked, after parallelism has already been used. Disabling parallelism to avoid deadlocks...
To disable this warning, you can either:
	- Avoid using `tokenizers` before the fork if possible
	- Explicitly set the environment variable TOKENIZERS_PARALLELISM=(true | false)
{'loss': 0.2966, 'learning_rate': 6.4e-06, 'epoch': 1.0}
{'eval_loss': 0.21440696716308594, 'eval_f1': 0.6873385012919898, 'eval_roc_auc': 0.7811982333330246, 'eval_accuracy': 0.5668380462724936, 'eval_runtime': 24.0175, 'eval_samples_per_second': 32.393, 'eval_steps_per_second': 1.041, 'epoch': 1.0}
{'loss': 0.1857, 'learning_rate': 4.8e-06, 'epoch': 2.0}
{'eval_loss': 0.19797781109809875, 'eval_f1': 0.723114956736712, 'eval_roc_auc': 0.8085589271543219, 'eval_accuracy': 0.615681233933162, 'eval_runtime': 24.0029, 'eval_samples_per_second': 32.413, 'eval_steps_per_second': 1.042, 'epoch': 2.0}
{'loss': 0.1455, 'learning_rate': 3.2e-06, 'epoch': 3.0}
{'eval_loss': 0.17777089774608612, 'eval_f1': 0.7568555758683729, 'eval_roc_auc': 0.8294553943350141, 'eval_accuracy': 0.6529562982005142, 'eval_runtime': 24.0443, 'eval_samples_per_second': 32.357, 'eval_steps_per_second': 1.04, 'epoch': 3.0}
{'loss': 0.1159, 'learning_rate': 1.6e-06, 'epoch': 4.0}
{'eval_loss': 0.1804979294538498, 'eval_f1': 0.7660853878532772, 'eval_roc_auc': 0.8376334855647745, 'eval_accuracy': 0.6709511568123393, 'eval_runtime': 24.01, 'eval_samples_per_second': 32.403, 'eval_steps_per_second': 1.041, 'epoch': 4.0}
{'loss': 0.0967, 'learning_rate': 0.0, 'epoch': 5.0}
{'eval_loss': 0.1788233518600464, 'eval_f1': 0.7756068679692125, 'eval_roc_auc': 0.8467161135796828, 'eval_accuracy': 0.6773778920308483, 'eval_runtime': 24.04, 'eval_samples_per_second': 32.363, 'eval_steps_per_second': 1.04, 'epoch': 5.0}
{'train_runtime': 1190.9305, 'train_samples_per_second': 8.116, 'train_steps_per_second': 1.163, 'train_loss': 0.168080176343126, 'epoch': 5.0}
F1: 0.7565588773642465

SWE
--batch 7 --treshold 0.6 --epochs 5 --learning 8e-6