learning rate: 8e-6 treshold: 0.4 batch: 8 epochs: 10
Namespace(batch=8, epochs=10, learning=8e-06, multilingual=False, test_set=['test_sets/spa_test_modified.tsv'], train_set=['main_labels_only/es_FINAL.modified.tsv.gz'], treshold=0.4)
{'dev': Dataset({
    features: ['text', 'label'],
    num_rows: 1851
}),
 'test': Dataset({
    features: ['text', 'label'],
    num_rows: 99
}),
 'train': Dataset({
    features: ['text', 'label'],
    num_rows: 7401
})}
huggingface/tokenizers: The current process just got forked, after parallelism has already been used. Disabling parallelism to avoid deadlocks...
To disable this warning, you can either:
	- Avoid using `tokenizers` before the fork if possible
	- Explicitly set the environment variable TOKENIZERS_PARALLELISM=(true | false)
huggingface/tokenizers: The current process just got forked, after parallelism has already been used. Disabling parallelism to avoid deadlocks...
To disable this warning, you can either:
	- Avoid using `tokenizers` before the fork if possible
	- Explicitly set the environment variable TOKENIZERS_PARALLELISM=(true | false)
huggingface/tokenizers: The current process just got forked, after parallelism has already been used. Disabling parallelism to avoid deadlocks...
To disable this warning, you can either:
	- Avoid using `tokenizers` before the fork if possible
	- Explicitly set the environment variable TOKENIZERS_PARALLELISM=(true | false)
{'loss': 0.2652, 'learning_rate': 7.2e-06, 'epoch': 1.0}
{'eval_loss': 0.21555174887180328, 'eval_f1': 0.66, 'eval_roc_auc': 0.8003410059676044, 'eval_accuracy': 0.5858585858585859, 'eval_runtime': 3.1551, 'eval_samples_per_second': 31.377, 'eval_steps_per_second': 1.268, 'epoch': 1.0}
{'loss': 0.1792, 'learning_rate': 6.4e-06, 'epoch': 2.0}
{'eval_loss': 0.20071811974048615, 'eval_f1': 0.660377358490566, 'eval_roc_auc': 0.814151747655584, 'eval_accuracy': 0.5656565656565656, 'eval_runtime': 3.1227, 'eval_samples_per_second': 31.704, 'eval_steps_per_second': 1.281, 'epoch': 2.0}
{'loss': 0.1407, 'learning_rate': 5.6e-06, 'epoch': 3.0}
{'eval_loss': 0.21115677058696747, 'eval_f1': 0.6790697674418604, 'eval_roc_auc': 0.8288576300085252, 'eval_accuracy': 0.5555555555555556, 'eval_runtime': 3.0764, 'eval_samples_per_second': 32.18, 'eval_steps_per_second': 1.3, 'epoch': 3.0}
{'loss': 0.1072, 'learning_rate': 4.8e-06, 'epoch': 4.0}
{'eval_loss': 0.23722459375858307, 'eval_f1': 0.6849315068493151, 'eval_roc_auc': 0.8372122762148337, 'eval_accuracy': 0.5454545454545454, 'eval_runtime': 3.0737, 'eval_samples_per_second': 32.208, 'eval_steps_per_second': 1.301, 'epoch': 4.0}
{'loss': 0.0813, 'learning_rate': 4e-06, 'epoch': 5.0}
{'eval_loss': 0.26353833079338074, 'eval_f1': 0.6820276497695852, 'eval_roc_auc': 0.8330349531116795, 'eval_accuracy': 0.5757575757575758, 'eval_runtime': 3.0695, 'eval_samples_per_second': 32.253, 'eval_steps_per_second': 1.303, 'epoch': 5.0}
{'loss': 0.0585, 'learning_rate': 3.2e-06, 'epoch': 6.0}
{'eval_loss': 0.30753740668296814, 'eval_f1': 0.6574074074074074, 'eval_roc_auc': 0.8168797953964194, 'eval_accuracy': 0.5353535353535354, 'eval_runtime': 3.1796, 'eval_samples_per_second': 31.136, 'eval_steps_per_second': 1.258, 'epoch': 6.0}
{'loss': 0.043, 'learning_rate': 2.4e-06, 'epoch': 7.0}
{'eval_loss': 0.3445197641849518, 'eval_f1': 0.6572769953051644, 'eval_roc_auc': 0.8134271099744246, 'eval_accuracy': 0.5757575757575758, 'eval_runtime': 3.1038, 'eval_samples_per_second': 31.897, 'eval_steps_per_second': 1.289, 'epoch': 7.0}
{'train_runtime': 5546.416, 'train_samples_per_second': 13.344, 'train_steps_per_second': 1.67, 'train_loss': 0.12501375633270348, 'epoch': 7.0}
F1: 0.660377358490566
