learning rate: 8e-6 treshold: 0.4 batch: 8 epochs: 5
Namespace(batch=8, checkpoint='../multilabel/spa', epochs=5, learning=8e-06, multilingual=False, test_set=['test_sets/spa_test.tsv'], train_set=['AfterDeepL/es_FINAL.tsv.gz'], treshold=0.4)
Downloading and preparing dataset csv/default to /users/annieske/.cache/huggingface/datasets/csv/default-b5294135ff44620d/0.0.0/433e0ccc46f9880962cc2b12065189766fbb2bee57a221866138fb9203c83519...
Dataset csv downloaded and prepared to /users/annieske/.cache/huggingface/datasets/csv/default-b5294135ff44620d/0.0.0/433e0ccc46f9880962cc2b12065189766fbb2bee57a221866138fb9203c83519. Subsequent calls will reuse this data.
Downloading and preparing dataset csv/default to /users/annieske/.cache/huggingface/datasets/csv/default-637bff98bd77a113/0.0.0/433e0ccc46f9880962cc2b12065189766fbb2bee57a221866138fb9203c83519...
Dataset csv downloaded and prepared to /users/annieske/.cache/huggingface/datasets/csv/default-637bff98bd77a113/0.0.0/433e0ccc46f9880962cc2b12065189766fbb2bee57a221866138fb9203c83519. Subsequent calls will reuse this data.
{'dev': Dataset({
    features: ['text', 'label'],
    num_rows: 1851
}),
 'test': Dataset({
    features: ['text', 'label'],
    num_rows: 100
}),
 'train': Dataset({
    features: ['text', 'label'],
    num_rows: 7401
})}
huggingface/tokenizers: The current process just got forked, after parallelism has already been used. Disabling parallelism to avoid deadlocks...
To disable this warning, you can either:
	- Avoid using `tokenizers` before the fork if possible
	- Explicitly set the environment variable TOKENIZERS_PARALLELISM=(true | false)
huggingface/tokenizers: The current process just got forked, after parallelism has already been used. Disabling parallelism to avoid deadlocks...
To disable this warning, you can either:
	- Avoid using `tokenizers` before the fork if possible
	- Explicitly set the environment variable TOKENIZERS_PARALLELISM=(true | false)
huggingface/tokenizers: The current process just got forked, after parallelism has already been used. Disabling parallelism to avoid deadlocks...
To disable this warning, you can either:
	- Avoid using `tokenizers` before the fork if possible
	- Explicitly set the environment variable TOKENIZERS_PARALLELISM=(true | false)
{'loss': 0.2628, 'learning_rate': 6.4e-06, 'epoch': 1.0}
{'eval_loss': 0.20134730637073517, 'eval_f1': 0.6699507389162561, 'eval_roc_auc': 0.8096943648519579, 'eval_accuracy': 0.6, 'eval_runtime': 3.1888, 'eval_samples_per_second': 31.36, 'eval_steps_per_second': 1.254, 'epoch': 1.0}
{'loss': 0.1759, 'learning_rate': 4.8e-06, 'epoch': 2.0}
{'eval_loss': 0.18695613741874695, 'eval_f1': 0.6761904761904762, 'eval_roc_auc': 0.8215349176920052, 'eval_accuracy': 0.6, 'eval_runtime': 3.0427, 'eval_samples_per_second': 32.865, 'eval_steps_per_second': 1.315, 'epoch': 2.0}
{'loss': 0.1393, 'learning_rate': 3.2e-06, 'epoch': 3.0}
{'eval_loss': 0.19929447770118713, 'eval_f1': 0.676056338028169, 'eval_roc_auc': 0.825004213719872, 'eval_accuracy': 0.59, 'eval_runtime': 3.0478, 'eval_samples_per_second': 32.81, 'eval_steps_per_second': 1.312, 'epoch': 3.0}
{'loss': 0.1108, 'learning_rate': 1.6e-06, 'epoch': 4.0}
{'eval_loss': 0.22057293355464935, 'eval_f1': 0.6794258373205742, 'eval_roc_auc': 0.8222512500702287, 'eval_accuracy': 0.58, 'eval_runtime': 3.0493, 'eval_samples_per_second': 32.794, 'eval_steps_per_second': 1.312, 'epoch': 4.0}
{'loss': 0.0902, 'learning_rate': 0.0, 'epoch': 5.0}
{'eval_loss': 0.2351432740688324, 'eval_f1': 0.6761904761904762, 'eval_roc_auc': 0.8215349176920052, 'eval_accuracy': 0.58, 'eval_runtime': 3.1474, 'eval_samples_per_second': 31.773, 'eval_steps_per_second': 1.271, 'epoch': 5.0}
{'train_runtime': 3950.5568, 'train_samples_per_second': 9.367, 'train_steps_per_second': 1.172, 'train_loss': 0.15577287447375304, 'epoch': 5.0}
F1: 0.6761904761904762
