['IN NA', 'LY', 'IP', 'IP', None]
[['IN', 'NA'], ['LY'], ['IP'], ['IP'], ['NA']]
[[0, 0, 1, 0, 0, 1, 0, 0], [0, 0, 0, 0, 1, 0, 0, 0], [0, 0, 0, 1, 0, 0, 0, 0],
 [0, 0, 0, 1, 0, 0, 0, 0], [0, 0, 0, 0, 0, 1, 0, 0]]
huggingface/tokenizers: The current process just got forked, after parallelism has already been used. Disabling parallelism to avoid deadlocks...
To disable this warning, you can either:
	- Avoid using `tokenizers` before the fork if possible
	- Explicitly set the environment variable TOKENIZERS_PARALLELISM=(true | false)
huggingface/tokenizers: The current process just got forked, after parallelism has already been used. Disabling parallelism to avoid deadlocks...
To disable this warning, you can either:
	- Avoid using `tokenizers` before the fork if possible
	- Explicitly set the environment variable TOKENIZERS_PARALLELISM=(true | false)
huggingface/tokenizers: The current process just got forked, after parallelism has already been used. Disabling parallelism to avoid deadlocks...
To disable this warning, you can either:
	- Avoid using `tokenizers` before the fork if possible
	- Explicitly set the environment variable TOKENIZERS_PARALLELISM=(true | false)
{'loss': 0.422, 'learning_rate': 2.4000000000000003e-06, 'epoch': 1.0}
{'eval_loss': 0.34637027978897095, 'eval_f1': 0.003189792663476874, 'eval_roc_auc': 0.5004020341729047, 'eval_accuracy': 0.0, 'eval_runtime': 16.8424, 'eval_samples_per_second': 32.418, 'eval_steps_per_second': 1.069, 'epoch': 1.0}
{'loss': 0.3373, 'learning_rate': 1.8e-06, 'epoch': 2.0}
{'eval_loss': 0.3286188840866089, 'eval_f1': 0.21823204419889503, 'eval_roc_auc': 0.5604656395793642, 'eval_accuracy': 0.12454212454212454, 'eval_runtime': 16.8275, 'eval_samples_per_second': 32.447, 'eval_steps_per_second': 1.07, 'epoch': 2.0}
{'loss': 0.3015, 'learning_rate': 1.2000000000000002e-06, 'epoch': 3.0}
{'eval_loss': 0.2742961049079895, 'eval_f1': 0.6138059701492536, 'eval_roc_auc': 0.7480235820044703, 'eval_accuracy': 0.48534798534798534, 'eval_runtime': 16.8187, 'eval_samples_per_second': 32.464, 'eval_steps_per_second': 1.07, 'epoch': 3.0}
{'loss': 0.2563, 'learning_rate': 6.000000000000001e-07, 'epoch': 4.0}
{'eval_loss': 0.2510108947753906, 'eval_f1': 0.6340160284951023, 'eval_roc_auc': 0.7664886515353805, 'eval_accuracy': 0.521978021978022, 'eval_runtime': 16.8287, 'eval_samples_per_second': 32.445, 'eval_steps_per_second': 1.07, 'epoch': 4.0}
{'loss': 0.2372, 'learning_rate': 0.0, 'epoch': 5.0}
{'eval_loss': 0.24446788430213928, 'eval_f1': 0.6468010517090272, 'eval_roc_auc': 0.7762544816309387, 'eval_accuracy': 0.5384615384615384, 'eval_runtime': 16.8218, 'eval_samples_per_second': 32.458, 'eval_steps_per_second': 1.07, 'epoch': 5.0}
{'train_runtime': 756.6416, 'train_samples_per_second': 6.007, 'train_steps_per_second': 0.859, 'train_loss': 0.31085152552678036, 'epoch': 5.0}
F1: 0.6489361702127661

THE REAL FRENCH CORPORA