['IN NA', 'LY', 'IP', 'IP', None]
[['IN', 'NA'], ['LY'], ['IP'], ['IP'], ['NA']]
[[0, 0, 1, 0, 0, 1, 0, 0], [0, 0, 0, 0, 1, 0, 0, 0], [0, 0, 0, 1, 0, 0, 0, 0],
 [0, 0, 0, 1, 0, 0, 0, 0], [0, 0, 0, 0, 0, 1, 0, 0]]
huggingface/tokenizers: The current process just got forked, after parallelism has already been used. Disabling parallelism to avoid deadlocks...
To disable this warning, you can either:
	- Avoid using `tokenizers` before the fork if possible
	- Explicitly set the environment variable TOKENIZERS_PARALLELISM=(true | false)
huggingface/tokenizers: The current process just got forked, after parallelism has already been used. Disabling parallelism to avoid deadlocks...
To disable this warning, you can either:
	- Avoid using `tokenizers` before the fork if possible
	- Explicitly set the environment variable TOKENIZERS_PARALLELISM=(true | false)
huggingface/tokenizers: The current process just got forked, after parallelism has already been used. Disabling parallelism to avoid deadlocks...
To disable this warning, you can either:
	- Avoid using `tokenizers` before the fork if possible
	- Explicitly set the environment variable TOKENIZERS_PARALLELISM=(true | false)
{'loss': 0.4078, 'learning_rate': 2.4000000000000003e-06, 'epoch': 1.0}
{'eval_loss': 0.3443175256252289, 'eval_f1': 0.003189792663476874, 'eval_roc_auc': 0.5004020341729047, 'eval_accuracy': 0.0, 'eval_runtime': 16.7489, 'eval_samples_per_second': 32.599, 'eval_steps_per_second': 1.075, 'epoch': 1.0}
{'loss': 0.3406, 'learning_rate': 1.8e-06, 'epoch': 2.0}
{'eval_loss': 0.3284718692302704, 'eval_f1': 0.11094452773613193, 'eval_roc_auc': 0.5287604446377943, 'eval_accuracy': 0.06227106227106227, 'eval_runtime': 16.8063, 'eval_samples_per_second': 32.488, 'eval_steps_per_second': 1.071, 'epoch': 2.0}
{'loss': 0.3236, 'learning_rate': 1.2000000000000002e-06, 'epoch': 3.0}
{'eval_loss': 0.3083881437778473, 'eval_f1': 0.43913043478260866, 'eval_roc_auc': 0.6494352019921694, 'eval_accuracy': 0.31684981684981683, 'eval_runtime': 16.7953, 'eval_samples_per_second': 32.509, 'eval_steps_per_second': 1.072, 'epoch': 3.0}
{'loss': 0.3002, 'learning_rate': 6.000000000000001e-07, 'epoch': 4.0}
{'eval_loss': 0.28531500697135925, 'eval_f1': 0.5845552297165201, 'eval_roc_auc': 0.7264832510763415, 'eval_accuracy': 0.45787545787545786, 'eval_runtime': 16.7962, 'eval_samples_per_second': 32.507, 'eval_steps_per_second': 1.072, 'epoch': 4.0}
{'loss': 0.2779, 'learning_rate': 0.0, 'epoch': 5.0}
{'eval_loss': 0.2756560146808624, 'eval_f1': 0.6032045240339302, 'eval_roc_auc': 0.7410674907367125, 'eval_accuracy': 0.489010989010989, 'eval_runtime': 16.8086, 'eval_samples_per_second': 32.483, 'eval_steps_per_second': 1.071, 'epoch': 5.0}
{'train_runtime': 610.8732, 'train_samples_per_second': 7.44, 'train_steps_per_second': 1.064, 'train_loss': 0.33000892639160156, 'epoch': 5.0}
F1: 0.5714285714285714

FRE rerun